[ 2017-08-30T15:31:43+08:00 ] 127.0.0.1 /index.php?c=cart
INFO: [ app_init ] --START--
INFO: Run Behavior\BuildLiteBehavior [ RunTime:0.000000s ]
INFO: [ app_init ] --END-- [ RunTime:0.000000s ]
INFO: [ app_begin ] --START--
INFO: Run Behavior\ReadHtmlCacheBehavior [ RunTime:0.000000s ]
INFO: [ app_begin ] --END-- [ RunTime:0.000000s ]
ERR: 无法加载控制器:Cart

[ 2017-08-30T15:33:15+08:00 ] 127.0.0.1 /index.php?c=cart
INFO: [ app_init ] --START--
INFO: Run Behavior\BuildLiteBehavior [ RunTime:0.000000s ]
INFO: [ app_init ] --END-- [ RunTime:0.000000s ]
INFO: [ app_begin ] --START--
INFO: Run Behavior\ReadHtmlCacheBehavior [ RunTime:0.000000s ]
INFO: [ app_begin ] --END-- [ RunTime:0.000000s ]
INFO: [ view_parse ] --START--
INFO: [ template_filter ] --START--
INFO: Run Behavior\ContentReplaceBehavior [ RunTime:0.000000s ]
INFO: [ template_filter ] --END-- [ RunTime:0.000000s ]
INFO: Run Behavior\ParseTemplateBehavior [ RunTime:0.015625s ]
INFO: [ view_parse ] --END-- [ RunTime:0.015625s ]
INFO: [ view_filter ] --START--
INFO: Run Behavior\WriteHtmlCacheBehavior [ RunTime:0.000000s ]
INFO: [ view_filter ] --END-- [ RunTime:0.000000s ]
INFO: [ app_end ] --START--
INFO: Run Behavior\ShowPageTraceBehavior [ RunTime:0.000000s ]
INFO: [ app_end ] --END-- [ RunTime:0.000000s ]

[ 2017-08-30T15:33:47+08:00 ] 127.0.0.1 /index.php?c=cart
INFO: [ app_init ] --START--
INFO: Run Behavior\BuildLiteBehavior [ RunTime:0.000000s ]
INFO: [ app_init ] --END-- [ RunTime:0.000000s ]
INFO: [ app_begin ] --START--
INFO: Run Behavior\ReadHtmlCacheBehavior [ RunTime:0.000000s ]
INFO: [ app_begin ] --END-- [ RunTime:0.000000s ]
INFO: [ view_parse ] --START--
INFO: [ template_filter ] --START--
INFO: Run Behavior\ContentReplaceBehavior [ RunTime:0.000000s ]
INFO: [ template_filter ] --END-- [ RunTime:0.000000s ]
INFO: Run Behavior\ParseTemplateBehavior [ RunTime:0.000000s ]
INFO: [ view_parse ] --END-- [ RunTime:0.000000s ]
INFO: [ view_filter ] --START--
INFO: Run Behavior\WriteHtmlCacheBehavior [ RunTime:0.000000s ]
INFO: [ view_filter ] --END-- [ RunTime:0.000000s ]
INFO: [ app_end ] --START--
INFO: Run Behavior\ShowPageTraceBehavior [ RunTime:0.000000s ]
INFO: [ app_end ] --END-- [ RunTime:0.000000s ]

[ 2017-08-30T15:36:33+08:00 ] 127.0.0.1 /index.php?c=cart
INFO: [ app_init ] --START--
INFO: Run Behavior\BuildLiteBehavior [ RunTime:0.000000s ]
INFO: [ app_init ] --END-- [ RunTime:0.000000s ]
INFO: [ app_begin ] --START--
INFO: Run Behavior\ReadHtmlCacheBehavior [ RunTime:0.000000s ]
INFO: [ app_begin ] --END-- [ RunTime:0.000000s ]
INFO: [ view_parse ] --START--
INFO: [ template_filter ] --START--
INFO: Run Behavior\ContentReplaceBehavior [ RunTime:0.000000s ]
INFO: [ template_filter ] --END-- [ RunTime:0.000000s ]
INFO: Run Behavior\ParseTemplateBehavior [ RunTime:0.015625s ]
INFO: [ view_parse ] --END-- [ RunTime:0.015625s ]
INFO: [ view_filter ] --START--
INFO: Run Behavior\WriteHtmlCacheBehavior [ RunTime:0.000000s ]
INFO: [ view_filter ] --END-- [ RunTime:0.000000s ]
INFO: [ app_end ] --START--
INFO: Run Behavior\ShowPageTraceBehavior [ RunTime:0.000000s ]
INFO: [ app_end ] --END-- [ RunTime:0.000000s ]

[ 2017-08-30T15:37:13+08:00 ] 127.0.0.1 /index.php?c=cart
INFO: [ app_init ] --START--
INFO: Run Behavior\BuildLiteBehavior [ RunTime:0.000000s ]
INFO: [ app_init ] --END-- [ RunTime:0.000000s ]
INFO: [ app_begin ] --START--
INFO: Run Behavior\ReadHtmlCacheBehavior [ RunTime:0.000000s ]
INFO: [ app_begin ] --END-- [ RunTime:0.000000s ]
INFO: [ view_parse ] --START--
INFO: [ template_filter ] --START--
INFO: Run Behavior\ContentReplaceBehavior [ RunTime:0.000000s ]
INFO: [ template_filter ] --END-- [ RunTime:0.000000s ]
INFO: Run Behavior\ParseTemplateBehavior [ RunTime:0.000000s ]
INFO: [ view_parse ] --END-- [ RunTime:0.000000s ]
INFO: [ view_filter ] --START--
INFO: Run Behavior\WriteHtmlCacheBehavior [ RunTime:0.000000s ]
INFO: [ view_filter ] --END-- [ RunTime:0.000000s ]
INFO: [ app_end ] --START--
INFO: Run Behavior\ShowPageTraceBehavior [ RunTime:0.000000s ]
INFO: [ app_end ] --END-- [ RunTime:0.000000s ]

[ 2017-08-30T15:37:17+08:00 ] 127.0.0.1 /index.php?c=cart
INFO: [ app_init ] --START--
INFO: Run Behavior\BuildLiteBehavior [ RunTime:0.000000s ]
INFO: [ app_init ] --END-- [ RunTime:0.000000s ]
INFO: [ app_begin ] --START--
INFO: Run Behavior\ReadHtmlCacheBehavior [ RunTime:0.015625s ]
INFO: [ app_begin ] --END-- [ RunTime:0.015625s ]
INFO: [ view_parse ] --START--
INFO: [ template_filter ] --START--
INFO: Run Behavior\ContentReplaceBehavior [ RunTime:0.000000s ]
INFO: [ template_filter ] --END-- [ RunTime:0.000000s ]
INFO: Run Behavior\ParseTemplateBehavior [ RunTime:0.000000s ]
INFO: [ view_parse ] --END-- [ RunTime:0.000000s ]
INFO: [ view_filter ] --START--
INFO: Run Behavior\WriteHtmlCacheBehavior [ RunTime:0.000000s ]
INFO: [ view_filter ] --END-- [ RunTime:0.000000s ]
INFO: [ app_end ] --START--
INFO: Run Behavior\ShowPageTraceBehavior [ RunTime:0.000000s ]
INFO: [ app_end ] --END-- [ RunTime:0.000000s ]

[ 2017-08-30T15:37:18+08:00 ] 127.0.0.1 /index.php?c=cart
INFO: [ app_init ] --START--
INFO: Run Behavior\BuildLiteBehavior [ RunTime:0.000000s ]
INFO: [ app_init ] --END-- [ RunTime:0.000000s ]
INFO: [ app_begin ] --START--
INFO: Run Behavior\ReadHtmlCacheBehavior [ RunTime:0.000000s ]
INFO: [ app_begin ] --END-- [ RunTime:0.000000s ]
INFO: [ view_parse ] --START--
INFO: [ template_filter ] --START--
INFO: Run Behavior\ContentReplaceBehavior [ RunTime:0.000000s ]
INFO: [ template_filter ] --END-- [ RunTime:0.000000s ]
INFO: Run Behavior\ParseTemplateBehavior [ RunTime:0.000000s ]
INFO: [ view_parse ] --END-- [ RunTime:0.000000s ]
INFO: [ view_filter ] --START--
INFO: Run Behavior\WriteHtmlCacheBehavior [ RunTime:0.000000s ]
INFO: [ view_filter ] --END-- [ RunTime:0.000000s ]
INFO: [ app_end ] --START--
INFO: Run Behavior\ShowPageTraceBehavior [ RunTime:0.000000s ]
INFO: [ app_end ] --END-- [ RunTime:0.000000s ]

[ 2017-08-30T15:38:32+08:00 ] 127.0.0.1 /index.php?c=cart
INFO: [ app_init ] --START--
INFO: Run Behavior\BuildLiteBehavior [ RunTime:0.000000s ]
INFO: [ app_init ] --END-- [ RunTime:0.000000s ]
INFO: [ app_begin ] --START--
INFO: Run Behavior\ReadHtmlCacheBehavior [ RunTime:0.000000s ]
INFO: [ app_begin ] --END-- [ RunTime:0.000000s ]
INFO: [ view_parse ] --START--
INFO: [ template_filter ] --START--
INFO: Run Behavior\ContentReplaceBehavior [ RunTime:0.000000s ]
INFO: [ template_filter ] --END-- [ RunTime:0.000000s ]
INFO: Run Behavior\ParseTemplateBehavior [ RunTime:0.000000s ]
INFO: [ view_parse ] --END-- [ RunTime:0.000000s ]
INFO: [ view_filter ] --START--
INFO: Run Behavior\WriteHtmlCacheBehavior [ RunTime:0.000000s ]
INFO: [ view_filter ] --END-- [ RunTime:0.000000s ]
INFO: [ app_end ] --START--
INFO: Run Behavior\ShowPageTraceBehavior [ RunTime:0.000000s ]
INFO: [ app_end ] --END-- [ RunTime:0.000000s ]

[ 2017-08-30T15:39:51+08:00 ] 127.0.0.1 /index.php?c=cart
INFO: [ app_init ] --START--
INFO: Run Behavior\BuildLiteBehavior [ RunTime:0.000000s ]
INFO: [ app_init ] --END-- [ RunTime:0.000000s ]
INFO: [ app_begin ] --START--
INFO: Run Behavior\ReadHtmlCacheBehavior [ RunTime:0.000000s ]
INFO: [ app_begin ] --END-- [ RunTime:0.000000s ]
INFO: [ view_parse ] --START--
INFO: [ template_filter ] --START--
INFO: Run Behavior\ContentReplaceBehavior [ RunTime:0.000000s ]
INFO: [ template_filter ] --END-- [ RunTime:0.000000s ]
INFO: Run Behavior\ParseTemplateBehavior [ RunTime:0.015625s ]
INFO: [ view_parse ] --END-- [ RunTime:0.015625s ]
INFO: [ view_filter ] --START--
INFO: Run Behavior\WriteHtmlCacheBehavior [ RunTime:0.000000s ]
INFO: [ view_filter ] --END-- [ RunTime:0.000000s ]
INFO: [ app_end ] --START--
INFO: Run Behavior\ShowPageTraceBehavior [ RunTime:0.000000s ]
INFO: [ app_end ] --END-- [ RunTime:0.000000s ]

[ 2017-08-30T15:40:30+08:00 ] 127.0.0.1 /index.php?c=cart
INFO: [ app_init ] --START--
INFO: Run Behavior\BuildLiteBehavior [ RunTime:0.000000s ]
INFO: [ app_init ] --END-- [ RunTime:0.000000s ]
INFO: [ app_begin ] --START--
INFO: Run Behavior\ReadHtmlCacheBehavior [ RunTime:0.000000s ]
INFO: [ app_begin ] --END-- [ RunTime:0.000000s ]
INFO: [ view_parse ] --START--
INFO: [ template_filter ] --START--
INFO: Run Behavior\ContentReplaceBehavior [ RunTime:0.000000s ]
INFO: [ template_filter ] --END-- [ RunTime:0.000000s ]
INFO: Run Behavior\ParseTemplateBehavior [ RunTime:0.000000s ]
INFO: [ view_parse ] --END-- [ RunTime:0.000000s ]
INFO: [ view_filter ] --START--
INFO: Run Behavior\WriteHtmlCacheBehavior [ RunTime:0.000000s ]
INFO: [ view_filter ] --END-- [ RunTime:0.000000s ]
INFO: [ app_end ] --START--
INFO: Run Behavior\ShowPageTraceBehavior [ RunTime:0.000000s ]
INFO: [ app_end ] --END-- [ RunTime:0.000000s ]

[ 2017-08-30T15:41:44+08:00 ] 127.0.0.1 /index.php?c=cart
INFO: [ app_init ] --START--
INFO: Run Behavior\BuildLiteBehavior [ RunTime:0.000000s ]
INFO: [ app_init ] --END-- [ RunTime:0.000000s ]
INFO: [ app_begin ] --START--
INFO: Run Behavior\ReadHtmlCacheBehavior [ RunTime:0.000000s ]
INFO: [ app_begin ] --END-- [ RunTime:0.000000s ]
INFO: [ view_parse ] --START--
INFO: [ template_filter ] --START--
INFO: Run Behavior\ContentReplaceBehavior [ RunTime:0.000000s ]
INFO: [ template_filter ] --END-- [ RunTime:0.000000s ]
INFO: Run Behavior\ParseTemplateBehavior [ RunTime:0.000000s ]
INFO: [ view_parse ] --END-- [ RunTime:0.000000s ]
INFO: [ view_filter ] --START--
INFO: Run Behavior\WriteHtmlCacheBehavior [ RunTime:0.000000s ]
INFO: [ view_filter ] --END-- [ RunTime:0.000000s ]
INFO: [ app_end ] --START--
INFO: Run Behavior\ShowPageTraceBehavior [ RunTime:0.000000s ]
INFO: [ app_end ] --END-- [ RunTime:0.000000s ]

[ 2017-08-30T15:42:04+08:00 ] 127.0.0.1 /index.php?c=cart
INFO: [ app_init ] --START--
INFO: Run Behavior\BuildLiteBehavior [ RunTime:0.000000s ]
INFO: [ app_init ] --END-- [ RunTime:0.000000s ]
INFO: [ app_begin ] --START--
INFO: Run Behavior\ReadHtmlCacheBehavior [ RunTime:0.000000s ]
INFO: [ app_begin ] --END-- [ RunTime:0.000000s ]
INFO: [ view_parse ] --START--
INFO: [ template_filter ] --START--
INFO: Run Behavior\ContentReplaceBehavior [ RunTime:0.000000s ]
INFO: [ template_filter ] --END-- [ RunTime:0.000000s ]
INFO: Run Behavior\ParseTemplateBehavior [ RunTime:0.000000s ]
INFO: [ view_parse ] --END-- [ RunTime:0.000000s ]
INFO: [ view_filter ] --START--
INFO: Run Behavior\WriteHtmlCacheBehavior [ RunTime:0.000000s ]
INFO: [ view_filter ] --END-- [ RunTime:0.000000s ]
INFO: [ app_end ] --START--
INFO: Run Behavior\ShowPageTraceBehavior [ RunTime:0.000000s ]
INFO: [ app_end ] --END-- [ RunTime:0.000000s ]

[ 2017-08-30T15:45:08+08:00 ] 127.0.0.1 /index.php?c=cart
INFO: [ app_init ] --START--
INFO: Run Behavior\BuildLiteBehavior [ RunTime:0.000000s ]
INFO: [ app_init ] --END-- [ RunTime:0.000000s ]
INFO: [ app_begin ] --START--
INFO: Run Behavior\ReadHtmlCacheBehavior [ RunTime:0.000000s ]
INFO: [ app_begin ] --END-- [ RunTime:0.000000s ]
INFO: [ view_parse ] --START--
INFO: [ template_filter ] --START--
INFO: Run Behavior\ContentReplaceBehavior [ RunTime:0.000000s ]
INFO: [ template_filter ] --END-- [ RunTime:0.000000s ]
INFO: Run Behavior\ParseTemplateBehavior [ RunTime:0.015625s ]
INFO: [ view_parse ] --END-- [ RunTime:0.015625s ]
INFO: [ view_filter ] --START--
INFO: Run Behavior\WriteHtmlCacheBehavior [ RunTime:0.000000s ]
INFO: [ view_filter ] --END-- [ RunTime:0.000000s ]
INFO: [ app_end ] --START--
INFO: Run Behavior\ShowPageTraceBehavior [ RunTime:0.000000s ]
INFO: [ app_end ] --END-- [ RunTime:0.000000s ]

[ 2017-08-30T15:46:28+08:00 ] 127.0.0.1 /index.php?c=cart
INFO: [ app_init ] --START--
INFO: Run Behavior\BuildLiteBehavior [ RunTime:0.000000s ]
INFO: [ app_init ] --END-- [ RunTime:0.000000s ]
INFO: [ app_begin ] --START--
INFO: Run Behavior\ReadHtmlCacheBehavior [ RunTime:0.000000s ]
INFO: [ app_begin ] --END-- [ RunTime:0.000000s ]
INFO: [ view_parse ] --START--
INFO: [ template_filter ] --START--
INFO: Run Behavior\ContentReplaceBehavior [ RunTime:0.000000s ]
INFO: [ template_filter ] --END-- [ RunTime:0.000000s ]
INFO: Run Behavior\ParseTemplateBehavior [ RunTime:0.000000s ]
INFO: [ view_parse ] --END-- [ RunTime:0.000000s ]
INFO: [ view_filter ] --START--
INFO: Run Behavior\WriteHtmlCacheBehavior [ RunTime:0.000000s ]
INFO: [ view_filter ] --END-- [ RunTime:0.000000s ]
INFO: [ app_end ] --START--
INFO: Run Behavior\ShowPageTraceBehavior [ RunTime:0.000000s ]
INFO: [ app_end ] --END-- [ RunTime:0.000000s ]

[ 2017-08-30T16:03:48+08:00 ] 127.0.0.1 /index.php?c=cart
INFO: [ app_init ] --START--
INFO: Run Behavior\BuildLiteBehavior [ RunTime:0.000000s ]
INFO: [ app_init ] --END-- [ RunTime:0.000000s ]
INFO: [ app_begin ] --START--
INFO: Run Behavior\ReadHtmlCacheBehavior [ RunTime:0.000000s ]
INFO: [ app_begin ] --END-- [ RunTime:0.000000s ]
INFO: [ view_parse ] --START--
INFO: [ template_filter ] --START--
INFO: Run Behavior\ContentReplaceBehavior [ RunTime:0.000000s ]
INFO: [ template_filter ] --END-- [ RunTime:0.000000s ]
INFO: Run Behavior\ParseTemplateBehavior [ RunTime:0.000000s ]
INFO: [ view_parse ] --END-- [ RunTime:0.000000s ]
INFO: [ view_filter ] --START--
INFO: Run Behavior\WriteHtmlCacheBehavior [ RunTime:0.000000s ]
INFO: [ view_filter ] --END-- [ RunTime:0.000000s ]
INFO: [ app_end ] --START--
INFO: Run Behavior\ShowPageTraceBehavior [ RunTime:0.000000s ]
INFO: [ app_end ] --END-- [ RunTime:0.000000s ]

[ 2017-08-30T16:07:01+08:00 ] 127.0.0.1 /index.php?c=cart
INFO: [ app_init ] --START--
INFO: Run Behavior\BuildLiteBehavior [ RunTime:0.000000s ]
INFO: [ app_init ] --END-- [ RunTime:0.000000s ]
INFO: [ app_begin ] --START--
INFO: Run Behavior\ReadHtmlCacheBehavior [ RunTime:0.000000s ]
INFO: [ app_begin ] --END-- [ RunTime:0.000000s ]
INFO: [ view_parse ] --START--
INFO: [ template_filter ] --START--
INFO: Run Behavior\ContentReplaceBehavior [ RunTime:0.000000s ]
INFO: [ template_filter ] --END-- [ RunTime:0.000000s ]
INFO: Run Behavior\ParseTemplateBehavior [ RunTime:0.015625s ]
INFO: [ view_parse ] --END-- [ RunTime:0.015625s ]
INFO: [ view_filter ] --START--
INFO: Run Behavior\WriteHtmlCacheBehavior [ RunTime:0.000000s ]
INFO: [ view_filter ] --END-- [ RunTime:0.000000s ]
INFO: [ app_end ] --START--
INFO: Run Behavior\ShowPageTraceBehavior [ RunTime:0.000000s ]
INFO: [ app_end ] --END-- [ RunTime:0.000000s ]

[ 2017-08-30T16:12:19+08:00 ] 127.0.0.1 /index.php?c=cart
INFO: [ app_init ] --START--
INFO: Run Behavior\BuildLiteBehavior [ RunTime:0.000000s ]
INFO: [ app_init ] --END-- [ RunTime:0.000000s ]
INFO: [ app_begin ] --START--
INFO: Run Behavior\ReadHtmlCacheBehavior [ RunTime:0.000000s ]
INFO: [ app_begin ] --END-- [ RunTime:0.000000s ]
INFO: [ view_parse ] --START--
INFO: [ template_filter ] --START--
INFO: Run Behavior\ContentReplaceBehavior [ RunTime:0.000000s ]
INFO: [ template_filter ] --END-- [ RunTime:0.000000s ]
INFO: Run Behavior\ParseTemplateBehavior [ RunTime:0.000000s ]
INFO: [ view_parse ] --END-- [ RunTime:0.000000s ]
INFO: [ view_filter ] --START--
INFO: Run Behavior\WriteHtmlCacheBehavior [ RunTime:0.000000s ]
INFO: [ view_filter ] --END-- [ RunTime:0.000000s ]
INFO: [ app_end ] --START--
INFO: Run Behavior\ShowPageTraceBehavior [ RunTime:0.000000s ]
INFO: [ app_end ] --END-- [ RunTime:0.000000s ]

[ 2017-08-30T16:12:50+08:00 ] 127.0.0.1 /index.php?c=cart
INFO: [ app_init ] --START--
INFO: Run Behavior\BuildLiteBehavior [ RunTime:0.000000s ]
INFO: [ app_init ] --END-- [ RunTime:0.000000s ]
INFO: [ app_begin ] --START--
INFO: Run Behavior\ReadHtmlCacheBehavior [ RunTime:0.000000s ]
INFO: [ app_begin ] --END-- [ RunTime:0.000000s ]
INFO: [ view_parse ] --START--
INFO: [ template_filter ] --START--
INFO: Run Behavior\ContentReplaceBehavior [ RunTime:0.000000s ]
INFO: [ template_filter ] --END-- [ RunTime:0.000000s ]
INFO: Run Behavior\ParseTemplateBehavior [ RunTime:0.000000s ]
INFO: [ view_parse ] --END-- [ RunTime:0.000000s ]
INFO: [ view_filter ] --START--
INFO: Run Behavior\WriteHtmlCacheBehavior [ RunTime:0.000000s ]
INFO: [ view_filter ] --END-- [ RunTime:0.000000s ]
INFO: [ app_end ] --START--
INFO: Run Behavior\ShowPageTraceBehavior [ RunTime:0.000000s ]
INFO: [ app_end ] --END-- [ RunTime:0.000000s ]

[ 2017-08-30T16:42:20+08:00 ] 127.0.0.1 /index.php?c=goods
INFO: [ app_init ] --START--
INFO: Run Behavior\BuildLiteBehavior [ RunTime:0.000000s ]
INFO: [ app_init ] --END-- [ RunTime:0.000000s ]
INFO: [ app_begin ] --START--
INFO: Run Behavior\ReadHtmlCacheBehavior [ RunTime:0.000000s ]
INFO: [ app_begin ] --END-- [ RunTime:0.000000s ]
SQL: SHOW COLUMNS FROM `v_goods_list` [ RunTime:0.0000s ]
SQL: SELECT * FROM `v_goods_list` WHERE `is_del` = 0 AND `status` = 0 LIMIT 0,9   [ RunTime:0.0000s ]
SQL: SELECT COUNT(*) AS tp_count FROM `v_goods_list` WHERE `is_del` = 0 AND `status` = 0 LIMIT 1   [ RunTime:0.0000s ]
INFO: [ view_parse ] --START--
INFO: [ template_filter ] --START--
INFO: Run Behavior\ContentReplaceBehavior [ RunTime:0.000000s ]
INFO: [ template_filter ] --END-- [ RunTime:0.000000s ]
INFO: Run Behavior\ParseTemplateBehavior [ RunTime:0.000000s ]
INFO: [ view_parse ] --END-- [ RunTime:0.000000s ]
INFO: [ view_filter ] --START--
INFO: Run Behavior\WriteHtmlCacheBehavior [ RunTime:0.000000s ]
INFO: [ view_filter ] --END-- [ RunTime:0.000000s ]
INFO: [ app_end ] --START--
INFO: Run Behavior\ShowPageTraceBehavior [ RunTime:0.000000s ]
INFO: [ app_end ] --END-- [ RunTime:0.000000s ]

[ 2017-08-30T16:43:05+08:00 ] 127.0.0.1 /index.php?c=goods
INFO: [ app_init ] --START--
INFO: Run Behavior\BuildLiteBehavior [ RunTime:0.000000s ]
INFO: [ app_init ] --END-- [ RunTime:0.000000s ]
INFO: [ app_begin ] --START--
INFO: Run Behavior\ReadHtmlCacheBehavior [ RunTime:0.000000s ]
INFO: [ app_begin ] --END-- [ RunTime:0.000000s ]
SQL: SHOW COLUMNS FROM `v_goods_list` [ RunTime:0.0000s ]
SQL: SELECT * FROM `v_goods_list` WHERE `is_del` = 0 AND `status` = 0 LIMIT 0,9   [ RunTime:0.0000s ]
SQL: SELECT COUNT(*) AS tp_count FROM `v_goods_list` WHERE `is_del` = 0 AND `status` = 0 LIMIT 1   [ RunTime:0.0000s ]
INFO: [ view_parse ] --START--
INFO: [ template_filter ] --START--
INFO: Run Behavior\ContentReplaceBehavior [ RunTime:0.000000s ]
INFO: [ template_filter ] --END-- [ RunTime:0.000000s ]
INFO: Run Behavior\ParseTemplateBehavior [ RunTime:0.000000s ]
INFO: [ view_parse ] --END-- [ RunTime:0.000000s ]
INFO: [ view_filter ] --START--
INFO: Run Behavior\WriteHtmlCacheBehavior [ RunTime:0.000000s ]
INFO: [ view_filter ] --END-- [ RunTime:0.000000s ]
INFO: [ app_end ] --START--
INFO: Run Behavior\ShowPageTraceBehavior [ RunTime:0.000000s ]
INFO: [ app_end ] --END-- [ RunTime:0.000000s ]

[ 2017-08-30T16:44:52+08:00 ] 127.0.0.1 /index.php?c=goods
INFO: [ app_init ] --START--
INFO: Run Behavior\BuildLiteBehavior [ RunTime:0.000000s ]
INFO: [ app_init ] --END-- [ RunTime:0.000000s ]
INFO: [ app_begin ] --START--
INFO: Run Behavior\ReadHtmlCacheBehavior [ RunTime:0.000000s ]
INFO: [ app_begin ] --END-- [ RunTime:0.000000s ]
SQL: SHOW COLUMNS FROM `v_goods_list` [ RunTime:0.0000s ]
SQL: SELECT * FROM `v_goods_list` WHERE `is_del` = 0 AND `status` = 0 LIMIT 0,9   [ RunTime:0.0000s ]
SQL: SELECT COUNT(*) AS tp_count FROM `v_goods_list` WHERE `is_del` = 0 AND `status` = 0 LIMIT 1   [ RunTime:0.0000s ]
INFO: [ view_parse ] --START--
INFO: [ template_filter ] --START--
INFO: Run Behavior\ContentReplaceBehavior [ RunTime:0.000000s ]
INFO: [ template_filter ] --END-- [ RunTime:0.000000s ]
INFO: Run Behavior\ParseTemplateBehavior [ RunTime:0.000000s ]
INFO: [ view_parse ] --END-- [ RunTime:0.000000s ]
INFO: [ view_filter ] --START--
INFO: Run Behavior\WriteHtmlCacheBehavior [ RunTime:0.000000s ]
INFO: [ view_filter ] --END-- [ RunTime:0.000000s ]
INFO: [ app_end ] --START--
INFO: Run Behavior\ShowPageTraceBehavior [ RunTime:0.000000s ]
INFO: [ app_end ] --END-- [ RunTime:0.000000s ]

[ 2017-08-30T16:46:26+08:00 ] 127.0.0.1 /index.php?c=goods
INFO: [ app_init ] --START--
INFO: Run Behavior\BuildLiteBehavior [ RunTime:0.000000s ]
INFO: [ app_init ] --END-- [ RunTime:0.000000s ]
INFO: [ app_begin ] --START--
INFO: Run Behavior\ReadHtmlCacheBehavior [ RunTime:0.000000s ]
INFO: [ app_begin ] --END-- [ RunTime:0.000000s ]
SQL: SHOW COLUMNS FROM `v_goods_list` [ RunTime:0.0000s ]
SQL: SELECT * FROM `v_goods_list` WHERE `is_del` = 0 AND `status` = 0 LIMIT 0,9   [ RunTime:0.0000s ]
SQL: SELECT COUNT(*) AS tp_count FROM `v_goods_list` WHERE `is_del` = 0 AND `status` = 0 LIMIT 1   [ RunTime:0.0000s ]
INFO: [ view_parse ] --START--
INFO: [ template_filter ] --START--
INFO: Run Behavior\ContentReplaceBehavior [ RunTime:0.000000s ]
INFO: [ template_filter ] --END-- [ RunTime:0.000000s ]
INFO: Run Behavior\ParseTemplateBehavior [ RunTime:0.000000s ]
INFO: [ view_parse ] --END-- [ RunTime:0.000000s ]
INFO: [ view_filter ] --START--
INFO: Run Behavior\WriteHtmlCacheBehavior [ RunTime:0.000000s ]
INFO: [ view_filter ] --END-- [ RunTime:0.000000s ]
INFO: [ app_end ] --START--
INFO: Run Behavior\ShowPageTraceBehavior [ RunTime:0.000000s ]
INFO: [ app_end ] --END-- [ RunTime:0.000000s ]

[ 2017-08-30T16:46:51+08:00 ] 127.0.0.1 /index.php?c=goods
INFO: [ app_init ] --START--
INFO: Run Behavior\BuildLiteBehavior [ RunTime:0.000000s ]
INFO: [ app_init ] --END-- [ RunTime:0.000000s ]
INFO: [ app_begin ] --START--
INFO: Run Behavior\ReadHtmlCacheBehavior [ RunTime:0.000000s ]
INFO: [ app_begin ] --END-- [ RunTime:0.000000s ]
SQL: SHOW COLUMNS FROM `v_goods_list` [ RunTime:0.0000s ]
SQL: SELECT * FROM `v_goods_list` WHERE `is_del` = 0 AND `status` = 0 LIMIT 0,9   [ RunTime:0.0000s ]
SQL: SELECT COUNT(*) AS tp_count FROM `v_goods_list` WHERE `is_del` = 0 AND `status` = 0 LIMIT 1   [ RunTime:0.0000s ]
INFO: [ view_parse ] --START--
INFO: [ template_filter ] --START--
INFO: Run Behavior\ContentReplaceBehavior [ RunTime:0.000000s ]
INFO: [ template_filter ] --END-- [ RunTime:0.000000s ]
INFO: Run Behavior\ParseTemplateBehavior [ RunTime:0.000000s ]
INFO: [ view_parse ] --END-- [ RunTime:0.000000s ]
INFO: [ view_filter ] --START--
INFO: Run Behavior\WriteHtmlCacheBehavior [ RunTime:0.000000s ]
INFO: [ view_filter ] --END-- [ RunTime:0.000000s ]
INFO: [ app_end ] --START--
INFO: Run Behavior\ShowPageTraceBehavior [ RunTime:0.000000s ]
INFO: [ app_end ] --END-- [ RunTime:0.000000s ]

[ 2017-08-30T16:47:46+08:00 ] 127.0.0.1 /index.php?c=goods
INFO: [ app_init ] --START--
INFO: Run Behavior\BuildLiteBehavior [ RunTime:0.000000s ]
INFO: [ app_init ] --END-- [ RunTime:0.000000s ]
INFO: [ app_begin ] --START--
INFO: Run Behavior\ReadHtmlCacheBehavior [ RunTime:0.000000s ]
INFO: [ app_begin ] --END-- [ RunTime:0.000000s ]
SQL: SHOW COLUMNS FROM `v_goods_list` [ RunTime:0.0000s ]
SQL: SELECT * FROM `v_goods_list` WHERE `is_del` = 0 AND `status` = 0 LIMIT 0,9   [ RunTime:0.0000s ]
SQL: SELECT COUNT(*) AS tp_count FROM `v_goods_list` WHERE `is_del` = 0 AND `status` = 0 LIMIT 1   [ RunTime:0.0000s ]
INFO: [ view_parse ] --START--
INFO: [ template_filter ] --START--
INFO: Run Behavior\ContentReplaceBehavior [ RunTime:0.000000s ]
INFO: [ template_filter ] --END-- [ RunTime:0.000000s ]
INFO: Run Behavior\ParseTemplateBehavior [ RunTime:0.000000s ]
INFO: [ view_parse ] --END-- [ RunTime:0.000000s ]
INFO: [ view_filter ] --START--
INFO: Run Behavior\WriteHtmlCacheBehavior [ RunTime:0.000000s ]
INFO: [ view_filter ] --END-- [ RunTime:0.000000s ]
INFO: [ app_end ] --START--
INFO: Run Behavior\ShowPageTraceBehavior [ RunTime:0.000000s ]
INFO: [ app_end ] --END-- [ RunTime:0.000000s ]

[ 2017-08-30T16:48:14+08:00 ] 127.0.0.1 /index.php?c=goods
INFO: [ app_init ] --START--
INFO: Run Behavior\BuildLiteBehavior [ RunTime:0.000000s ]
INFO: [ app_init ] --END-- [ RunTime:0.000000s ]
INFO: [ app_begin ] --START--
INFO: Run Behavior\ReadHtmlCacheBehavior [ RunTime:0.000000s ]
INFO: [ app_begin ] --END-- [ RunTime:0.000000s ]
SQL: SHOW COLUMNS FROM `v_goods_list` [ RunTime:0.0000s ]
SQL: SELECT * FROM `v_goods_list` WHERE `is_del` = 0 AND `status` = 0 LIMIT 0,9   [ RunTime:0.0000s ]
SQL: SELECT COUNT(*) AS tp_count FROM `v_goods_list` WHERE `is_del` = 0 AND `status` = 0 LIMIT 1   [ RunTime:0.0000s ]
INFO: [ view_parse ] --START--
INFO: [ template_filter ] --START--
INFO: Run Behavior\ContentReplaceBehavior [ RunTime:0.000000s ]
INFO: [ template_filter ] --END-- [ RunTime:0.000000s ]
INFO: Run Behavior\ParseTemplateBehavior [ RunTime:0.000000s ]
INFO: [ view_parse ] --END-- [ RunTime:0.000000s ]
INFO: [ view_filter ] --START--
INFO: Run Behavior\WriteHtmlCacheBehavior [ RunTime:0.000000s ]
INFO: [ view_filter ] --END-- [ RunTime:0.000000s ]
INFO: [ app_end ] --START--
INFO: Run Behavior\ShowPageTraceBehavior [ RunTime:0.000000s ]
INFO: [ app_end ] --END-- [ RunTime:0.000000s ]

[ 2017-08-30T16:48:50+08:00 ] 127.0.0.1 /index.php?c=goods
INFO: [ app_init ] --START--
INFO: Run Behavior\BuildLiteBehavior [ RunTime:0.000000s ]
INFO: [ app_init ] --END-- [ RunTime:0.000000s ]
INFO: [ app_begin ] --START--
INFO: Run Behavior\ReadHtmlCacheBehavior [ RunTime:0.000000s ]
INFO: [ app_begin ] --END-- [ RunTime:0.000000s ]
SQL: SHOW COLUMNS FROM `v_goods_list` [ RunTime:0.0000s ]
SQL: SELECT * FROM `v_goods_list` WHERE `is_del` = 0 AND `status` = 0 LIMIT 0,9   [ RunTime:0.0000s ]
SQL: SELECT COUNT(*) AS tp_count FROM `v_goods_list` WHERE `is_del` = 0 AND `status` = 0 LIMIT 1   [ RunTime:0.0000s ]
INFO: [ view_parse ] --START--
INFO: [ template_filter ] --START--
INFO: Run Behavior\ContentReplaceBehavior [ RunTime:0.000000s ]
INFO: [ template_filter ] --END-- [ RunTime:0.000000s ]
INFO: Run Behavior\ParseTemplateBehavior [ RunTime:0.000000s ]
INFO: [ view_parse ] --END-- [ RunTime:0.000000s ]
INFO: [ view_filter ] --START--
INFO: Run Behavior\WriteHtmlCacheBehavior [ RunTime:0.000000s ]
INFO: [ view_filter ] --END-- [ RunTime:0.000000s ]
INFO: [ app_end ] --START--
INFO: Run Behavior\ShowPageTraceBehavior [ RunTime:0.000000s ]
INFO: [ app_end ] --END-- [ RunTime:0.000000s ]

[ 2017-08-30T17:01:10+08:00 ] 127.0.0.1 /index.php?c=goods
INFO: [ app_init ] --START--
INFO: Run Behavior\BuildLiteBehavior [ RunTime:0.000000s ]
INFO: [ app_init ] --END-- [ RunTime:0.000000s ]
INFO: [ app_begin ] --START--
INFO: Run Behavior\ReadHtmlCacheBehavior [ RunTime:0.000000s ]
INFO: [ app_begin ] --END-- [ RunTime:0.000000s ]
SQL: SHOW COLUMNS FROM `v_goods_list` [ RunTime:0.0000s ]
SQL: SELECT * FROM `v_goods_list` WHERE `is_del` = 0 AND `status` = 0 LIMIT 0,9   [ RunTime:0.0000s ]
SQL: SELECT COUNT(*) AS tp_count FROM `v_goods_list` WHERE `is_del` = 0 AND `status` = 0 LIMIT 1   [ RunTime:0.0000s ]
INFO: [ view_parse ] --START--
INFO: [ template_filter ] --START--
INFO: Run Behavior\ContentReplaceBehavior [ RunTime:0.000000s ]
INFO: [ template_filter ] --END-- [ RunTime:0.000000s ]
INFO: Run Behavior\ParseTemplateBehavior [ RunTime:0.000000s ]
INFO: [ view_parse ] --END-- [ RunTime:0.000000s ]
INFO: [ view_filter ] --START--
INFO: Run Behavior\WriteHtmlCacheBehavior [ RunTime:0.000000s ]
INFO: [ view_filter ] --END-- [ RunTime:0.000000s ]
INFO: [ app_end ] --START--
INFO: Run Behavior\ShowPageTraceBehavior [ RunTime:0.000000s ]
INFO: [ app_end ] --END-- [ RunTime:0.000000s ]

[ 2017-08-30T17:02:08+08:00 ] 127.0.0.1 /index.php?c=goods
INFO: [ app_init ] --START--
INFO: Run Behavior\BuildLiteBehavior [ RunTime:0.000000s ]
INFO: [ app_init ] --END-- [ RunTime:0.000000s ]
INFO: [ app_begin ] --START--
INFO: Run Behavior\ReadHtmlCacheBehavior [ RunTime:0.000000s ]
INFO: [ app_begin ] --END-- [ RunTime:0.000000s ]
SQL: SHOW COLUMNS FROM `v_goods_list` [ RunTime:0.0000s ]
SQL: SELECT * FROM `v_goods_list` WHERE `is_del` = 0 AND `status` = 0 LIMIT 0,9   [ RunTime:0.0000s ]
SQL: SELECT COUNT(*) AS tp_count FROM `v_goods_list` WHERE `is_del` = 0 AND `status` = 0 LIMIT 1   [ RunTime:0.0000s ]
INFO: [ view_parse ] --START--
INFO: [ template_filter ] --START--
INFO: Run Behavior\ContentReplaceBehavior [ RunTime:0.000000s ]
INFO: [ template_filter ] --END-- [ RunTime:0.000000s ]
INFO: Run Behavior\ParseTemplateBehavior [ RunTime:0.000000s ]
INFO: [ view_parse ] --END-- [ RunTime:0.000000s ]
INFO: [ view_filter ] --START--
INFO: Run Behavior\WriteHtmlCacheBehavior [ RunTime:0.000000s ]
INFO: [ view_filter ] --END-- [ RunTime:0.000000s ]
INFO: [ app_end ] --START--
INFO: Run Behavior\ShowPageTraceBehavior [ RunTime:0.000000s ]
INFO: [ app_end ] --END-- [ RunTime:0.000000s ]

[ 2017-08-30T17:03:20+08:00 ] 127.0.0.1 /index.php?c=goods
INFO: [ app_init ] --START--
INFO: Run Behavior\BuildLiteBehavior [ RunTime:0.000000s ]
INFO: [ app_init ] --END-- [ RunTime:0.000000s ]
INFO: [ app_begin ] --START--
INFO: Run Behavior\ReadHtmlCacheBehavior [ RunTime:0.000000s ]
INFO: [ app_begin ] --END-- [ RunTime:0.000000s ]
SQL: SHOW COLUMNS FROM `v_goods_list` [ RunTime:0.0000s ]
SQL: SELECT * FROM `v_goods_list` WHERE `is_del` = 0 AND `status` = 0 LIMIT 0,9   [ RunTime:0.0000s ]
SQL: SELECT COUNT(*) AS tp_count FROM `v_goods_list` WHERE `is_del` = 0 AND `status` = 0 LIMIT 1   [ RunTime:0.0000s ]
INFO: [ view_parse ] --START--
INFO: [ template_filter ] --START--
INFO: Run Behavior\ContentReplaceBehavior [ RunTime:0.000000s ]
INFO: [ template_filter ] --END-- [ RunTime:0.000000s ]
INFO: Run Behavior\ParseTemplateBehavior [ RunTime:0.000000s ]
INFO: [ view_parse ] --END-- [ RunTime:0.000000s ]
INFO: [ view_filter ] --START--
INFO: Run Behavior\WriteHtmlCacheBehavior [ RunTime:0.000000s ]
INFO: [ view_filter ] --END-- [ RunTime:0.000000s ]
INFO: [ app_end ] --START--
INFO: Run Behavior\ShowPageTraceBehavior [ RunTime:0.000000s ]
INFO: [ app_end ] --END-- [ RunTime:0.000000s ]

[ 2017-08-30T17:03:51+08:00 ] 127.0.0.1 /index.php?c=goods
INFO: [ app_init ] --START--
INFO: Run Behavior\BuildLiteBehavior [ RunTime:0.000000s ]
INFO: [ app_init ] --END-- [ RunTime:0.000000s ]
INFO: [ app_begin ] --START--
INFO: Run Behavior\ReadHtmlCacheBehavior [ RunTime:0.000000s ]
INFO: [ app_begin ] --END-- [ RunTime:0.000000s ]
SQL: SHOW COLUMNS FROM `v_goods_list` [ RunTime:0.0000s ]
SQL: SELECT * FROM `v_goods_list` WHERE `is_del` = 0 AND `status` = 0 LIMIT 0,9   [ RunTime:0.0000s ]
SQL: SELECT COUNT(*) AS tp_count FROM `v_goods_list` WHERE `is_del` = 0 AND `status` = 0 LIMIT 1   [ RunTime:0.0000s ]
INFO: [ view_parse ] --START--
INFO: [ template_filter ] --START--
INFO: Run Behavior\ContentReplaceBehavior [ RunTime:0.000000s ]
INFO: [ template_filter ] --END-- [ RunTime:0.000000s ]
INFO: Run Behavior\ParseTemplateBehavior [ RunTime:0.000000s ]
INFO: [ view_parse ] --END-- [ RunTime:0.000000s ]
INFO: [ view_filter ] --START--
INFO: Run Behavior\WriteHtmlCacheBehavior [ RunTime:0.000000s ]
INFO: [ view_filter ] --END-- [ RunTime:0.000000s ]
INFO: [ app_end ] --START--
INFO: Run Behavior\ShowPageTraceBehavior [ RunTime:0.000000s ]
INFO: [ app_end ] --END-- [ RunTime:0.000000s ]

[ 2017-08-30T17:05:03+08:00 ] 127.0.0.1 /index.php?c=goods
INFO: [ app_init ] --START--
INFO: Run Behavior\BuildLiteBehavior [ RunTime:0.000000s ]
INFO: [ app_init ] --END-- [ RunTime:0.000000s ]
INFO: [ app_begin ] --START--
INFO: Run Behavior\ReadHtmlCacheBehavior [ RunTime:0.000000s ]
INFO: [ app_begin ] --END-- [ RunTime:0.000000s ]
SQL: SHOW COLUMNS FROM `v_goods_list` [ RunTime:0.0000s ]
SQL: SELECT * FROM `v_goods_list` WHERE `is_del` = 0 AND `status` = 0 LIMIT 0,9   [ RunTime:0.0000s ]
SQL: SELECT COUNT(*) AS tp_count FROM `v_goods_list` WHERE `is_del` = 0 AND `status` = 0 LIMIT 1   [ RunTime:0.0000s ]
INFO: [ view_parse ] --START--
INFO: [ template_filter ] --START--
INFO: Run Behavior\ContentReplaceBehavior [ RunTime:0.000000s ]
INFO: [ template_filter ] --END-- [ RunTime:0.000000s ]
INFO: Run Behavior\ParseTemplateBehavior [ RunTime:0.000000s ]
INFO: [ view_parse ] --END-- [ RunTime:0.000000s ]
INFO: [ view_filter ] --START--
INFO: Run Behavior\WriteHtmlCacheBehavior [ RunTime:0.000000s ]
INFO: [ view_filter ] --END-- [ RunTime:0.000000s ]
INFO: [ app_end ] --START--
INFO: Run Behavior\ShowPageTraceBehavior [ RunTime:0.015625s ]
INFO: [ app_end ] --END-- [ RunTime:0.015625s ]

[ 2017-08-30T17:05:20+08:00 ] 127.0.0.1 /index.php?c=goods
INFO: [ app_init ] --START--
INFO: Run Behavior\BuildLiteBehavior [ RunTime:0.000000s ]
INFO: [ app_init ] --END-- [ RunTime:0.000000s ]
INFO: [ app_begin ] --START--
INFO: Run Behavior\ReadHtmlCacheBehavior [ RunTime:0.000000s ]
INFO: [ app_begin ] --END-- [ RunTime:0.000000s ]
SQL: SHOW COLUMNS FROM `v_goods_list` [ RunTime:0.0000s ]
SQL: SELECT * FROM `v_goods_list` WHERE `is_del` = 0 AND `status` = 0 LIMIT 0,9   [ RunTime:0.0000s ]
SQL: SELECT COUNT(*) AS tp_count FROM `v_goods_list` WHERE `is_del` = 0 AND `status` = 0 LIMIT 1   [ RunTime:0.0000s ]
INFO: [ view_parse ] --START--
INFO: [ template_filter ] --START--
INFO: Run Behavior\ContentReplaceBehavior [ RunTime:0.000000s ]
INFO: [ template_filter ] --END-- [ RunTime:0.000000s ]
INFO: Run Behavior\ParseTemplateBehavior [ RunTime:0.000000s ]
INFO: [ view_parse ] --END-- [ RunTime:0.000000s ]
INFO: [ view_filter ] --START--
INFO: Run Behavior\WriteHtmlCacheBehavior [ RunTime:0.000000s ]
INFO: [ view_filter ] --END-- [ RunTime:0.000000s ]
INFO: [ app_end ] --START--
INFO: Run Behavior\ShowPageTraceBehavior [ RunTime:0.000000s ]
INFO: [ app_end ] --END-- [ RunTime:0.000000s ]

[ 2017-08-30T17:06:48+08:00 ] 127.0.0.1 /index.php?c=goods
INFO: [ app_init ] --START--
INFO: Run Behavior\BuildLiteBehavior [ RunTime:0.000000s ]
INFO: [ app_init ] --END-- [ RunTime:0.000000s ]
INFO: [ app_begin ] --START--
INFO: Run Behavior\ReadHtmlCacheBehavior [ RunTime:0.000000s ]
INFO: [ app_begin ] --END-- [ RunTime:0.000000s ]
SQL: SHOW COLUMNS FROM `v_goods_list` [ RunTime:0.0000s ]
SQL: SELECT * FROM `v_goods_list` WHERE `is_del` = 0 AND `status` = 0 LIMIT 0,9   [ RunTime:0.0000s ]
SQL: SELECT COUNT(*) AS tp_count FROM `v_goods_list` WHERE `is_del` = 0 AND `status` = 0 LIMIT 1   [ RunTime:0.0000s ]
INFO: [ view_parse ] --START--
INFO: [ template_filter ] --START--
INFO: Run Behavior\ContentReplaceBehavior [ RunTime:0.000000s ]
INFO: [ template_filter ] --END-- [ RunTime:0.000000s ]
NOTIC: [8] Use of undefined constant id - assumed 'id' D:\Project\mall\Application\Runtime\Cache\Home\63839bc489ada1b251c78e0251f28b7d.php 第 109 行.
NOTIC: [8] Use of undefined constant id - assumed 'id' D:\Project\mall\Application\Runtime\Cache\Home\63839bc489ada1b251c78e0251f28b7d.php 第 109 行.
NOTIC: [8] Use of undefined constant id - assumed 'id' D:\Project\mall\Application\Runtime\Cache\Home\63839bc489ada1b251c78e0251f28b7d.php 第 109 行.
NOTIC: [8] Use of undefined constant id - assumed 'id' D:\Project\mall\Application\Runtime\Cache\Home\63839bc489ada1b251c78e0251f28b7d.php 第 109 行.
NOTIC: [8] Use of undefined constant id - assumed 'id' D:\Project\mall\Application\Runtime\Cache\Home\63839bc489ada1b251c78e0251f28b7d.php 第 109 行.
NOTIC: [8] Use of undefined constant id - assumed 'id' D:\Project\mall\Application\Runtime\Cache\Home\63839bc489ada1b251c78e0251f28b7d.php 第 109 行.
NOTIC: [8] Use of undefined constant id - assumed 'id' D:\Project\mall\Application\Runtime\Cache\Home\63839bc489ada1b251c78e0251f28b7d.php 第 109 行.
NOTIC: [8] Use of undefined constant id - assumed 'id' D:\Project\mall\Application\Runtime\Cache\Home\63839bc489ada1b251c78e0251f28b7d.php 第 109 行.
NOTIC: [8] Use of undefined constant id - assumed 'id' D:\Project\mall\Application\Runtime\Cache\Home\63839bc489ada1b251c78e0251f28b7d.php 第 109 行.
INFO: Run Behavior\ParseTemplateBehavior [ RunTime:0.000000s ]
INFO: [ view_parse ] --END-- [ RunTime:0.000000s ]
INFO: [ view_filter ] --START--
INFO: Run Behavior\WriteHtmlCacheBehavior [ RunTime:0.000000s ]
INFO: [ view_filter ] --END-- [ RunTime:0.000000s ]
INFO: [ app_end ] --START--
INFO: Run Behavior\ShowPageTraceBehavior [ RunTime:0.000000s ]
INFO: [ app_end ] --END-- [ RunTime:0.000000s ]

[ 2017-08-30T17:09:02+08:00 ] 127.0.0.1 /index.php?c=goods
INFO: [ app_init ] --START--
INFO: Run Behavior\BuildLiteBehavior [ RunTime:0.000000s ]
INFO: [ app_init ] --END-- [ RunTime:0.000000s ]
INFO: [ app_begin ] --START--
INFO: Run Behavior\ReadHtmlCacheBehavior [ RunTime:0.000000s ]
INFO: [ app_begin ] --END-- [ RunTime:0.000000s ]
SQL: SHOW COLUMNS FROM `v_goods_list` [ RunTime:0.0000s ]
SQL: SELECT * FROM `v_goods_list` WHERE `is_del` = 0 AND `status` = 0 ORDER BY `id` DESC LIMIT 0,9   [ RunTime:0.0000s ]
SQL: SELECT COUNT(*) AS tp_count FROM `v_goods_list` WHERE `is_del` = 0 AND `status` = 0 LIMIT 1   [ RunTime:0.0000s ]
INFO: [ view_parse ] --START--
INFO: [ template_filter ] --START--
INFO: Run Behavior\ContentReplaceBehavior [ RunTime:0.000000s ]
INFO: [ template_filter ] --END-- [ RunTime:0.000000s ]
NOTIC: [8] Use of undefined constant id - assumed 'id' D:\Project\mall\Application\Runtime\Cache\Home\63839bc489ada1b251c78e0251f28b7d.php 第 109 行.
NOTIC: [8] Use of undefined constant id - assumed 'id' D:\Project\mall\Application\Runtime\Cache\Home\63839bc489ada1b251c78e0251f28b7d.php 第 109 行.
NOTIC: [8] Use of undefined constant id - assumed 'id' D:\Project\mall\Application\Runtime\Cache\Home\63839bc489ada1b251c78e0251f28b7d.php 第 109 行.
NOTIC: [8] Use of undefined constant id - assumed 'id' D:\Project\mall\Application\Runtime\Cache\Home\63839bc489ada1b251c78e0251f28b7d.php 第 109 行.
NOTIC: [8] Use of undefined constant id - assumed 'id' D:\Project\mall\Application\Runtime\Cache\Home\63839bc489ada1b251c78e0251f28b7d.php 第 109 行.
NOTIC: [8] Use of undefined constant id - assumed 'id' D:\Project\mall\Application\Runtime\Cache\Home\63839bc489ada1b251c78e0251f28b7d.php 第 109 行.
NOTIC: [8] Use of undefined constant id - assumed 'id' D:\Project\mall\Application\Runtime\Cache\Home\63839bc489ada1b251c78e0251f28b7d.php 第 109 行.
NOTIC: [8] Use of undefined constant id - assumed 'id' D:\Project\mall\Application\Runtime\Cache\Home\63839bc489ada1b251c78e0251f28b7d.php 第 109 行.
NOTIC: [8] Use of undefined constant id - assumed 'id' D:\Project\mall\Application\Runtime\Cache\Home\63839bc489ada1b251c78e0251f28b7d.php 第 109 行.
INFO: Run Behavior\ParseTemplateBehavior [ RunTime:0.000000s ]
INFO: [ view_parse ] --END-- [ RunTime:0.000000s ]
INFO: [ view_filter ] --START--
INFO: Run Behavior\WriteHtmlCacheBehavior [ RunTime:0.000000s ]
INFO: [ view_filter ] --END-- [ RunTime:0.000000s ]
INFO: [ app_end ] --START--
INFO: Run Behavior\ShowPageTraceBehavior [ RunTime:0.000000s ]
INFO: [ app_end ] --END-- [ RunTime:0.000000s ]

[ 2017-08-30T17:21:15+08:00 ] 127.0.0.1 /index.php?c=goods
INFO: [ app_init ] --START--
INFO: Run Behavior\BuildLiteBehavior [ RunTime:0.000000s ]
INFO: [ app_init ] --END-- [ RunTime:0.000000s ]
INFO: [ app_begin ] --START--
INFO: Run Behavior\ReadHtmlCacheBehavior [ RunTime:0.000000s ]
INFO: [ app_begin ] --END-- [ RunTime:0.000000s ]
SQL: SHOW COLUMNS FROM `v_goods_list` [ RunTime:0.0000s ]
SQL: SELECT * FROM `v_goods_list` WHERE `is_del` = 0 AND `status` = 0 ORDER BY `id` DESC LIMIT 0,9   [ RunTime:0.0000s ]
SQL: SELECT COUNT(*) AS tp_count FROM `v_goods_list` WHERE `is_del` = 0 AND `status` = 0 LIMIT 1   [ RunTime:0.0000s ]
INFO: [ view_parse ] --START--
INFO: [ template_filter ] --START--
INFO: Run Behavior\ContentReplaceBehavior [ RunTime:0.000000s ]
INFO: [ template_filter ] --END-- [ RunTime:0.000000s ]

[ 2017-08-30T17:21:26+08:00 ] 127.0.0.1 /index.php?c=goods
INFO: [ app_init ] --START--
INFO: Run Behavior\BuildLiteBehavior [ RunTime:0.000000s ]
INFO: [ app_init ] --END-- [ RunTime:0.000000s ]
INFO: [ app_begin ] --START--
INFO: Run Behavior\ReadHtmlCacheBehavior [ RunTime:0.000000s ]
INFO: [ app_begin ] --END-- [ RunTime:0.000000s ]
SQL: SHOW COLUMNS FROM `v_goods_list` [ RunTime:0.0000s ]
SQL: SELECT * FROM `v_goods_list` WHERE `is_del` = 0 AND `status` = 0 ORDER BY `id` DESC LIMIT 0,9   [ RunTime:0.0000s ]
SQL: SELECT COUNT(*) AS tp_count FROM `v_goods_list` WHERE `is_del` = 0 AND `status` = 0 LIMIT 1   [ RunTime:0.0000s ]
INFO: [ view_parse ] --START--
INFO: [ template_filter ] --START--
INFO: Run Behavior\ContentReplaceBehavior [ RunTime:0.000000s ]
INFO: [ template_filter ] --END-- [ RunTime:0.000000s ]
NOTIC: [8] Use of undefined constant info - assumed 'info' D:\Project\mall\Application\Runtime\Cache\Home\63839bc489ada1b251c78e0251f28b7d.php 第 109 行.
NOTIC: [8] Use of undefined constant json_encode - assumed 'json_encode' D:\Project\mall\Application\Runtime\Cache\Home\63839bc489ada1b251c78e0251f28b7d.php 第 109 行.
NOTIC: [8] Use of undefined constant info - assumed 'info' D:\Project\mall\Application\Runtime\Cache\Home\63839bc489ada1b251c78e0251f28b7d.php 第 109 行.
NOTIC: [8] Use of undefined constant json_encode - assumed 'json_encode' D:\Project\mall\Application\Runtime\Cache\Home\63839bc489ada1b251c78e0251f28b7d.php 第 109 行.
NOTIC: [8] Use of undefined constant info - assumed 'info' D:\Project\mall\Application\Runtime\Cache\Home\63839bc489ada1b251c78e0251f28b7d.php 第 109 行.
NOTIC: [8] Use of undefined constant json_encode - assumed 'json_encode' D:\Project\mall\Application\Runtime\Cache\Home\63839bc489ada1b251c78e0251f28b7d.php 第 109 行.
NOTIC: [8] Use of undefined constant info - assumed 'info' D:\Project\mall\Application\Runtime\Cache\Home\63839bc489ada1b251c78e0251f28b7d.php 第 109 行.
NOTIC: [8] Use of undefined constant json_encode - assumed 'json_encode' D:\Project\mall\Application\Runtime\Cache\Home\63839bc489ada1b251c78e0251f28b7d.php 第 109 行.
NOTIC: [8] Use of undefined constant info - assumed 'info' D:\Project\mall\Application\Runtime\Cache\Home\63839bc489ada1b251c78e0251f28b7d.php 第 109 行.
NOTIC: [8] Use of undefined constant json_encode - assumed 'json_encode' D:\Project\mall\Application\Runtime\Cache\Home\63839bc489ada1b251c78e0251f28b7d.php 第 109 行.
NOTIC: [8] Use of undefined constant info - assumed 'info' D:\Project\mall\Application\Runtime\Cache\Home\63839bc489ada1b251c78e0251f28b7d.php 第 109 行.
NOTIC: [8] Use of undefined constant json_encode - assumed 'json_encode' D:\Project\mall\Application\Runtime\Cache\Home\63839bc489ada1b251c78e0251f28b7d.php 第 109 行.
NOTIC: [8] Use of undefined constant info - assumed 'info' D:\Project\mall\Application\Runtime\Cache\Home\63839bc489ada1b251c78e0251f28b7d.php 第 109 行.
NOTIC: [8] Use of undefined constant json_encode - assumed 'json_encode' D:\Project\mall\Application\Runtime\Cache\Home\63839bc489ada1b251c78e0251f28b7d.php 第 109 行.
NOTIC: [8] Use of undefined constant info - assumed 'info' D:\Project\mall\Application\Runtime\Cache\Home\63839bc489ada1b251c78e0251f28b7d.php 第 109 行.
NOTIC: [8] Use of undefined constant json_encode - assumed 'json_encode' D:\Project\mall\Application\Runtime\Cache\Home\63839bc489ada1b251c78e0251f28b7d.php 第 109 行.
NOTIC: [8] Use of undefined constant info - assumed 'info' D:\Project\mall\Application\Runtime\Cache\Home\63839bc489ada1b251c78e0251f28b7d.php 第 109 行.
NOTIC: [8] Use of undefined constant json_encode - assumed 'json_encode' D:\Project\mall\Application\Runtime\Cache\Home\63839bc489ada1b251c78e0251f28b7d.php 第 109 行.
INFO: Run Behavior\ParseTemplateBehavior [ RunTime:0.015625s ]
INFO: [ view_parse ] --END-- [ RunTime:0.015625s ]
INFO: [ view_filter ] --START--
INFO: Run Behavior\WriteHtmlCacheBehavior [ RunTime:0.000000s ]
INFO: [ view_filter ] --END-- [ RunTime:0.000000s ]
INFO: [ app_end ] --START--
INFO: Run Behavior\ShowPageTraceBehavior [ RunTime:0.000000s ]
INFO: [ app_end ] --END-- [ RunTime:0.000000s ]

[ 2017-08-30T17:27:56+08:00 ] 127.0.0.1 /index.php?c=goods
INFO: [ app_init ] --START--
INFO: Run Behavior\BuildLiteBehavior [ RunTime:0.000000s ]
INFO: [ app_init ] --END-- [ RunTime:0.000000s ]
INFO: [ app_begin ] --START--
INFO: Run Behavior\ReadHtmlCacheBehavior [ RunTime:0.000000s ]
INFO: [ app_begin ] --END-- [ RunTime:0.000000s ]
SQL: SHOW COLUMNS FROM `v_goods_list` [ RunTime:0.0000s ]
SQL: SELECT * FROM `v_goods_list` WHERE `is_del` = 0 AND `status` = 0 ORDER BY `id` DESC LIMIT 0,9   [ RunTime:0.0000s ]
SQL: SELECT COUNT(*) AS tp_count FROM `v_goods_list` WHERE `is_del` = 0 AND `status` = 0 LIMIT 1   [ RunTime:0.0000s ]
INFO: [ view_parse ] --START--
INFO: [ template_filter ] --START--
INFO: Run Behavior\ContentReplaceBehavior [ RunTime:0.000000s ]
INFO: [ template_filter ] --END-- [ RunTime:0.000000s ]
NOTIC: [8] Use of undefined constant id - assumed 'id' D:\Project\mall\Application\Runtime\Cache\Home\63839bc489ada1b251c78e0251f28b7d.php 第 109 行.
NOTIC: [8] Use of undefined constant id - assumed 'id' D:\Project\mall\Application\Runtime\Cache\Home\63839bc489ada1b251c78e0251f28b7d.php 第 109 行.
NOTIC: [8] Use of undefined constant id - assumed 'id' D:\Project\mall\Application\Runtime\Cache\Home\63839bc489ada1b251c78e0251f28b7d.php 第 109 行.
NOTIC: [8] Use of undefined constant id - assumed 'id' D:\Project\mall\Application\Runtime\Cache\Home\63839bc489ada1b251c78e0251f28b7d.php 第 109 行.
NOTIC: [8] Use of undefined constant id - assumed 'id' D:\Project\mall\Application\Runtime\Cache\Home\63839bc489ada1b251c78e0251f28b7d.php 第 109 行.
NOTIC: [8] Use of undefined constant id - assumed 'id' D:\Project\mall\Application\Runtime\Cache\Home\63839bc489ada1b251c78e0251f28b7d.php 第 109 行.
NOTIC: [8] Use of undefined constant id - assumed 'id' D:\Project\mall\Application\Runtime\Cache\Home\63839bc489ada1b251c78e0251f28b7d.php 第 109 行.
NOTIC: [8] Use of undefined constant id - assumed 'id' D:\Project\mall\Application\Runtime\Cache\Home\63839bc489ada1b251c78e0251f28b7d.php 第 109 行.
NOTIC: [8] Use of undefined constant id - assumed 'id' D:\Project\mall\Application\Runtime\Cache\Home\63839bc489ada1b251c78e0251f28b7d.php 第 109 行.
INFO: Run Behavior\ParseTemplateBehavior [ RunTime:0.000000s ]
INFO: [ view_parse ] --END-- [ RunTime:0.000000s ]
INFO: [ view_filter ] --START--
INFO: Run Behavior\WriteHtmlCacheBehavior [ RunTime:0.000000s ]
INFO: [ view_filter ] --END-- [ RunTime:0.000000s ]
INFO: [ app_end ] --START--
INFO: Run Behavior\ShowPageTraceBehavior [ RunTime:0.000000s ]
INFO: [ app_end ] --END-- [ RunTime:0.000000s ]

[ 2017-08-30T17:28:20+08:00 ] 127.0.0.1 /index.php?c=goods
INFO: [ app_init ] --START--
INFO: Run Behavior\BuildLiteBehavior [ RunTime:0.000000s ]
INFO: [ app_init ] --END-- [ RunTime:0.000000s ]
INFO: [ app_begin ] --START--
INFO: Run Behavior\ReadHtmlCacheBehavior [ RunTime:0.000000s ]
INFO: [ app_begin ] --END-- [ RunTime:0.000000s ]
SQL: SHOW COLUMNS FROM `v_goods_list` [ RunTime:0.0000s ]
SQL: SELECT * FROM `v_goods_list` WHERE `is_del` = 0 AND `status` = 0 ORDER BY `id` DESC LIMIT 0,9   [ RunTime:0.0000s ]
SQL: SELECT COUNT(*) AS tp_count FROM `v_goods_list` WHERE `is_del` = 0 AND `status` = 0 LIMIT 1   [ RunTime:0.0000s ]
INFO: [ view_parse ] --START--
INFO: [ template_filter ] --START--
INFO: Run Behavior\ContentReplaceBehavior [ RunTime:0.000000s ]
INFO: [ template_filter ] --END-- [ RunTime:0.000000s ]
NOTIC: [8] Use of undefined constant id - assumed 'id' D:\Project\mall\Application\Runtime\Cache\Home\63839bc489ada1b251c78e0251f28b7d.php 第 109 行.
NOTIC: [8] Use of undefined constant id - assumed 'id' D:\Project\mall\Application\Runtime\Cache\Home\63839bc489ada1b251c78e0251f28b7d.php 第 109 行.
NOTIC: [8] Use of undefined constant id - assumed 'id' D:\Project\mall\Application\Runtime\Cache\Home\63839bc489ada1b251c78e0251f28b7d.php 第 109 行.
NOTIC: [8] Use of undefined constant id - assumed 'id' D:\Project\mall\Application\Runtime\Cache\Home\63839bc489ada1b251c78e0251f28b7d.php 第 109 行.
NOTIC: [8] Use of undefined constant id - assumed 'id' D:\Project\mall\Application\Runtime\Cache\Home\63839bc489ada1b251c78e0251f28b7d.php 第 109 行.
NOTIC: [8] Use of undefined constant id - assumed 'id' D:\Project\mall\Application\Runtime\Cache\Home\63839bc489ada1b251c78e0251f28b7d.php 第 109 行.
NOTIC: [8] Use of undefined constant id - assumed 'id' D:\Project\mall\Application\Runtime\Cache\Home\63839bc489ada1b251c78e0251f28b7d.php 第 109 行.
NOTIC: [8] Use of undefined constant id - assumed 'id' D:\Project\mall\Application\Runtime\Cache\Home\63839bc489ada1b251c78e0251f28b7d.php 第 109 行.
NOTIC: [8] Use of undefined constant id - assumed 'id' D:\Project\mall\Application\Runtime\Cache\Home\63839bc489ada1b251c78e0251f28b7d.php 第 109 行.
INFO: Run Behavior\ParseTemplateBehavior [ RunTime:0.000000s ]
INFO: [ view_parse ] --END-- [ RunTime:0.000000s ]
INFO: [ view_filter ] --START--
INFO: Run Behavior\WriteHtmlCacheBehavior [ RunTime:0.000000s ]
INFO: [ view_filter ] --END-- [ RunTime:0.000000s ]
INFO: [ app_end ] --START--
INFO: Run Behavior\ShowPageTraceBehavior [ RunTime:0.000000s ]
INFO: [ app_end ] --END-- [ RunTime:0.000000s ]

[ 2017-08-30T17:28:38+08:00 ] 127.0.0.1 /index.php?c=goods
INFO: [ app_init ] --START--
INFO: Run Behavior\BuildLiteBehavior [ RunTime:0.000000s ]
INFO: [ app_init ] --END-- [ RunTime:0.000000s ]
INFO: [ app_begin ] --START--
INFO: Run Behavior\ReadHtmlCacheBehavior [ RunTime:0.000000s ]
INFO: [ app_begin ] --END-- [ RunTime:0.000000s ]
SQL: SHOW COLUMNS FROM `v_goods_list` [ RunTime:0.0000s ]
SQL: SELECT * FROM `v_goods_list` WHERE `is_del` = 0 AND `status` = 0 ORDER BY `id` DESC LIMIT 0,9   [ RunTime:0.0000s ]
SQL: SELECT COUNT(*) AS tp_count FROM `v_goods_list` WHERE `is_del` = 0 AND `status` = 0 LIMIT 1   [ RunTime:0.0000s ]
INFO: [ view_parse ] --START--
INFO: [ template_filter ] --START--
INFO: Run Behavior\ContentReplaceBehavior [ RunTime:0.000000s ]
INFO: [ template_filter ] --END-- [ RunTime:0.000000s ]
NOTIC: [8] Use of undefined constant id - assumed 'id' D:\Project\mall\Application\Runtime\Cache\Home\63839bc489ada1b251c78e0251f28b7d.php 第 109 行.
NOTIC: [8] Use of undefined constant id - assumed 'id' D:\Project\mall\Application\Runtime\Cache\Home\63839bc489ada1b251c78e0251f28b7d.php 第 109 行.
NOTIC: [8] Use of undefined constant id - assumed 'id' D:\Project\mall\Application\Runtime\Cache\Home\63839bc489ada1b251c78e0251f28b7d.php 第 109 行.
NOTIC: [8] Use of undefined constant id - assumed 'id' D:\Project\mall\Application\Runtime\Cache\Home\63839bc489ada1b251c78e0251f28b7d.php 第 109 行.
NOTIC: [8] Use of undefined constant id - assumed 'id' D:\Project\mall\Application\Runtime\Cache\Home\63839bc489ada1b251c78e0251f28b7d.php 第 109 行.
NOTIC: [8] Use of undefined constant id - assumed 'id' D:\Project\mall\Application\Runtime\Cache\Home\63839bc489ada1b251c78e0251f28b7d.php 第 109 行.
NOTIC: [8] Use of undefined constant id - assumed 'id' D:\Project\mall\Application\Runtime\Cache\Home\63839bc489ada1b251c78e0251f28b7d.php 第 109 行.
NOTIC: [8] Use of undefined constant id - assumed 'id' D:\Project\mall\Application\Runtime\Cache\Home\63839bc489ada1b251c78e0251f28b7d.php 第 109 行.
NOTIC: [8] Use of undefined constant id - assumed 'id' D:\Project\mall\Application\Runtime\Cache\Home\63839bc489ada1b251c78e0251f28b7d.php 第 109 行.
INFO: Run Behavior\ParseTemplateBehavior [ RunTime:0.000000s ]
INFO: [ view_parse ] --END-- [ RunTime:0.000000s ]
INFO: [ view_filter ] --START--
INFO: Run Behavior\WriteHtmlCacheBehavior [ RunTime:0.000000s ]
INFO: [ view_filter ] --END-- [ RunTime:0.000000s ]
INFO: [ app_end ] --START--
INFO: Run Behavior\ShowPageTraceBehavior [ RunTime:0.000000s ]
INFO: [ app_end ] --END-- [ RunTime:0.000000s ]

[ 2017-08-30T17:28:48+08:00 ] 127.0.0.1 /index.php?m=Home&c=cart&a=add&id=11
INFO: [ app_init ] --START--
INFO: Run Behavior\BuildLiteBehavior [ RunTime:0.000000s ]
INFO: [ app_init ] --END-- [ RunTime:0.000000s ]
INFO: [ app_begin ] --START--
INFO: Run Behavior\ReadHtmlCacheBehavior [ RunTime:0.000000s ]
INFO: [ app_begin ] --END-- [ RunTime:0.000000s ]
SQL: SHOW COLUMNS FROM `goods` [ RunTime:0.0000s ]
SQL: SELECT `name`,`price`,`cover` FROM `goods` WHERE `id` = 11 LIMIT 1   [ RunTime:0.0000s ]
INFO: [ view_parse ] --START--
INFO: [ template_filter ] --START--
INFO: Run Behavior\ContentReplaceBehavior [ RunTime:0.000000s ]
INFO: [ template_filter ] --END-- [ RunTime:0.000000s ]
INFO: Run Behavior\ParseTemplateBehavior [ RunTime:0.000000s ]
INFO: [ view_parse ] --END-- [ RunTime:0.000000s ]
INFO: [ view_filter ] --START--
INFO: Run Behavior\WriteHtmlCacheBehavior [ RunTime:0.000000s ]
INFO: [ view_filter ] --END-- [ RunTime:0.000000s ]
INFO: [ app_end ] --START--
INFO: Run Behavior\ShowPageTraceBehavior [ RunTime:0.000000s ]
INFO: [ app_end ] --END-- [ RunTime:0.000000s ]

[ 2017-08-30T17:28:50+08:00 ] 127.0.0.1 /index.php?c=goods
INFO: [ app_init ] --START--
INFO: Run Behavior\BuildLiteBehavior [ RunTime:0.000000s ]
INFO: [ app_init ] --END-- [ RunTime:0.000000s ]
INFO: [ app_begin ] --START--
INFO: Run Behavior\ReadHtmlCacheBehavior [ RunTime:0.000000s ]
INFO: [ app_begin ] --END-- [ RunTime:0.000000s ]
SQL: SHOW COLUMNS FROM `v_goods_list` [ RunTime:0.0000s ]
SQL: SELECT * FROM `v_goods_list` WHERE `is_del` = 0 AND `status` = 0 ORDER BY `id` DESC LIMIT 0,9   [ RunTime:0.0000s ]
SQL: SELECT COUNT(*) AS tp_count FROM `v_goods_list` WHERE `is_del` = 0 AND `status` = 0 LIMIT 1   [ RunTime:0.0000s ]
INFO: [ view_parse ] --START--
INFO: [ template_filter ] --START--
INFO: Run Behavior\ContentReplaceBehavior [ RunTime:0.000000s ]
INFO: [ template_filter ] --END-- [ RunTime:0.000000s ]
NOTIC: [8] Use of undefined constant id - assumed 'id' D:\Project\mall\Application\Runtime\Cache\Home\63839bc489ada1b251c78e0251f28b7d.php 第 109 行.
NOTIC: [8] Use of undefined constant id - assumed 'id' D:\Project\mall\Application\Runtime\Cache\Home\63839bc489ada1b251c78e0251f28b7d.php 第 109 行.
NOTIC: [8] Use of undefined constant id - assumed 'id' D:\Project\mall\Application\Runtime\Cache\Home\63839bc489ada1b251c78e0251f28b7d.php 第 109 行.
NOTIC: [8] Use of undefined constant id - assumed 'id' D:\Project\mall\Application\Runtime\Cache\Home\63839bc489ada1b251c78e0251f28b7d.php 第 109 行.
NOTIC: [8] Use of undefined constant id - assumed 'id' D:\Project\mall\Application\Runtime\Cache\Home\63839bc489ada1b251c78e0251f28b7d.php 第 109 行.
NOTIC: [8] Use of undefined constant id - assumed 'id' D:\Project\mall\Application\Runtime\Cache\Home\63839bc489ada1b251c78e0251f28b7d.php 第 109 行.
NOTIC: [8] Use of undefined constant id - assumed 'id' D:\Project\mall\Application\Runtime\Cache\Home\63839bc489ada1b251c78e0251f28b7d.php 第 109 行.
NOTIC: [8] Use of undefined constant id - assumed 'id' D:\Project\mall\Application\Runtime\Cache\Home\63839bc489ada1b251c78e0251f28b7d.php 第 109 行.
NOTIC: [8] Use of undefined constant id - assumed 'id' D:\Project\mall\Application\Runtime\Cache\Home\63839bc489ada1b251c78e0251f28b7d.php 第 109 行.
INFO: Run Behavior\ParseTemplateBehavior [ RunTime:0.000000s ]
INFO: [ view_parse ] --END-- [ RunTime:0.000000s ]
INFO: [ view_filter ] --START--
INFO: Run Behavior\WriteHtmlCacheBehavior [ RunTime:0.000000s ]
INFO: [ view_filter ] --END-- [ RunTime:0.000000s ]
INFO: [ app_end ] --START--
INFO: Run Behavior\ShowPageTraceBehavior [ RunTime:0.000000s ]
INFO: [ app_end ] --END-- [ RunTime:0.000000s ]

[ 2017-08-30T17:33:55+08:00 ] 127.0.0.1 /index.php?m=Home&c=cart&a=add&id=6
INFO: [ app_init ] --START--
INFO: Run Behavior\BuildLiteBehavior [ RunTime:0.000000s ]
INFO: [ app_init ] --END-- [ RunTime:0.000000s ]
INFO: [ app_begin ] --START--
INFO: Run Behavior\ReadHtmlCacheBehavior [ RunTime:0.000000s ]
INFO: [ app_begin ] --END-- [ RunTime:0.000000s ]
SQL: SHOW COLUMNS FROM `goods` [ RunTime:0.0000s ]
SQL: SELECT `name`,`price`,`cover` FROM `goods` WHERE `id` = 6 LIMIT 1   [ RunTime:0.0000s ]
INFO: [ view_parse ] --START--
INFO: [ template_filter ] --START--
INFO: Run Behavior\ContentReplaceBehavior [ RunTime:0.000000s ]
INFO: [ template_filter ] --END-- [ RunTime:0.000000s ]
INFO: Run Behavior\ParseTemplateBehavior [ RunTime:0.000000s ]
INFO: [ view_parse ] --END-- [ RunTime:0.000000s ]
INFO: [ view_filter ] --START--
INFO: Run Behavior\WriteHtmlCacheBehavior [ RunTime:0.000000s ]
INFO: [ view_filter ] --END-- [ RunTime:0.000000s ]
INFO: [ app_end ] --START--
INFO: Run Behavior\ShowPageTraceBehavior [ RunTime:0.000000s ]
INFO: [ app_end ] --END-- [ RunTime:0.000000s ]

[ 2017-08-30T17:33:57+08:00 ] 127.0.0.1 /index.php?c=goods
INFO: [ app_init ] --START--
INFO: Run Behavior\BuildLiteBehavior [ RunTime:0.000000s ]
INFO: [ app_init ] --END-- [ RunTime:0.000000s ]
INFO: [ app_begin ] --START--
INFO: Run Behavior\ReadHtmlCacheBehavior [ RunTime:0.000000s ]
INFO: [ app_begin ] --END-- [ RunTime:0.000000s ]
SQL: SHOW COLUMNS FROM `v_goods_list` [ RunTime:0.0000s ]
SQL: SELECT * FROM `v_goods_list` WHERE `is_del` = 0 AND `status` = 0 ORDER BY `id` DESC LIMIT 0,9   [ RunTime:0.0000s ]
SQL: SELECT COUNT(*) AS tp_count FROM `v_goods_list` WHERE `is_del` = 0 AND `status` = 0 LIMIT 1   [ RunTime:0.0000s ]
INFO: [ view_parse ] --START--
INFO: [ template_filter ] --START--
INFO: Run Behavior\ContentReplaceBehavior [ RunTime:0.000000s ]
INFO: [ template_filter ] --END-- [ RunTime:0.000000s ]
NOTIC: [8] Use of undefined constant id - assumed 'id' D:\Project\mall\Application\Runtime\Cache\Home\63839bc489ada1b251c78e0251f28b7d.php 第 109 行.
NOTIC: [8] Use of undefined constant id - assumed 'id' D:\Project\mall\Application\Runtime\Cache\Home\63839bc489ada1b251c78e0251f28b7d.php 第 109 行.
NOTIC: [8] Use of undefined constant id - assumed 'id' D:\Project\mall\Application\Runtime\Cache\Home\63839bc489ada1b251c78e0251f28b7d.php 第 109 行.
NOTIC: [8] Use of undefined constant id - assumed 'id' D:\Project\mall\Application\Runtime\Cache\Home\63839bc489ada1b251c78e0251f28b7d.php 第 109 行.
NOTIC: [8] Use of undefined constant id - assumed 'id' D:\Project\mall\Application\Runtime\Cache\Home\63839bc489ada1b251c78e0251f28b7d.php 第 109 行.
NOTIC: [8] Use of undefined constant id - assumed 'id' D:\Project\mall\Application\Runtime\Cache\Home\63839bc489ada1b251c78e0251f28b7d.php 第 109 行.
NOTIC: [8] Use of undefined constant id - assumed 'id' D:\Project\mall\Application\Runtime\Cache\Home\63839bc489ada1b251c78e0251f28b7d.php 第 109 行.
NOTIC: [8] Use of undefined constant id - assumed 'id' D:\Project\mall\Application\Runtime\Cache\Home\63839bc489ada1b251c78e0251f28b7d.php 第 109 行.
NOTIC: [8] Use of undefined constant id - assumed 'id' D:\Project\mall\Application\Runtime\Cache\Home\63839bc489ada1b251c78e0251f28b7d.php 第 109 行.
INFO: Run Behavior\ParseTemplateBehavior [ RunTime:0.000000s ]
INFO: [ view_parse ] --END-- [ RunTime:0.000000s ]
INFO: [ view_filter ] --START--
INFO: Run Behavior\WriteHtmlCacheBehavior [ RunTime:0.000000s ]
INFO: [ view_filter ] --END-- [ RunTime:0.000000s ]
INFO: [ app_end ] --START--
INFO: Run Behavior\ShowPageTraceBehavior [ RunTime:0.000000s ]
INFO: [ app_end ] --END-- [ RunTime:0.000000s ]

[ 2017-08-30T17:45:42+08:00 ] 127.0.0.1 /index.php?c=goods
INFO: [ app_init ] --START--
INFO: Run Behavior\BuildLiteBehavior [ RunTime:0.000000s ]
INFO: [ app_init ] --END-- [ RunTime:0.000000s ]
INFO: [ app_begin ] --START--
INFO: Run Behavior\ReadHtmlCacheBehavior [ RunTime:0.000000s ]
INFO: [ app_begin ] --END-- [ RunTime:0.000000s ]
SQL: SHOW COLUMNS FROM `v_goods_list` [ RunTime:0.0000s ]
SQL: SELECT * FROM `v_goods_list` WHERE `is_del` = 0 AND `status` = 0 ORDER BY `id` DESC LIMIT 0,9   [ RunTime:0.0000s ]
SQL: SELECT COUNT(*) AS tp_count FROM `v_goods_list` WHERE `is_del` = 0 AND `status` = 0 LIMIT 1   [ RunTime:0.0000s ]
INFO: [ view_parse ] --START--
INFO: [ template_filter ] --START--
INFO: Run Behavior\ContentReplaceBehavior [ RunTime:0.000000s ]
INFO: [ template_filter ] --END-- [ RunTime:0.000000s ]
NOTIC: [8] Use of undefined constant id - assumed 'id' D:\Project\mall\Application\Runtime\Cache\Home\63839bc489ada1b251c78e0251f28b7d.php 第 109 行.
NOTIC: [8] Use of undefined constant id - assumed 'id' D:\Project\mall\Application\Runtime\Cache\Home\63839bc489ada1b251c78e0251f28b7d.php 第 109 行.
NOTIC: [8] Use of undefined constant id - assumed 'id' D:\Project\mall\Application\Runtime\Cache\Home\63839bc489ada1b251c78e0251f28b7d.php 第 109 行.
NOTIC: [8] Use of undefined constant id - assumed 'id' D:\Project\mall\Application\Runtime\Cache\Home\63839bc489ada1b251c78e0251f28b7d.php 第 109 行.
NOTIC: [8] Use of undefined constant id - assumed 'id' D:\Project\mall\Application\Runtime\Cache\Home\63839bc489ada1b251c78e0251f28b7d.php 第 109 行.
NOTIC: [8] Use of undefined constant id - assumed 'id' D:\Project\mall\Application\Runtime\Cache\Home\63839bc489ada1b251c78e0251f28b7d.php 第 109 行.
NOTIC: [8] Use of undefined constant id - assumed 'id' D:\Project\mall\Application\Runtime\Cache\Home\63839bc489ada1b251c78e0251f28b7d.php 第 109 行.
NOTIC: [8] Use of undefined constant id - assumed 'id' D:\Project\mall\Application\Runtime\Cache\Home\63839bc489ada1b251c78e0251f28b7d.php 第 109 行.
NOTIC: [8] Use of undefined constant id - assumed 'id' D:\Project\mall\Application\Runtime\Cache\Home\63839bc489ada1b251c78e0251f28b7d.php 第 109 行.
INFO: Run Behavior\ParseTemplateBehavior [ RunTime:0.000000s ]
INFO: [ view_parse ] --END-- [ RunTime:0.000000s ]
INFO: [ view_filter ] --START--
INFO: Run Behavior\WriteHtmlCacheBehavior [ RunTime:0.000000s ]
INFO: [ view_filter ] --END-- [ RunTime:0.000000s ]
INFO: [ app_end ] --START--
INFO: Run Behavior\ShowPageTraceBehavior [ RunTime:0.000000s ]
INFO: [ app_end ] --END-- [ RunTime:0.000000s ]

[ 2017-08-30T17:45:50+08:00 ] 127.0.0.1 /index.php?m=Home&c=cart&a=add&id=11
INFO: [ app_init ] --START--
INFO: Run Behavior\BuildLiteBehavior [ RunTime:0.000000s ]
INFO: [ app_init ] --END-- [ RunTime:0.000000s ]
INFO: [ app_begin ] --START--
INFO: Run Behavior\ReadHtmlCacheBehavior [ RunTime:0.000000s ]
INFO: [ app_begin ] --END-- [ RunTime:0.000000s ]
SQL: SHOW COLUMNS FROM `goods` [ RunTime:0.0000s ]
SQL: SELECT `name`,`price`,`cover` FROM `goods` WHERE `id` = 11 LIMIT 1   [ RunTime:0.0000s ]
INFO: [ view_parse ] --START--
INFO: [ template_filter ] --START--
INFO: Run Behavior\ContentReplaceBehavior [ RunTime:0.000000s ]
INFO: [ template_filter ] --END-- [ RunTime:0.000000s ]
INFO: Run Behavior\ParseTemplateBehavior [ RunTime:0.000000s ]
INFO: [ view_parse ] --END-- [ RunTime:0.000000s ]
INFO: [ view_filter ] --START--
INFO: Run Behavior\WriteHtmlCacheBehavior [ RunTime:0.000000s ]
INFO: [ view_filter ] --END-- [ RunTime:0.000000s ]
INFO: [ app_end ] --START--
INFO: Run Behavior\ShowPageTraceBehavior [ RunTime:0.000000s ]
INFO: [ app_end ] --END-- [ RunTime:0.000000s ]

[ 2017-08-30T17:45:52+08:00 ] 127.0.0.1 /index.php?c=goods
INFO: [ app_init ] --START--
INFO: Run Behavior\BuildLiteBehavior [ RunTime:0.000000s ]
INFO: [ app_init ] --END-- [ RunTime:0.000000s ]
INFO: [ app_begin ] --START--
INFO: Run Behavior\ReadHtmlCacheBehavior [ RunTime:0.000000s ]
INFO: [ app_begin ] --END-- [ RunTime:0.000000s ]
SQL: SHOW COLUMNS FROM `v_goods_list` [ RunTime:0.0000s ]
SQL: SELECT * FROM `v_goods_list` WHERE `is_del` = 0 AND `status` = 0 ORDER BY `id` DESC LIMIT 0,9   [ RunTime:0.0000s ]
SQL: SELECT COUNT(*) AS tp_count FROM `v_goods_list` WHERE `is_del` = 0 AND `status` = 0 LIMIT 1   [ RunTime:0.0000s ]
INFO: [ view_parse ] --START--
INFO: [ template_filter ] --START--
INFO: Run Behavior\ContentReplaceBehavior [ RunTime:0.000000s ]
INFO: [ template_filter ] --END-- [ RunTime:0.000000s ]
NOTIC: [8] Use of undefined constant id - assumed 'id' D:\Project\mall\Application\Runtime\Cache\Home\63839bc489ada1b251c78e0251f28b7d.php 第 109 行.
NOTIC: [8] Use of undefined constant id - assumed 'id' D:\Project\mall\Application\Runtime\Cache\Home\63839bc489ada1b251c78e0251f28b7d.php 第 109 行.
NOTIC: [8] Use of undefined constant id - assumed 'id' D:\Project\mall\Application\Runtime\Cache\Home\63839bc489ada1b251c78e0251f28b7d.php 第 109 行.
NOTIC: [8] Use of undefined constant id - assumed 'id' D:\Project\mall\Application\Runtime\Cache\Home\63839bc489ada1b251c78e0251f28b7d.php 第 109 行.
NOTIC: [8] Use of undefined constant id - assumed 'id' D:\Project\mall\Application\Runtime\Cache\Home\63839bc489ada1b251c78e0251f28b7d.php 第 109 行.
NOTIC: [8] Use of undefined constant id - assumed 'id' D:\Project\mall\Application\Runtime\Cache\Home\63839bc489ada1b251c78e0251f28b7d.php 第 109 行.
NOTIC: [8] Use of undefined constant id - assumed 'id' D:\Project\mall\Application\Runtime\Cache\Home\63839bc489ada1b251c78e0251f28b7d.php 第 109 行.
NOTIC: [8] Use of undefined constant id - assumed 'id' D:\Project\mall\Application\Runtime\Cache\Home\63839bc489ada1b251c78e0251f28b7d.php 第 109 行.
NOTIC: [8] Use of undefined constant id - assumed 'id' D:\Project\mall\Application\Runtime\Cache\Home\63839bc489ada1b251c78e0251f28b7d.php 第 109 行.
INFO: Run Behavior\ParseTemplateBehavior [ RunTime:0.000000s ]
INFO: [ view_parse ] --END-- [ RunTime:0.000000s ]
INFO: [ view_filter ] --START--
INFO: Run Behavior\WriteHtmlCacheBehavior [ RunTime:0.000000s ]
INFO: [ view_filter ] --END-- [ RunTime:0.000000s ]
INFO: [ app_end ] --START--
INFO: Run Behavior\ShowPageTraceBehavior [ RunTime:0.000000s ]
INFO: [ app_end ] --END-- [ RunTime:0.000000s ]

[ 2017-08-30T17:46:40+08:00 ] 127.0.0.1 /index.php?m=Home&c=cart&a=add&id=10
INFO: [ app_init ] --START--
INFO: Run Behavior\BuildLiteBehavior [ RunTime:0.000000s ]
INFO: [ app_init ] --END-- [ RunTime:0.000000s ]
INFO: [ app_begin ] --START--
INFO: Run Behavior\ReadHtmlCacheBehavior [ RunTime:0.000000s ]
INFO: [ app_begin ] --END-- [ RunTime:0.000000s ]
SQL: SHOW COLUMNS FROM `goods` [ RunTime:0.0000s ]
SQL: SELECT `name`,`price`,`cover` FROM `goods` WHERE `id` = 10 LIMIT 1   [ RunTime:0.0000s ]
INFO: [ view_parse ] --START--
INFO: [ template_filter ] --START--
INFO: Run Behavior\ContentReplaceBehavior [ RunTime:0.000000s ]
INFO: [ template_filter ] --END-- [ RunTime:0.000000s ]
INFO: Run Behavior\ParseTemplateBehavior [ RunTime:0.000000s ]
INFO: [ view_parse ] --END-- [ RunTime:0.000000s ]
INFO: [ view_filter ] --START--
INFO: Run Behavior\WriteHtmlCacheBehavior [ RunTime:0.000000s ]
INFO: [ view_filter ] --END-- [ RunTime:0.000000s ]
INFO: [ app_end ] --START--
INFO: Run Behavior\ShowPageTraceBehavior [ RunTime:0.000000s ]
INFO: [ app_end ] --END-- [ RunTime:0.000000s ]

[ 2017-08-30T17:46:42+08:00 ] 127.0.0.1 /index.php?c=goods
INFO: [ app_init ] --START--
INFO: Run Behavior\BuildLiteBehavior [ RunTime:0.000000s ]
INFO: [ app_init ] --END-- [ RunTime:0.000000s ]
INFO: [ app_begin ] --START--
INFO: Run Behavior\ReadHtmlCacheBehavior [ RunTime:0.000000s ]
INFO: [ app_begin ] --END-- [ RunTime:0.000000s ]
SQL: SHOW COLUMNS FROM `v_goods_list` [ RunTime:0.0000s ]
SQL: SELECT * FROM `v_goods_list` WHERE `is_del` = 0 AND `status` = 0 ORDER BY `id` DESC LIMIT 0,9   [ RunTime:0.0000s ]
SQL: SELECT COUNT(*) AS tp_count FROM `v_goods_list` WHERE `is_del` = 0 AND `status` = 0 LIMIT 1   [ RunTime:0.0000s ]
INFO: [ view_parse ] --START--
INFO: [ template_filter ] --START--
INFO: Run Behavior\ContentReplaceBehavior [ RunTime:0.000000s ]
INFO: [ template_filter ] --END-- [ RunTime:0.000000s ]
NOTIC: [8] Use of undefined constant id - assumed 'id' D:\Project\mall\Application\Runtime\Cache\Home\63839bc489ada1b251c78e0251f28b7d.php 第 109 行.
NOTIC: [8] Use of undefined constant id - assumed 'id' D:\Project\mall\Application\Runtime\Cache\Home\63839bc489ada1b251c78e0251f28b7d.php 第 109 行.
NOTIC: [8] Use of undefined constant id - assumed 'id' D:\Project\mall\Application\Runtime\Cache\Home\63839bc489ada1b251c78e0251f28b7d.php 第 109 行.
NOTIC: [8] Use of undefined constant id - assumed 'id' D:\Project\mall\Application\Runtime\Cache\Home\63839bc489ada1b251c78e0251f28b7d.php 第 109 行.
NOTIC: [8] Use of undefined constant id - assumed 'id' D:\Project\mall\Application\Runtime\Cache\Home\63839bc489ada1b251c78e0251f28b7d.php 第 109 行.
NOTIC: [8] Use of undefined constant id - assumed 'id' D:\Project\mall\Application\Runtime\Cache\Home\63839bc489ada1b251c78e0251f28b7d.php 第 109 行.
NOTIC: [8] Use of undefined constant id - assumed 'id' D:\Project\mall\Application\Runtime\Cache\Home\63839bc489ada1b251c78e0251f28b7d.php 第 109 行.
NOTIC: [8] Use of undefined constant id - assumed 'id' D:\Project\mall\Application\Runtime\Cache\Home\63839bc489ada1b251c78e0251f28b7d.php 第 109 行.
NOTIC: [8] Use of undefined constant id - assumed 'id' D:\Project\mall\Application\Runtime\Cache\Home\63839bc489ada1b251c78e0251f28b7d.php 第 109 行.
INFO: Run Behavior\ParseTemplateBehavior [ RunTime:0.000000s ]
INFO: [ view_parse ] --END-- [ RunTime:0.000000s ]
INFO: [ view_filter ] --START--
INFO: Run Behavior\WriteHtmlCacheBehavior [ RunTime:0.000000s ]
INFO: [ view_filter ] --END-- [ RunTime:0.000000s ]
INFO: [ app_end ] --START--
INFO: Run Behavior\ShowPageTraceBehavior [ RunTime:0.000000s ]
INFO: [ app_end ] --END-- [ RunTime:0.000000s ]

[ 2017-08-30T17:47:14+08:00 ] 127.0.0.1 /index.php?m=Home&c=cart&a=add&id=11
INFO: [ app_init ] --START--
INFO: Run Behavior\BuildLiteBehavior [ RunTime:0.000000s ]
INFO: [ app_init ] --END-- [ RunTime:0.000000s ]
INFO: [ app_begin ] --START--
INFO: Run Behavior\ReadHtmlCacheBehavior [ RunTime:0.000000s ]
INFO: [ app_begin ] --END-- [ RunTime:0.000000s ]
SQL: SHOW COLUMNS FROM `goods` [ RunTime:0.0000s ]
SQL: SELECT `name`,`price`,`cover` FROM `goods` WHERE `id` = 11 LIMIT 1   [ RunTime:0.0000s ]
INFO: [ view_parse ] --START--
INFO: [ template_filter ] --START--
INFO: Run Behavior\ContentReplaceBehavior [ RunTime:0.000000s ]
INFO: [ template_filter ] --END-- [ RunTime:0.000000s ]
INFO: Run Behavior\ParseTemplateBehavior [ RunTime:0.000000s ]
INFO: [ view_parse ] --END-- [ RunTime:0.000000s ]
INFO: [ view_filter ] --START--
INFO: Run Behavior\WriteHtmlCacheBehavior [ RunTime:0.000000s ]
INFO: [ view_filter ] --END-- [ RunTime:0.000000s ]
INFO: [ app_end ] --START--
INFO: Run Behavior\ShowPageTraceBehavior [ RunTime:0.000000s ]
INFO: [ app_end ] --END-- [ RunTime:0.000000s ]

[ 2017-08-30T17:47:16+08:00 ] 127.0.0.1 /index.php?c=goods
INFO: [ app_init ] --START--
INFO: Run Behavior\BuildLiteBehavior [ RunTime:0.000000s ]
INFO: [ app_init ] --END-- [ RunTime:0.000000s ]
INFO: [ app_begin ] --START--
INFO: Run Behavior\ReadHtmlCacheBehavior [ RunTime:0.000000s ]
INFO: [ app_begin ] --END-- [ RunTime:0.000000s ]
SQL: SHOW COLUMNS FROM `v_goods_list` [ RunTime:0.0000s ]
SQL: SELECT * FROM `v_goods_list` WHERE `is_del` = 0 AND `status` = 0 ORDER BY `id` DESC LIMIT 0,9   [ RunTime:0.0000s ]
SQL: SELECT COUNT(*) AS tp_count FROM `v_goods_list` WHERE `is_del` = 0 AND `status` = 0 LIMIT 1   [ RunTime:0.0000s ]
INFO: [ view_parse ] --START--
INFO: [ template_filter ] --START--
INFO: Run Behavior\ContentReplaceBehavior [ RunTime:0.000000s ]
INFO: [ template_filter ] --END-- [ RunTime:0.000000s ]
NOTIC: [8] Use of undefined constant id - assumed 'id' D:\Project\mall\Application\Runtime\Cache\Home\63839bc489ada1b251c78e0251f28b7d.php 第 109 行.
NOTIC: [8] Use of undefined constant id - assumed 'id' D:\Project\mall\Application\Runtime\Cache\Home\63839bc489ada1b251c78e0251f28b7d.php 第 109 行.
NOTIC: [8] Use of undefined constant id - assumed 'id' D:\Project\mall\Application\Runtime\Cache\Home\63839bc489ada1b251c78e0251f28b7d.php 第 109 行.
NOTIC: [8] Use of undefined constant id - assumed 'id' D:\Project\mall\Application\Runtime\Cache\Home\63839bc489ada1b251c78e0251f28b7d.php 第 109 行.
NOTIC: [8] Use of undefined constant id - assumed 'id' D:\Project\mall\Application\Runtime\Cache\Home\63839bc489ada1b251c78e0251f28b7d.php 第 109 行.
NOTIC: [8] Use of undefined constant id - assumed 'id' D:\Project\mall\Application\Runtime\Cache\Home\63839bc489ada1b251c78e0251f28b7d.php 第 109 行.
NOTIC: [8] Use of undefined constant id - assumed 'id' D:\Project\mall\Application\Runtime\Cache\Home\63839bc489ada1b251c78e0251f28b7d.php 第 109 行.
NOTIC: [8] Use of undefined constant id - assumed 'id' D:\Project\mall\Application\Runtime\Cache\Home\63839bc489ada1b251c78e0251f28b7d.php 第 109 行.
NOTIC: [8] Use of undefined constant id - assumed 'id' D:\Project\mall\Application\Runtime\Cache\Home\63839bc489ada1b251c78e0251f28b7d.php 第 109 行.
INFO: Run Behavior\ParseTemplateBehavior [ RunTime:0.000000s ]
INFO: [ view_parse ] --END-- [ RunTime:0.000000s ]
INFO: [ view_filter ] --START--
INFO: Run Behavior\WriteHtmlCacheBehavior [ RunTime:0.000000s ]
INFO: [ view_filter ] --END-- [ RunTime:0.000000s ]
INFO: [ app_end ] --START--
INFO: Run Behavior\ShowPageTraceBehavior [ RunTime:0.000000s ]
INFO: [ app_end ] --END-- [ RunTime:0.000000s ]

