[ 2017-09-01T08:56:31+08:00 ] 127.0.0.1 /index.php?c=goods
INFO: [ app_init ] --START--
INFO: Run Behavior\BuildLiteBehavior [ RunTime:0.000000s ]
INFO: [ app_init ] --END-- [ RunTime:0.031250s ]
INFO: [ app_begin ] --START--
INFO: Run Behavior\ReadHtmlCacheBehavior [ RunTime:0.000000s ]
INFO: [ app_begin ] --END-- [ RunTime:0.000000s ]
SQL: SHOW COLUMNS FROM `v_goods_list` [ RunTime:0.0156s ]
SQL: SELECT * FROM `v_goods_list` WHERE `is_del` = 0 AND `status` = 0 ORDER BY `id` DESC LIMIT 0,9   [ RunTime:0.0156s ]
SQL: SELECT COUNT(*) AS tp_count FROM `v_goods_list` WHERE `is_del` = 0 AND `status` = 0 LIMIT 1   [ RunTime:0.0000s ]
SQL: SHOW COLUMNS FROM `goods_cat` [ RunTime:0.0000s ]
SQL: SELECT * FROM `goods_cat` WHERE `is_del` = 0 ORDER BY `id` ASC  [ RunTime:0.0000s ]
INFO: [ view_parse ] --START--
INFO: [ template_filter ] --START--
INFO: Run Behavior\ContentReplaceBehavior [ RunTime:0.015625s ]
INFO: [ template_filter ] --END-- [ RunTime:0.015625s ]
NOTIC: [8] Use of undefined constant cat - assumed 'cat' D:\Project\mall\Application\Runtime\Cache\Home\63839bc489ada1b251c78e0251f28b7d.php 第 79 行.
NOTIC: [8] Use of undefined constant cat - assumed 'cat' D:\Project\mall\Application\Runtime\Cache\Home\63839bc489ada1b251c78e0251f28b7d.php 第 79 行.
NOTIC: [8] Use of undefined constant cat - assumed 'cat' D:\Project\mall\Application\Runtime\Cache\Home\63839bc489ada1b251c78e0251f28b7d.php 第 79 行.
NOTIC: [8] Use of undefined constant cat - assumed 'cat' D:\Project\mall\Application\Runtime\Cache\Home\63839bc489ada1b251c78e0251f28b7d.php 第 79 行.
NOTIC: [8] Use of undefined constant cat - assumed 'cat' D:\Project\mall\Application\Runtime\Cache\Home\63839bc489ada1b251c78e0251f28b7d.php 第 79 行.
NOTIC: [8] Use of undefined constant id - assumed 'id' D:\Project\mall\Application\Runtime\Cache\Home\63839bc489ada1b251c78e0251f28b7d.php 第 111 行.
NOTIC: [8] Use of undefined constant id - assumed 'id' D:\Project\mall\Application\Runtime\Cache\Home\63839bc489ada1b251c78e0251f28b7d.php 第 111 行.
NOTIC: [8] Use of undefined constant id - assumed 'id' D:\Project\mall\Application\Runtime\Cache\Home\63839bc489ada1b251c78e0251f28b7d.php 第 111 行.
NOTIC: [8] Use of undefined constant id - assumed 'id' D:\Project\mall\Application\Runtime\Cache\Home\63839bc489ada1b251c78e0251f28b7d.php 第 111 行.
NOTIC: [8] Use of undefined constant id - assumed 'id' D:\Project\mall\Application\Runtime\Cache\Home\63839bc489ada1b251c78e0251f28b7d.php 第 111 行.
NOTIC: [8] Use of undefined constant id - assumed 'id' D:\Project\mall\Application\Runtime\Cache\Home\63839bc489ada1b251c78e0251f28b7d.php 第 111 行.
NOTIC: [8] Use of undefined constant id - assumed 'id' D:\Project\mall\Application\Runtime\Cache\Home\63839bc489ada1b251c78e0251f28b7d.php 第 111 行.
NOTIC: [8] Use of undefined constant id - assumed 'id' D:\Project\mall\Application\Runtime\Cache\Home\63839bc489ada1b251c78e0251f28b7d.php 第 111 行.
NOTIC: [8] Use of undefined constant id - assumed 'id' D:\Project\mall\Application\Runtime\Cache\Home\63839bc489ada1b251c78e0251f28b7d.php 第 111 行.
INFO: Run Behavior\ParseTemplateBehavior [ RunTime:0.062500s ]
INFO: [ view_parse ] --END-- [ RunTime:0.062500s ]
INFO: [ view_filter ] --START--
INFO: Run Behavior\WriteHtmlCacheBehavior [ RunTime:0.000000s ]
INFO: [ view_filter ] --END-- [ RunTime:0.000000s ]
INFO: [ app_end ] --START--
INFO: Run Behavior\ShowPageTraceBehavior [ RunTime:0.000000s ]
INFO: [ app_end ] --END-- [ RunTime:0.000000s ]

[ 2017-09-01T08:56:34+08:00 ] 127.0.0.1 /index.php?m=Home&c=cart&a=index
INFO: [ app_init ] --START--
INFO: Run Behavior\BuildLiteBehavior [ RunTime:0.000000s ]
INFO: [ app_init ] --END-- [ RunTime:0.000000s ]
INFO: [ app_begin ] --START--
INFO: Run Behavior\ReadHtmlCacheBehavior [ RunTime:0.000000s ]
INFO: [ app_begin ] --END-- [ RunTime:0.000000s ]
NOTIC: [8] Undefined index: original_price D:\Project\mall\Application\Home\Controller\CartController.class.php 第 26 行.
NOTIC: [8] Undefined index: original_price D:\Project\mall\Application\Home\Controller\CartController.class.php 第 26 行.
NOTIC: [8] Undefined index: original_price D:\Project\mall\Application\Home\Controller\CartController.class.php 第 26 行.
NOTIC: [8] Undefined index: original_price D:\Project\mall\Application\Home\Controller\CartController.class.php 第 26 行.
SQL: SHOW COLUMNS FROM `goods_cat` [ RunTime:0.0000s ]
SQL: SELECT * FROM `goods_cat` WHERE `is_del` = 0 ORDER BY `id` ASC  [ RunTime:0.0000s ]
INFO: [ view_parse ] --START--
INFO: [ template_filter ] --START--
INFO: Run Behavior\ContentReplaceBehavior [ RunTime:0.015625s ]
INFO: [ template_filter ] --END-- [ RunTime:0.015625s ]
NOTIC: [8] Use of undefined constant cat - assumed 'cat' D:\Project\mall\Application\Runtime\Cache\Home\6f105010063b4e4da2af04cb5dd2d5a4.php 第 79 行.
NOTIC: [8] Use of undefined constant cat - assumed 'cat' D:\Project\mall\Application\Runtime\Cache\Home\6f105010063b4e4da2af04cb5dd2d5a4.php 第 79 行.
NOTIC: [8] Use of undefined constant cat - assumed 'cat' D:\Project\mall\Application\Runtime\Cache\Home\6f105010063b4e4da2af04cb5dd2d5a4.php 第 79 行.
NOTIC: [8] Use of undefined constant cat - assumed 'cat' D:\Project\mall\Application\Runtime\Cache\Home\6f105010063b4e4da2af04cb5dd2d5a4.php 第 79 行.
NOTIC: [8] Use of undefined constant cat - assumed 'cat' D:\Project\mall\Application\Runtime\Cache\Home\6f105010063b4e4da2af04cb5dd2d5a4.php 第 79 行.
INFO: Run Behavior\ParseTemplateBehavior [ RunTime:0.015625s ]
INFO: [ view_parse ] --END-- [ RunTime:0.015625s ]
INFO: [ view_filter ] --START--
INFO: Run Behavior\WriteHtmlCacheBehavior [ RunTime:0.000000s ]
INFO: [ view_filter ] --END-- [ RunTime:0.000000s ]
INFO: [ app_end ] --START--
INFO: Run Behavior\ShowPageTraceBehavior [ RunTime:0.000000s ]
INFO: [ app_end ] --END-- [ RunTime:0.000000s ]

[ 2017-09-01T09:10:19+08:00 ] 127.0.0.1 /index.php?m=Home&c=order&a=create
INFO: [ app_init ] --START--
INFO: Run Behavior\BuildLiteBehavior [ RunTime:0.000000s ]
INFO: [ app_init ] --END-- [ RunTime:0.000000s ]
INFO: [ app_begin ] --START--
INFO: Run Behavior\ReadHtmlCacheBehavior [ RunTime:0.000000s ]
INFO: [ app_begin ] --END-- [ RunTime:0.000000s ]
SQL: SHOW COLUMNS FROM `address` [ RunTime:0.0000s ]
SQL: SELECT * FROM `address` ORDER BY `is_default` DESC, `id` ASC  [ RunTime:0.0000s ]
SQL: SHOW COLUMNS FROM `goods_cat` [ RunTime:0.0000s ]
SQL: SELECT * FROM `goods_cat` WHERE `is_del` = 0 ORDER BY `id` ASC  [ RunTime:0.0000s ]
INFO: [ view_parse ] --START--
INFO: [ template_filter ] --START--
INFO: Run Behavior\ContentReplaceBehavior [ RunTime:0.000000s ]
INFO: [ template_filter ] --END-- [ RunTime:0.000000s ]

[ 2017-09-01T09:10:58+08:00 ] 127.0.0.1 /index.php?m=Home&c=order&a=create
INFO: [ app_init ] --START--
INFO: Run Behavior\BuildLiteBehavior [ RunTime:0.000000s ]
INFO: [ app_init ] --END-- [ RunTime:0.000000s ]
INFO: [ app_begin ] --START--
INFO: Run Behavior\ReadHtmlCacheBehavior [ RunTime:0.000000s ]
INFO: [ app_begin ] --END-- [ RunTime:0.000000s ]
SQL: SHOW COLUMNS FROM `address` [ RunTime:0.0000s ]
SQL: SELECT * FROM `address` ORDER BY `is_default` DESC, `id` ASC  [ RunTime:0.0000s ]
SQL: SHOW COLUMNS FROM `goods_cat` [ RunTime:0.0000s ]
SQL: SELECT * FROM `goods_cat` WHERE `is_del` = 0 ORDER BY `id` ASC  [ RunTime:0.0000s ]
INFO: [ view_parse ] --START--
INFO: [ template_filter ] --START--
INFO: Run Behavior\ContentReplaceBehavior [ RunTime:0.000000s ]
INFO: [ template_filter ] --END-- [ RunTime:0.000000s ]

[ 2017-09-01T09:11:31+08:00 ] 127.0.0.1 /index.php?m=Home&c=order&a=create
INFO: [ app_init ] --START--
INFO: Run Behavior\BuildLiteBehavior [ RunTime:0.000000s ]
INFO: [ app_init ] --END-- [ RunTime:0.000000s ]
INFO: [ app_begin ] --START--
INFO: Run Behavior\ReadHtmlCacheBehavior [ RunTime:0.000000s ]
INFO: [ app_begin ] --END-- [ RunTime:0.000000s ]
SQL: SHOW COLUMNS FROM `address` [ RunTime:0.0000s ]
SQL: SELECT * FROM `address` ORDER BY `is_default` DESC, `id` ASC  [ RunTime:0.0000s ]
SQL: SHOW COLUMNS FROM `goods_cat` [ RunTime:0.0000s ]
SQL: SELECT * FROM `goods_cat` WHERE `is_del` = 0 ORDER BY `id` ASC  [ RunTime:0.0000s ]
INFO: [ view_parse ] --START--
INFO: [ template_filter ] --START--
INFO: Run Behavior\ContentReplaceBehavior [ RunTime:0.000000s ]
INFO: [ template_filter ] --END-- [ RunTime:0.000000s ]

[ 2017-09-01T09:12:01+08:00 ] 127.0.0.1 /index.php?m=Home&c=order&a=create
INFO: [ app_init ] --START--
INFO: Run Behavior\BuildLiteBehavior [ RunTime:0.000000s ]
INFO: [ app_init ] --END-- [ RunTime:0.000000s ]
INFO: [ app_begin ] --START--
INFO: Run Behavior\ReadHtmlCacheBehavior [ RunTime:0.000000s ]
INFO: [ app_begin ] --END-- [ RunTime:0.000000s ]
SQL: SHOW COLUMNS FROM `address` [ RunTime:0.0000s ]
SQL: SELECT * FROM `address` ORDER BY `is_default` DESC, `id` ASC  [ RunTime:0.0000s ]
SQL: SHOW COLUMNS FROM `goods_cat` [ RunTime:0.0000s ]
SQL: SELECT * FROM `goods_cat` WHERE `is_del` = 0 ORDER BY `id` ASC  [ RunTime:0.0000s ]
INFO: [ view_parse ] --START--
INFO: [ template_filter ] --START--
INFO: Run Behavior\ContentReplaceBehavior [ RunTime:0.000000s ]
INFO: [ template_filter ] --END-- [ RunTime:0.000000s ]
NOTIC: [8] Use of undefined constant cat - assumed 'cat' D:\Project\mall\Application\Runtime\Cache\Home\a730c022b708aa9e4cb18f7a0946d324.php 第 79 行.
NOTIC: [8] Use of undefined constant cat - assumed 'cat' D:\Project\mall\Application\Runtime\Cache\Home\a730c022b708aa9e4cb18f7a0946d324.php 第 79 行.
NOTIC: [8] Use of undefined constant cat - assumed 'cat' D:\Project\mall\Application\Runtime\Cache\Home\a730c022b708aa9e4cb18f7a0946d324.php 第 79 行.
NOTIC: [8] Use of undefined constant cat - assumed 'cat' D:\Project\mall\Application\Runtime\Cache\Home\a730c022b708aa9e4cb18f7a0946d324.php 第 79 行.
NOTIC: [8] Use of undefined constant cat - assumed 'cat' D:\Project\mall\Application\Runtime\Cache\Home\a730c022b708aa9e4cb18f7a0946d324.php 第 79 行.
INFO: Run Behavior\ParseTemplateBehavior [ RunTime:0.000000s ]
INFO: [ view_parse ] --END-- [ RunTime:0.000000s ]
INFO: [ view_filter ] --START--
INFO: Run Behavior\WriteHtmlCacheBehavior [ RunTime:0.000000s ]
INFO: [ view_filter ] --END-- [ RunTime:0.000000s ]
INFO: [ app_end ] --START--
INFO: Run Behavior\ShowPageTraceBehavior [ RunTime:0.000000s ]
INFO: [ app_end ] --END-- [ RunTime:0.000000s ]

[ 2017-09-01T09:12:51+08:00 ] 127.0.0.1 /index.php?m=Home&c=order&a=create
INFO: [ app_init ] --START--
INFO: Run Behavior\BuildLiteBehavior [ RunTime:0.000000s ]
INFO: [ app_init ] --END-- [ RunTime:0.000000s ]
INFO: [ app_begin ] --START--
INFO: Run Behavior\ReadHtmlCacheBehavior [ RunTime:0.000000s ]
INFO: [ app_begin ] --END-- [ RunTime:0.000000s ]
SQL: SHOW COLUMNS FROM `address` [ RunTime:0.0000s ]
SQL: SELECT * FROM `address` ORDER BY `is_default` DESC, `id` ASC  [ RunTime:0.0000s ]
SQL: SHOW COLUMNS FROM `goods_cat` [ RunTime:0.0000s ]
SQL: SELECT * FROM `goods_cat` WHERE `is_del` = 0 ORDER BY `id` ASC  [ RunTime:0.0000s ]
INFO: [ view_parse ] --START--
INFO: [ template_filter ] --START--
INFO: Run Behavior\ContentReplaceBehavior [ RunTime:0.000000s ]
INFO: [ template_filter ] --END-- [ RunTime:0.000000s ]
NOTIC: [8] Use of undefined constant cat - assumed 'cat' D:\Project\mall\Application\Runtime\Cache\Home\a730c022b708aa9e4cb18f7a0946d324.php 第 79 行.
NOTIC: [8] Use of undefined constant cat - assumed 'cat' D:\Project\mall\Application\Runtime\Cache\Home\a730c022b708aa9e4cb18f7a0946d324.php 第 79 行.
NOTIC: [8] Use of undefined constant cat - assumed 'cat' D:\Project\mall\Application\Runtime\Cache\Home\a730c022b708aa9e4cb18f7a0946d324.php 第 79 行.
NOTIC: [8] Use of undefined constant cat - assumed 'cat' D:\Project\mall\Application\Runtime\Cache\Home\a730c022b708aa9e4cb18f7a0946d324.php 第 79 行.
NOTIC: [8] Use of undefined constant cat - assumed 'cat' D:\Project\mall\Application\Runtime\Cache\Home\a730c022b708aa9e4cb18f7a0946d324.php 第 79 行.
INFO: Run Behavior\ParseTemplateBehavior [ RunTime:0.000000s ]
INFO: [ view_parse ] --END-- [ RunTime:0.000000s ]
INFO: [ view_filter ] --START--
INFO: Run Behavior\WriteHtmlCacheBehavior [ RunTime:0.000000s ]
INFO: [ view_filter ] --END-- [ RunTime:0.000000s ]
INFO: [ app_end ] --START--
INFO: Run Behavior\ShowPageTraceBehavior [ RunTime:0.000000s ]
INFO: [ app_end ] --END-- [ RunTime:0.000000s ]

[ 2017-09-01T09:14:30+08:00 ] 127.0.0.1 /index.php?m=Home&c=order&a=create
INFO: [ app_init ] --START--
INFO: Run Behavior\BuildLiteBehavior [ RunTime:0.000000s ]
INFO: [ app_init ] --END-- [ RunTime:0.000000s ]
INFO: [ app_begin ] --START--
INFO: Run Behavior\ReadHtmlCacheBehavior [ RunTime:0.000000s ]
INFO: [ app_begin ] --END-- [ RunTime:0.000000s ]
SQL: SHOW COLUMNS FROM `address` [ RunTime:0.0000s ]
SQL: SELECT * FROM `address` ORDER BY `is_default` DESC, `id` ASC  [ RunTime:0.0000s ]
SQL: SHOW COLUMNS FROM `goods_cat` [ RunTime:0.0000s ]
SQL: SELECT * FROM `goods_cat` WHERE `is_del` = 0 ORDER BY `id` ASC  [ RunTime:0.0000s ]
INFO: [ view_parse ] --START--
INFO: [ template_filter ] --START--
INFO: Run Behavior\ContentReplaceBehavior [ RunTime:0.000000s ]
INFO: [ template_filter ] --END-- [ RunTime:0.000000s ]
NOTIC: [8] Use of undefined constant cat - assumed 'cat' D:\Project\mall\Application\Runtime\Cache\Home\a730c022b708aa9e4cb18f7a0946d324.php 第 79 行.
NOTIC: [8] Use of undefined constant cat - assumed 'cat' D:\Project\mall\Application\Runtime\Cache\Home\a730c022b708aa9e4cb18f7a0946d324.php 第 79 行.
NOTIC: [8] Use of undefined constant cat - assumed 'cat' D:\Project\mall\Application\Runtime\Cache\Home\a730c022b708aa9e4cb18f7a0946d324.php 第 79 行.
NOTIC: [8] Use of undefined constant cat - assumed 'cat' D:\Project\mall\Application\Runtime\Cache\Home\a730c022b708aa9e4cb18f7a0946d324.php 第 79 行.
NOTIC: [8] Use of undefined constant cat - assumed 'cat' D:\Project\mall\Application\Runtime\Cache\Home\a730c022b708aa9e4cb18f7a0946d324.php 第 79 行.
NOTIC: [8] Undefined variable: 1 D:\Project\mall\Application\Runtime\Cache\Home\a730c022b708aa9e4cb18f7a0946d324.php 第 105 行.
INFO: Run Behavior\ParseTemplateBehavior [ RunTime:0.015625s ]
INFO: [ view_parse ] --END-- [ RunTime:0.015625s ]
INFO: [ view_filter ] --START--
INFO: Run Behavior\WriteHtmlCacheBehavior [ RunTime:0.000000s ]
INFO: [ view_filter ] --END-- [ RunTime:0.000000s ]
INFO: [ app_end ] --START--
INFO: Run Behavior\ShowPageTraceBehavior [ RunTime:0.000000s ]
INFO: [ app_end ] --END-- [ RunTime:0.000000s ]

[ 2017-09-01T09:15:05+08:00 ] 127.0.0.1 /index.php?m=Home&c=order&a=create
INFO: [ app_init ] --START--
INFO: Run Behavior\BuildLiteBehavior [ RunTime:0.000000s ]
INFO: [ app_init ] --END-- [ RunTime:0.000000s ]
INFO: [ app_begin ] --START--
INFO: Run Behavior\ReadHtmlCacheBehavior [ RunTime:0.000000s ]
INFO: [ app_begin ] --END-- [ RunTime:0.000000s ]
SQL: SHOW COLUMNS FROM `address` [ RunTime:0.0000s ]
SQL: SELECT * FROM `address` ORDER BY `is_default` DESC, `id` ASC  [ RunTime:0.0000s ]
SQL: SHOW COLUMNS FROM `goods_cat` [ RunTime:0.0000s ]
SQL: SELECT * FROM `goods_cat` WHERE `is_del` = 0 ORDER BY `id` ASC  [ RunTime:0.0000s ]
INFO: [ view_parse ] --START--
INFO: [ template_filter ] --START--
INFO: Run Behavior\ContentReplaceBehavior [ RunTime:0.000000s ]
INFO: [ template_filter ] --END-- [ RunTime:0.000000s ]
NOTIC: [8] Use of undefined constant cat - assumed 'cat' D:\Project\mall\Application\Runtime\Cache\Home\a730c022b708aa9e4cb18f7a0946d324.php 第 79 行.
NOTIC: [8] Use of undefined constant cat - assumed 'cat' D:\Project\mall\Application\Runtime\Cache\Home\a730c022b708aa9e4cb18f7a0946d324.php 第 79 行.
NOTIC: [8] Use of undefined constant cat - assumed 'cat' D:\Project\mall\Application\Runtime\Cache\Home\a730c022b708aa9e4cb18f7a0946d324.php 第 79 行.
NOTIC: [8] Use of undefined constant cat - assumed 'cat' D:\Project\mall\Application\Runtime\Cache\Home\a730c022b708aa9e4cb18f7a0946d324.php 第 79 行.
NOTIC: [8] Use of undefined constant cat - assumed 'cat' D:\Project\mall\Application\Runtime\Cache\Home\a730c022b708aa9e4cb18f7a0946d324.php 第 79 行.
INFO: Run Behavior\ParseTemplateBehavior [ RunTime:0.000000s ]
INFO: [ view_parse ] --END-- [ RunTime:0.000000s ]
INFO: [ view_filter ] --START--
INFO: Run Behavior\WriteHtmlCacheBehavior [ RunTime:0.000000s ]
INFO: [ view_filter ] --END-- [ RunTime:0.000000s ]
INFO: [ app_end ] --START--
INFO: Run Behavior\ShowPageTraceBehavior [ RunTime:0.000000s ]
INFO: [ app_end ] --END-- [ RunTime:0.000000s ]

[ 2017-09-01T09:15:31+08:00 ] 127.0.0.1 /index.php?m=Home&c=order&a=create
INFO: [ app_init ] --START--
INFO: Run Behavior\BuildLiteBehavior [ RunTime:0.000000s ]
INFO: [ app_init ] --END-- [ RunTime:0.000000s ]
INFO: [ app_begin ] --START--
INFO: Run Behavior\ReadHtmlCacheBehavior [ RunTime:0.000000s ]
INFO: [ app_begin ] --END-- [ RunTime:0.000000s ]
SQL: SHOW COLUMNS FROM `address` [ RunTime:0.0000s ]
SQL: SELECT * FROM `address` ORDER BY `is_default` DESC, `id` ASC  [ RunTime:0.0000s ]
SQL: SHOW COLUMNS FROM `goods_cat` [ RunTime:0.0000s ]
SQL: SELECT * FROM `goods_cat` WHERE `is_del` = 0 ORDER BY `id` ASC  [ RunTime:0.0000s ]
INFO: [ view_parse ] --START--
INFO: [ template_filter ] --START--
INFO: Run Behavior\ContentReplaceBehavior [ RunTime:0.000000s ]
INFO: [ template_filter ] --END-- [ RunTime:0.000000s ]
NOTIC: [8] Use of undefined constant cat - assumed 'cat' D:\Project\mall\Application\Runtime\Cache\Home\a730c022b708aa9e4cb18f7a0946d324.php 第 79 行.
NOTIC: [8] Use of undefined constant cat - assumed 'cat' D:\Project\mall\Application\Runtime\Cache\Home\a730c022b708aa9e4cb18f7a0946d324.php 第 79 行.
NOTIC: [8] Use of undefined constant cat - assumed 'cat' D:\Project\mall\Application\Runtime\Cache\Home\a730c022b708aa9e4cb18f7a0946d324.php 第 79 行.
NOTIC: [8] Use of undefined constant cat - assumed 'cat' D:\Project\mall\Application\Runtime\Cache\Home\a730c022b708aa9e4cb18f7a0946d324.php 第 79 行.
NOTIC: [8] Use of undefined constant cat - assumed 'cat' D:\Project\mall\Application\Runtime\Cache\Home\a730c022b708aa9e4cb18f7a0946d324.php 第 79 行.
INFO: Run Behavior\ParseTemplateBehavior [ RunTime:0.000000s ]
INFO: [ view_parse ] --END-- [ RunTime:0.000000s ]
INFO: [ view_filter ] --START--
INFO: Run Behavior\WriteHtmlCacheBehavior [ RunTime:0.000000s ]
INFO: [ view_filter ] --END-- [ RunTime:0.000000s ]
INFO: [ app_end ] --START--
INFO: Run Behavior\ShowPageTraceBehavior [ RunTime:0.000000s ]
INFO: [ app_end ] --END-- [ RunTime:0.000000s ]

[ 2017-09-01T09:16:29+08:00 ] 127.0.0.1 /index.php?m=Home&c=order&a=create
INFO: [ app_init ] --START--
INFO: Run Behavior\BuildLiteBehavior [ RunTime:0.000000s ]
INFO: [ app_init ] --END-- [ RunTime:0.000000s ]
INFO: [ app_begin ] --START--
INFO: Run Behavior\ReadHtmlCacheBehavior [ RunTime:0.000000s ]
INFO: [ app_begin ] --END-- [ RunTime:0.000000s ]
SQL: SHOW COLUMNS FROM `address` [ RunTime:0.0000s ]
SQL: SELECT * FROM `address` ORDER BY `is_default` DESC, `id` ASC  [ RunTime:0.0000s ]
SQL: SHOW COLUMNS FROM `goods_cat` [ RunTime:0.0000s ]
SQL: SELECT * FROM `goods_cat` WHERE `is_del` = 0 ORDER BY `id` ASC  [ RunTime:0.0000s ]
INFO: [ view_parse ] --START--
INFO: [ template_filter ] --START--
INFO: Run Behavior\ContentReplaceBehavior [ RunTime:0.000000s ]
INFO: [ template_filter ] --END-- [ RunTime:0.000000s ]
NOTIC: [8] Use of undefined constant cat - assumed 'cat' D:\Project\mall\Application\Runtime\Cache\Home\a730c022b708aa9e4cb18f7a0946d324.php 第 79 行.
NOTIC: [8] Use of undefined constant cat - assumed 'cat' D:\Project\mall\Application\Runtime\Cache\Home\a730c022b708aa9e4cb18f7a0946d324.php 第 79 行.
NOTIC: [8] Use of undefined constant cat - assumed 'cat' D:\Project\mall\Application\Runtime\Cache\Home\a730c022b708aa9e4cb18f7a0946d324.php 第 79 行.
NOTIC: [8] Use of undefined constant cat - assumed 'cat' D:\Project\mall\Application\Runtime\Cache\Home\a730c022b708aa9e4cb18f7a0946d324.php 第 79 行.
NOTIC: [8] Use of undefined constant cat - assumed 'cat' D:\Project\mall\Application\Runtime\Cache\Home\a730c022b708aa9e4cb18f7a0946d324.php 第 79 行.
INFO: Run Behavior\ParseTemplateBehavior [ RunTime:0.000000s ]
INFO: [ view_parse ] --END-- [ RunTime:0.000000s ]
INFO: [ view_filter ] --START--
INFO: Run Behavior\WriteHtmlCacheBehavior [ RunTime:0.000000s ]
INFO: [ view_filter ] --END-- [ RunTime:0.000000s ]
INFO: [ app_end ] --START--
INFO: Run Behavior\ShowPageTraceBehavior [ RunTime:0.000000s ]
INFO: [ app_end ] --END-- [ RunTime:0.000000s ]

[ 2017-09-01T09:16:49+08:00 ] 127.0.0.1 /index.php?m=Home&c=order&a=create
INFO: [ app_init ] --START--
INFO: Run Behavior\BuildLiteBehavior [ RunTime:0.000000s ]
INFO: [ app_init ] --END-- [ RunTime:0.000000s ]
INFO: [ app_begin ] --START--
INFO: Run Behavior\ReadHtmlCacheBehavior [ RunTime:0.000000s ]
INFO: [ app_begin ] --END-- [ RunTime:0.000000s ]
SQL: SHOW COLUMNS FROM `address` [ RunTime:0.0000s ]
SQL: SELECT * FROM `address` ORDER BY `is_default` DESC, `id` ASC  [ RunTime:0.0000s ]
SQL: SHOW COLUMNS FROM `goods_cat` [ RunTime:0.0000s ]
SQL: SELECT * FROM `goods_cat` WHERE `is_del` = 0 ORDER BY `id` ASC  [ RunTime:0.0000s ]
INFO: [ view_parse ] --START--
INFO: [ template_filter ] --START--
INFO: Run Behavior\ContentReplaceBehavior [ RunTime:0.000000s ]
INFO: [ template_filter ] --END-- [ RunTime:0.000000s ]
NOTIC: [8] Use of undefined constant cat - assumed 'cat' D:\Project\mall\Application\Runtime\Cache\Home\a730c022b708aa9e4cb18f7a0946d324.php 第 79 行.
NOTIC: [8] Use of undefined constant cat - assumed 'cat' D:\Project\mall\Application\Runtime\Cache\Home\a730c022b708aa9e4cb18f7a0946d324.php 第 79 行.
NOTIC: [8] Use of undefined constant cat - assumed 'cat' D:\Project\mall\Application\Runtime\Cache\Home\a730c022b708aa9e4cb18f7a0946d324.php 第 79 行.
NOTIC: [8] Use of undefined constant cat - assumed 'cat' D:\Project\mall\Application\Runtime\Cache\Home\a730c022b708aa9e4cb18f7a0946d324.php 第 79 行.
NOTIC: [8] Use of undefined constant cat - assumed 'cat' D:\Project\mall\Application\Runtime\Cache\Home\a730c022b708aa9e4cb18f7a0946d324.php 第 79 行.
INFO: Run Behavior\ParseTemplateBehavior [ RunTime:0.000000s ]
INFO: [ view_parse ] --END-- [ RunTime:0.000000s ]
INFO: [ view_filter ] --START--
INFO: Run Behavior\WriteHtmlCacheBehavior [ RunTime:0.000000s ]
INFO: [ view_filter ] --END-- [ RunTime:0.000000s ]
INFO: [ app_end ] --START--
INFO: Run Behavior\ShowPageTraceBehavior [ RunTime:0.000000s ]
INFO: [ app_end ] --END-- [ RunTime:0.000000s ]

[ 2017-09-01T09:17:21+08:00 ] 127.0.0.1 /index.php?m=Home&c=order&a=create
INFO: [ app_init ] --START--
INFO: Run Behavior\BuildLiteBehavior [ RunTime:0.000000s ]
INFO: [ app_init ] --END-- [ RunTime:0.000000s ]
INFO: [ app_begin ] --START--
INFO: Run Behavior\ReadHtmlCacheBehavior [ RunTime:0.000000s ]
INFO: [ app_begin ] --END-- [ RunTime:0.000000s ]
SQL: SHOW COLUMNS FROM `address` [ RunTime:0.0000s ]
SQL: SELECT * FROM `address` ORDER BY `is_default` DESC, `id` ASC  [ RunTime:0.0000s ]
SQL: SHOW COLUMNS FROM `goods_cat` [ RunTime:0.0000s ]
SQL: SELECT * FROM `goods_cat` WHERE `is_del` = 0 ORDER BY `id` ASC  [ RunTime:0.0000s ]
INFO: [ view_parse ] --START--
INFO: [ template_filter ] --START--
INFO: Run Behavior\ContentReplaceBehavior [ RunTime:0.000000s ]
INFO: [ template_filter ] --END-- [ RunTime:0.000000s ]
NOTIC: [8] Use of undefined constant cat - assumed 'cat' D:\Project\mall\Application\Runtime\Cache\Home\a730c022b708aa9e4cb18f7a0946d324.php 第 79 行.
NOTIC: [8] Use of undefined constant cat - assumed 'cat' D:\Project\mall\Application\Runtime\Cache\Home\a730c022b708aa9e4cb18f7a0946d324.php 第 79 行.
NOTIC: [8] Use of undefined constant cat - assumed 'cat' D:\Project\mall\Application\Runtime\Cache\Home\a730c022b708aa9e4cb18f7a0946d324.php 第 79 行.
NOTIC: [8] Use of undefined constant cat - assumed 'cat' D:\Project\mall\Application\Runtime\Cache\Home\a730c022b708aa9e4cb18f7a0946d324.php 第 79 行.
NOTIC: [8] Use of undefined constant cat - assumed 'cat' D:\Project\mall\Application\Runtime\Cache\Home\a730c022b708aa9e4cb18f7a0946d324.php 第 79 行.
INFO: Run Behavior\ParseTemplateBehavior [ RunTime:0.000000s ]
INFO: [ view_parse ] --END-- [ RunTime:0.000000s ]
INFO: [ view_filter ] --START--
INFO: Run Behavior\WriteHtmlCacheBehavior [ RunTime:0.000000s ]
INFO: [ view_filter ] --END-- [ RunTime:0.000000s ]
INFO: [ app_end ] --START--
INFO: Run Behavior\ShowPageTraceBehavior [ RunTime:0.000000s ]
INFO: [ app_end ] --END-- [ RunTime:0.000000s ]

[ 2017-09-01T09:19:34+08:00 ] 127.0.0.1 /index.php?m=Home&c=order&a=create
INFO: [ app_init ] --START--
INFO: Run Behavior\BuildLiteBehavior [ RunTime:0.000000s ]
INFO: [ app_init ] --END-- [ RunTime:0.000000s ]
INFO: [ app_begin ] --START--
INFO: Run Behavior\ReadHtmlCacheBehavior [ RunTime:0.000000s ]
INFO: [ app_begin ] --END-- [ RunTime:0.000000s ]
SQL: SHOW COLUMNS FROM `address` [ RunTime:0.0000s ]
SQL: SELECT * FROM `address` WHERE `user_id` = null ORDER BY `is_default` DESC, `id` ASC  [ RunTime:0.0000s ]
SQL: SHOW COLUMNS FROM `goods_cat` [ RunTime:0.0000s ]
SQL: SELECT * FROM `goods_cat` WHERE `is_del` = 0 ORDER BY `id` ASC  [ RunTime:0.0000s ]
INFO: [ view_parse ] --START--
INFO: [ template_filter ] --START--
INFO: Run Behavior\ContentReplaceBehavior [ RunTime:0.000000s ]
INFO: [ template_filter ] --END-- [ RunTime:0.000000s ]
NOTIC: [8] Use of undefined constant cat - assumed 'cat' D:\Project\mall\Application\Runtime\Cache\Home\a730c022b708aa9e4cb18f7a0946d324.php 第 79 行.
NOTIC: [8] Use of undefined constant cat - assumed 'cat' D:\Project\mall\Application\Runtime\Cache\Home\a730c022b708aa9e4cb18f7a0946d324.php 第 79 行.
NOTIC: [8] Use of undefined constant cat - assumed 'cat' D:\Project\mall\Application\Runtime\Cache\Home\a730c022b708aa9e4cb18f7a0946d324.php 第 79 行.
NOTIC: [8] Use of undefined constant cat - assumed 'cat' D:\Project\mall\Application\Runtime\Cache\Home\a730c022b708aa9e4cb18f7a0946d324.php 第 79 行.
NOTIC: [8] Use of undefined constant cat - assumed 'cat' D:\Project\mall\Application\Runtime\Cache\Home\a730c022b708aa9e4cb18f7a0946d324.php 第 79 行.
INFO: Run Behavior\ParseTemplateBehavior [ RunTime:0.000000s ]
INFO: [ view_parse ] --END-- [ RunTime:0.000000s ]
INFO: [ view_filter ] --START--
INFO: Run Behavior\WriteHtmlCacheBehavior [ RunTime:0.000000s ]
INFO: [ view_filter ] --END-- [ RunTime:0.000000s ]
INFO: [ app_end ] --START--
INFO: Run Behavior\ShowPageTraceBehavior [ RunTime:0.000000s ]
INFO: [ app_end ] --END-- [ RunTime:0.000000s ]

[ 2017-09-01T09:19:49+08:00 ] 127.0.0.1 /index.php?m=Home&c=user&a=account
INFO: [ app_init ] --START--
INFO: Run Behavior\BuildLiteBehavior [ RunTime:0.000000s ]
INFO: [ app_init ] --END-- [ RunTime:0.000000s ]
INFO: [ app_begin ] --START--
INFO: Run Behavior\ReadHtmlCacheBehavior [ RunTime:0.000000s ]
INFO: [ app_begin ] --END-- [ RunTime:0.000000s ]
SQL: SHOW COLUMNS FROM `goods_cat` [ RunTime:0.0000s ]
SQL: SELECT * FROM `goods_cat` WHERE `is_del` = 0 ORDER BY `id` ASC  [ RunTime:0.0000s ]
INFO: [ view_parse ] --START--
INFO: [ template_filter ] --START--
INFO: Run Behavior\ContentReplaceBehavior [ RunTime:0.000000s ]
INFO: [ template_filter ] --END-- [ RunTime:0.000000s ]
NOTIC: [8] Use of undefined constant cat - assumed 'cat' D:\Project\mall\Application\Runtime\Cache\Home\bd2edf4e9457cbeb6d9205aa99fa0e56.php 第 79 行.
NOTIC: [8] Use of undefined constant cat - assumed 'cat' D:\Project\mall\Application\Runtime\Cache\Home\bd2edf4e9457cbeb6d9205aa99fa0e56.php 第 79 行.
NOTIC: [8] Use of undefined constant cat - assumed 'cat' D:\Project\mall\Application\Runtime\Cache\Home\bd2edf4e9457cbeb6d9205aa99fa0e56.php 第 79 行.
NOTIC: [8] Use of undefined constant cat - assumed 'cat' D:\Project\mall\Application\Runtime\Cache\Home\bd2edf4e9457cbeb6d9205aa99fa0e56.php 第 79 行.
NOTIC: [8] Use of undefined constant cat - assumed 'cat' D:\Project\mall\Application\Runtime\Cache\Home\bd2edf4e9457cbeb6d9205aa99fa0e56.php 第 79 行.
INFO: Run Behavior\ParseTemplateBehavior [ RunTime:0.015625s ]
INFO: [ view_parse ] --END-- [ RunTime:0.015625s ]
INFO: [ view_filter ] --START--
INFO: Run Behavior\WriteHtmlCacheBehavior [ RunTime:0.000000s ]
INFO: [ view_filter ] --END-- [ RunTime:0.000000s ]
INFO: [ app_end ] --START--
INFO: Run Behavior\ShowPageTraceBehavior [ RunTime:0.000000s ]
INFO: [ app_end ] --END-- [ RunTime:0.000000s ]

[ 2017-09-01T09:19:58+08:00 ] 127.0.0.1 /index.php?m=Home&c=User&a=login
INFO: [ app_init ] --START--
INFO: Run Behavior\BuildLiteBehavior [ RunTime:0.000000s ]
INFO: [ app_init ] --END-- [ RunTime:0.000000s ]
INFO: [ app_begin ] --START--
INFO: Run Behavior\ReadHtmlCacheBehavior [ RunTime:0.000000s ]
INFO: [ app_begin ] --END-- [ RunTime:0.000000s ]
SQL: SHOW COLUMNS FROM `user` [ RunTime:0.0000s ]
SQL: SELECT * FROM `user` WHERE `username` = 'zhangsan' AND `is_del` = 0 LIMIT 1   [ RunTime:0.0000s ]
SQL: SHOW COLUMNS FROM `goods_cat` [ RunTime:0.0000s ]
SQL: SELECT * FROM `goods_cat` WHERE `is_del` = 0 ORDER BY `id` ASC  [ RunTime:0.0000s ]
INFO: [ view_parse ] --START--
INFO: [ template_filter ] --START--
INFO: Run Behavior\ContentReplaceBehavior [ RunTime:0.000000s ]
INFO: [ template_filter ] --END-- [ RunTime:0.000000s ]
INFO: Run Behavior\ParseTemplateBehavior [ RunTime:0.000000s ]
INFO: [ view_parse ] --END-- [ RunTime:0.000000s ]
INFO: [ view_filter ] --START--
INFO: Run Behavior\WriteHtmlCacheBehavior [ RunTime:0.000000s ]
INFO: [ view_filter ] --END-- [ RunTime:0.000000s ]
INFO: [ app_end ] --START--
INFO: Run Behavior\ShowPageTraceBehavior [ RunTime:0.000000s ]
INFO: [ app_end ] --END-- [ RunTime:0.000000s ]

[ 2017-09-01T09:20:00+08:00 ] 127.0.0.1 /index.php?m=Home&c=Goods&a=index
INFO: [ app_init ] --START--
INFO: Run Behavior\BuildLiteBehavior [ RunTime:0.000000s ]
INFO: [ app_init ] --END-- [ RunTime:0.000000s ]
INFO: [ app_begin ] --START--
INFO: Run Behavior\ReadHtmlCacheBehavior [ RunTime:0.000000s ]
INFO: [ app_begin ] --END-- [ RunTime:0.000000s ]
SQL: SHOW COLUMNS FROM `v_goods_list` [ RunTime:0.0000s ]
SQL: SELECT * FROM `v_goods_list` WHERE `is_del` = 0 AND `status` = 0 ORDER BY `id` DESC LIMIT 0,9   [ RunTime:0.0000s ]
SQL: SELECT COUNT(*) AS tp_count FROM `v_goods_list` WHERE `is_del` = 0 AND `status` = 0 LIMIT 1   [ RunTime:0.0000s ]
SQL: SHOW COLUMNS FROM `goods_cat` [ RunTime:0.0000s ]
SQL: SELECT * FROM `goods_cat` WHERE `is_del` = 0 ORDER BY `id` ASC  [ RunTime:0.0000s ]
INFO: [ view_parse ] --START--
INFO: [ template_filter ] --START--
INFO: Run Behavior\ContentReplaceBehavior [ RunTime:0.000000s ]
INFO: [ template_filter ] --END-- [ RunTime:0.000000s ]
NOTIC: [8] Use of undefined constant cat - assumed 'cat' D:\Project\mall\Application\Runtime\Cache\Home\63839bc489ada1b251c78e0251f28b7d.php 第 79 行.
NOTIC: [8] Use of undefined constant cat - assumed 'cat' D:\Project\mall\Application\Runtime\Cache\Home\63839bc489ada1b251c78e0251f28b7d.php 第 79 行.
NOTIC: [8] Use of undefined constant cat - assumed 'cat' D:\Project\mall\Application\Runtime\Cache\Home\63839bc489ada1b251c78e0251f28b7d.php 第 79 行.
NOTIC: [8] Use of undefined constant cat - assumed 'cat' D:\Project\mall\Application\Runtime\Cache\Home\63839bc489ada1b251c78e0251f28b7d.php 第 79 行.
NOTIC: [8] Use of undefined constant cat - assumed 'cat' D:\Project\mall\Application\Runtime\Cache\Home\63839bc489ada1b251c78e0251f28b7d.php 第 79 行.
NOTIC: [8] Use of undefined constant id - assumed 'id' D:\Project\mall\Application\Runtime\Cache\Home\63839bc489ada1b251c78e0251f28b7d.php 第 111 行.
NOTIC: [8] Use of undefined constant id - assumed 'id' D:\Project\mall\Application\Runtime\Cache\Home\63839bc489ada1b251c78e0251f28b7d.php 第 111 行.
NOTIC: [8] Use of undefined constant id - assumed 'id' D:\Project\mall\Application\Runtime\Cache\Home\63839bc489ada1b251c78e0251f28b7d.php 第 111 行.
NOTIC: [8] Use of undefined constant id - assumed 'id' D:\Project\mall\Application\Runtime\Cache\Home\63839bc489ada1b251c78e0251f28b7d.php 第 111 行.
NOTIC: [8] Use of undefined constant id - assumed 'id' D:\Project\mall\Application\Runtime\Cache\Home\63839bc489ada1b251c78e0251f28b7d.php 第 111 行.
NOTIC: [8] Use of undefined constant id - assumed 'id' D:\Project\mall\Application\Runtime\Cache\Home\63839bc489ada1b251c78e0251f28b7d.php 第 111 行.
NOTIC: [8] Use of undefined constant id - assumed 'id' D:\Project\mall\Application\Runtime\Cache\Home\63839bc489ada1b251c78e0251f28b7d.php 第 111 行.
NOTIC: [8] Use of undefined constant id - assumed 'id' D:\Project\mall\Application\Runtime\Cache\Home\63839bc489ada1b251c78e0251f28b7d.php 第 111 行.
NOTIC: [8] Use of undefined constant id - assumed 'id' D:\Project\mall\Application\Runtime\Cache\Home\63839bc489ada1b251c78e0251f28b7d.php 第 111 行.
INFO: Run Behavior\ParseTemplateBehavior [ RunTime:0.000000s ]
INFO: [ view_parse ] --END-- [ RunTime:0.000000s ]
INFO: [ view_filter ] --START--
INFO: Run Behavior\WriteHtmlCacheBehavior [ RunTime:0.000000s ]
INFO: [ view_filter ] --END-- [ RunTime:0.000000s ]
INFO: [ app_end ] --START--
INFO: Run Behavior\ShowPageTraceBehavior [ RunTime:0.000000s ]
INFO: [ app_end ] --END-- [ RunTime:0.000000s ]

[ 2017-09-01T09:20:05+08:00 ] 127.0.0.1 /index.php?m=Home&c=cart&a=index
INFO: [ app_init ] --START--
INFO: Run Behavior\BuildLiteBehavior [ RunTime:0.000000s ]
INFO: [ app_init ] --END-- [ RunTime:0.000000s ]
INFO: [ app_begin ] --START--
INFO: Run Behavior\ReadHtmlCacheBehavior [ RunTime:0.000000s ]
INFO: [ app_begin ] --END-- [ RunTime:0.000000s ]
NOTIC: [8] Undefined index: original_price D:\Project\mall\Application\Home\Controller\CartController.class.php 第 26 行.
NOTIC: [8] Undefined index: original_price D:\Project\mall\Application\Home\Controller\CartController.class.php 第 26 行.
NOTIC: [8] Undefined index: original_price D:\Project\mall\Application\Home\Controller\CartController.class.php 第 26 行.
NOTIC: [8] Undefined index: original_price D:\Project\mall\Application\Home\Controller\CartController.class.php 第 26 行.
SQL: SHOW COLUMNS FROM `goods_cat` [ RunTime:0.0000s ]
SQL: SELECT * FROM `goods_cat` WHERE `is_del` = 0 ORDER BY `id` ASC  [ RunTime:0.0000s ]
INFO: [ view_parse ] --START--
INFO: [ template_filter ] --START--
INFO: Run Behavior\ContentReplaceBehavior [ RunTime:0.000000s ]
INFO: [ template_filter ] --END-- [ RunTime:0.000000s ]
NOTIC: [8] Use of undefined constant cat - assumed 'cat' D:\Project\mall\Application\Runtime\Cache\Home\6f105010063b4e4da2af04cb5dd2d5a4.php 第 79 行.
NOTIC: [8] Use of undefined constant cat - assumed 'cat' D:\Project\mall\Application\Runtime\Cache\Home\6f105010063b4e4da2af04cb5dd2d5a4.php 第 79 行.
NOTIC: [8] Use of undefined constant cat - assumed 'cat' D:\Project\mall\Application\Runtime\Cache\Home\6f105010063b4e4da2af04cb5dd2d5a4.php 第 79 行.
NOTIC: [8] Use of undefined constant cat - assumed 'cat' D:\Project\mall\Application\Runtime\Cache\Home\6f105010063b4e4da2af04cb5dd2d5a4.php 第 79 行.
NOTIC: [8] Use of undefined constant cat - assumed 'cat' D:\Project\mall\Application\Runtime\Cache\Home\6f105010063b4e4da2af04cb5dd2d5a4.php 第 79 行.
INFO: Run Behavior\ParseTemplateBehavior [ RunTime:0.000000s ]
INFO: [ view_parse ] --END-- [ RunTime:0.000000s ]
INFO: [ view_filter ] --START--
INFO: Run Behavior\WriteHtmlCacheBehavior [ RunTime:0.000000s ]
INFO: [ view_filter ] --END-- [ RunTime:0.000000s ]
INFO: [ app_end ] --START--
INFO: Run Behavior\ShowPageTraceBehavior [ RunTime:0.000000s ]
INFO: [ app_end ] --END-- [ RunTime:0.000000s ]

[ 2017-09-01T09:20:12+08:00 ] 127.0.0.1 /index.php?m=Home&c=order&a=create
INFO: [ app_init ] --START--
INFO: Run Behavior\BuildLiteBehavior [ RunTime:0.000000s ]
INFO: [ app_init ] --END-- [ RunTime:0.000000s ]
INFO: [ app_begin ] --START--
INFO: Run Behavior\ReadHtmlCacheBehavior [ RunTime:0.000000s ]
INFO: [ app_begin ] --END-- [ RunTime:0.000000s ]
SQL: SHOW COLUMNS FROM `address` [ RunTime:0.0000s ]
SQL: SELECT * FROM `address` WHERE `user_id` = 1 ORDER BY `is_default` DESC, `id` ASC  [ RunTime:0.0000s ]
SQL: SHOW COLUMNS FROM `goods_cat` [ RunTime:0.0000s ]
SQL: SELECT * FROM `goods_cat` WHERE `is_del` = 0 ORDER BY `id` ASC  [ RunTime:0.0000s ]
INFO: [ view_parse ] --START--
INFO: [ template_filter ] --START--
INFO: Run Behavior\ContentReplaceBehavior [ RunTime:0.000000s ]
INFO: [ template_filter ] --END-- [ RunTime:0.000000s ]
NOTIC: [8] Use of undefined constant cat - assumed 'cat' D:\Project\mall\Application\Runtime\Cache\Home\a730c022b708aa9e4cb18f7a0946d324.php 第 79 行.
NOTIC: [8] Use of undefined constant cat - assumed 'cat' D:\Project\mall\Application\Runtime\Cache\Home\a730c022b708aa9e4cb18f7a0946d324.php 第 79 行.
NOTIC: [8] Use of undefined constant cat - assumed 'cat' D:\Project\mall\Application\Runtime\Cache\Home\a730c022b708aa9e4cb18f7a0946d324.php 第 79 行.
NOTIC: [8] Use of undefined constant cat - assumed 'cat' D:\Project\mall\Application\Runtime\Cache\Home\a730c022b708aa9e4cb18f7a0946d324.php 第 79 行.
NOTIC: [8] Use of undefined constant cat - assumed 'cat' D:\Project\mall\Application\Runtime\Cache\Home\a730c022b708aa9e4cb18f7a0946d324.php 第 79 行.
INFO: Run Behavior\ParseTemplateBehavior [ RunTime:0.000000s ]
INFO: [ view_parse ] --END-- [ RunTime:0.000000s ]
INFO: [ view_filter ] --START--
INFO: Run Behavior\WriteHtmlCacheBehavior [ RunTime:0.000000s ]
INFO: [ view_filter ] --END-- [ RunTime:0.000000s ]
INFO: [ app_end ] --START--
INFO: Run Behavior\ShowPageTraceBehavior [ RunTime:0.000000s ]
INFO: [ app_end ] --END-- [ RunTime:0.000000s ]

[ 2017-09-01T09:36:22+08:00 ] 127.0.0.1 /index.php?m=Home&c=order&a=create
INFO: [ app_init ] --START--
INFO: Run Behavior\BuildLiteBehavior [ RunTime:0.000000s ]
INFO: [ app_init ] --END-- [ RunTime:0.000000s ]
INFO: [ app_begin ] --START--
INFO: Run Behavior\ReadHtmlCacheBehavior [ RunTime:0.000000s ]
INFO: [ app_begin ] --END-- [ RunTime:0.000000s ]
SQL: SHOW COLUMNS FROM `address` [ RunTime:0.0000s ]
SQL: SELECT * FROM `address` WHERE `user_id` = 1 ORDER BY `is_default` DESC, `id` ASC  [ RunTime:0.0000s ]
SQL: SHOW COLUMNS FROM `goods_cat` [ RunTime:0.0000s ]
SQL: SELECT * FROM `goods_cat` WHERE `is_del` = 0 ORDER BY `id` ASC  [ RunTime:0.0000s ]
INFO: [ view_parse ] --START--
INFO: [ template_filter ] --START--
INFO: Run Behavior\ContentReplaceBehavior [ RunTime:0.000000s ]
INFO: [ template_filter ] --END-- [ RunTime:0.000000s ]
NOTIC: [8] Use of undefined constant cat - assumed 'cat' D:\Project\mall\Application\Runtime\Cache\Home\a730c022b708aa9e4cb18f7a0946d324.php 第 79 行.
NOTIC: [8] Use of undefined constant cat - assumed 'cat' D:\Project\mall\Application\Runtime\Cache\Home\a730c022b708aa9e4cb18f7a0946d324.php 第 79 行.
NOTIC: [8] Use of undefined constant cat - assumed 'cat' D:\Project\mall\Application\Runtime\Cache\Home\a730c022b708aa9e4cb18f7a0946d324.php 第 79 行.
NOTIC: [8] Use of undefined constant cat - assumed 'cat' D:\Project\mall\Application\Runtime\Cache\Home\a730c022b708aa9e4cb18f7a0946d324.php 第 79 行.
NOTIC: [8] Use of undefined constant cat - assumed 'cat' D:\Project\mall\Application\Runtime\Cache\Home\a730c022b708aa9e4cb18f7a0946d324.php 第 79 行.
INFO: Run Behavior\ParseTemplateBehavior [ RunTime:0.000000s ]
INFO: [ view_parse ] --END-- [ RunTime:0.000000s ]
INFO: [ view_filter ] --START--
INFO: Run Behavior\WriteHtmlCacheBehavior [ RunTime:0.000000s ]
INFO: [ view_filter ] --END-- [ RunTime:0.000000s ]
INFO: [ app_end ] --START--
INFO: Run Behavior\ShowPageTraceBehavior [ RunTime:0.000000s ]
INFO: [ app_end ] --END-- [ RunTime:0.000000s ]

[ 2017-09-01T09:36:25+08:00 ] 127.0.0.1 /index.php?m=Home&c=order&a=create
INFO: [ app_init ] --START--
INFO: Run Behavior\BuildLiteBehavior [ RunTime:0.000000s ]
INFO: [ app_init ] --END-- [ RunTime:0.000000s ]
INFO: [ app_begin ] --START--
INFO: Run Behavior\ReadHtmlCacheBehavior [ RunTime:0.000000s ]
INFO: [ app_begin ] --END-- [ RunTime:0.000000s ]
SQL: SHOW COLUMNS FROM `order` [ RunTime:0.0000s ]
ERR: 1364:Field 'is_del' doesn't have a default value
 [ SQL语句 ] : INSERT INTO `order` (`goods_num`,`amount`,`user_id`,`address_id`,`status`) VALUES ('6','346','1','1','0')
ERR: 1364:Field 'is_del' doesn't have a default value
 [ SQL语句 ] : INSERT INTO `order` (`goods_num`,`amount`,`user_id`,`address_id`,`status`) VALUES ('6','346','1','1','0')

[ 2017-09-01T09:37:23+08:00 ] 127.0.0.1 /index.php?m=Home&c=order&a=create
INFO: [ app_init ] --START--
INFO: Run Behavior\BuildLiteBehavior [ RunTime:0.000000s ]
INFO: [ app_init ] --END-- [ RunTime:0.000000s ]
INFO: [ app_begin ] --START--
INFO: Run Behavior\ReadHtmlCacheBehavior [ RunTime:0.000000s ]
INFO: [ app_begin ] --END-- [ RunTime:0.000000s ]
SQL: SHOW COLUMNS FROM `address` [ RunTime:0.0000s ]
SQL: SELECT * FROM `address` WHERE `user_id` = 1 ORDER BY `is_default` DESC, `id` ASC  [ RunTime:0.0000s ]
SQL: SHOW COLUMNS FROM `goods_cat` [ RunTime:0.0000s ]
SQL: SELECT * FROM `goods_cat` WHERE `is_del` = 0 ORDER BY `id` ASC  [ RunTime:0.0000s ]
INFO: [ view_parse ] --START--
INFO: [ template_filter ] --START--
INFO: Run Behavior\ContentReplaceBehavior [ RunTime:0.000000s ]
INFO: [ template_filter ] --END-- [ RunTime:0.000000s ]
NOTIC: [8] Use of undefined constant cat - assumed 'cat' D:\Project\mall\Application\Runtime\Cache\Home\a730c022b708aa9e4cb18f7a0946d324.php 第 79 行.
NOTIC: [8] Use of undefined constant cat - assumed 'cat' D:\Project\mall\Application\Runtime\Cache\Home\a730c022b708aa9e4cb18f7a0946d324.php 第 79 行.
NOTIC: [8] Use of undefined constant cat - assumed 'cat' D:\Project\mall\Application\Runtime\Cache\Home\a730c022b708aa9e4cb18f7a0946d324.php 第 79 行.
NOTIC: [8] Use of undefined constant cat - assumed 'cat' D:\Project\mall\Application\Runtime\Cache\Home\a730c022b708aa9e4cb18f7a0946d324.php 第 79 行.
NOTIC: [8] Use of undefined constant cat - assumed 'cat' D:\Project\mall\Application\Runtime\Cache\Home\a730c022b708aa9e4cb18f7a0946d324.php 第 79 行.
INFO: Run Behavior\ParseTemplateBehavior [ RunTime:0.000000s ]
INFO: [ view_parse ] --END-- [ RunTime:0.000000s ]
INFO: [ view_filter ] --START--
INFO: Run Behavior\WriteHtmlCacheBehavior [ RunTime:0.000000s ]
INFO: [ view_filter ] --END-- [ RunTime:0.000000s ]
INFO: [ app_end ] --START--
INFO: Run Behavior\ShowPageTraceBehavior [ RunTime:0.000000s ]
INFO: [ app_end ] --END-- [ RunTime:0.000000s ]

[ 2017-09-01T09:37:25+08:00 ] 127.0.0.1 /index.php?m=Home&c=order&a=create
INFO: [ app_init ] --START--
INFO: Run Behavior\BuildLiteBehavior [ RunTime:0.000000s ]
INFO: [ app_init ] --END-- [ RunTime:0.000000s ]
INFO: [ app_begin ] --START--
INFO: Run Behavior\ReadHtmlCacheBehavior [ RunTime:0.000000s ]
INFO: [ app_begin ] --END-- [ RunTime:0.000000s ]
SQL: SHOW COLUMNS FROM `order` [ RunTime:0.0000s ]
SQL: INSERT INTO `order` (`goods_num`,`amount`,`user_id`,`address_id`,`status`,`is_del`) VALUES ('6','346','1','1','0','0') [ RunTime:0.0313s ]
SQL: SHOW COLUMNS FROM `order_goods` [ RunTime:0.0156s ]
NOTIC: [2] Invalid argument supplied for foreach() D:\Project\mall\ThinkPHP\Library\Think\Model.class.php 第 267 行.
NOTIC: [2] Invalid argument supplied for foreach() D:\Project\mall\ThinkPHP\Library\Think\Model.class.php 第 267 行.
NOTIC: [2] Invalid argument supplied for foreach() D:\Project\mall\ThinkPHP\Library\Think\Model.class.php 第 267 行.
NOTIC: [2] Invalid argument supplied for foreach() D:\Project\mall\ThinkPHP\Library\Think\Model.class.php 第 267 行.
NOTIC: [2] Invalid argument supplied for foreach() D:\Project\mall\ThinkPHP\Library\Think\Model.class.php 第 267 行.
SQL: SHOW COLUMNS FROM `goods_cat` [ RunTime:0.0000s ]
SQL: SELECT * FROM `goods_cat` WHERE `is_del` = 0 ORDER BY `id` ASC  [ RunTime:0.0000s ]
INFO: [ view_parse ] --START--
INFO: [ template_filter ] --START--
INFO: Run Behavior\ContentReplaceBehavior [ RunTime:0.000000s ]
INFO: [ template_filter ] --END-- [ RunTime:0.000000s ]
INFO: Run Behavior\ParseTemplateBehavior [ RunTime:0.000000s ]
INFO: [ view_parse ] --END-- [ RunTime:0.000000s ]
INFO: [ view_filter ] --START--
INFO: Run Behavior\WriteHtmlCacheBehavior [ RunTime:0.000000s ]
INFO: [ view_filter ] --END-- [ RunTime:0.000000s ]
INFO: [ app_end ] --START--
INFO: Run Behavior\ShowPageTraceBehavior [ RunTime:0.000000s ]
INFO: [ app_end ] --END-- [ RunTime:0.000000s ]

[ 2017-09-01T09:37:26+08:00 ] 127.0.0.1 /index.php?m=Home&c=Order&a=pay
INFO: [ app_init ] --START--
INFO: Run Behavior\BuildLiteBehavior [ RunTime:0.000000s ]
INFO: [ app_init ] --END-- [ RunTime:0.000000s ]
INFO: [ app_begin ] --START--
INFO: Run Behavior\ReadHtmlCacheBehavior [ RunTime:0.000000s ]
INFO: [ app_begin ] --END-- [ RunTime:0.000000s ]
INFO: [ app_end ] --START--
INFO: Run Behavior\ShowPageTraceBehavior [ RunTime:0.000000s ]
INFO: [ app_end ] --END-- [ RunTime:0.000000s ]

[ 2017-09-01T09:38:23+08:00 ] 127.0.0.1 /index.php?m=Home&c=cart
INFO: [ app_init ] --START--
INFO: Run Behavior\BuildLiteBehavior [ RunTime:0.000000s ]
INFO: [ app_init ] --END-- [ RunTime:0.000000s ]
INFO: [ app_begin ] --START--
INFO: Run Behavior\ReadHtmlCacheBehavior [ RunTime:0.000000s ]
INFO: [ app_begin ] --END-- [ RunTime:0.000000s ]
NOTIC: [8] Undefined index: original_price D:\Project\mall\Application\Home\Controller\CartController.class.php 第 26 行.
NOTIC: [8] Undefined index: original_price D:\Project\mall\Application\Home\Controller\CartController.class.php 第 26 行.
NOTIC: [8] Undefined index: original_price D:\Project\mall\Application\Home\Controller\CartController.class.php 第 26 行.
NOTIC: [8] Undefined index: original_price D:\Project\mall\Application\Home\Controller\CartController.class.php 第 26 行.
SQL: SHOW COLUMNS FROM `goods_cat` [ RunTime:0.0000s ]
SQL: SELECT * FROM `goods_cat` WHERE `is_del` = 0 ORDER BY `id` ASC  [ RunTime:0.0000s ]
INFO: [ view_parse ] --START--
INFO: [ template_filter ] --START--
INFO: Run Behavior\ContentReplaceBehavior [ RunTime:0.000000s ]
INFO: [ template_filter ] --END-- [ RunTime:0.000000s ]
NOTIC: [8] Use of undefined constant cat - assumed 'cat' D:\Project\mall\Application\Runtime\Cache\Home\6f105010063b4e4da2af04cb5dd2d5a4.php 第 79 行.
NOTIC: [8] Use of undefined constant cat - assumed 'cat' D:\Project\mall\Application\Runtime\Cache\Home\6f105010063b4e4da2af04cb5dd2d5a4.php 第 79 行.
NOTIC: [8] Use of undefined constant cat - assumed 'cat' D:\Project\mall\Application\Runtime\Cache\Home\6f105010063b4e4da2af04cb5dd2d5a4.php 第 79 行.
NOTIC: [8] Use of undefined constant cat - assumed 'cat' D:\Project\mall\Application\Runtime\Cache\Home\6f105010063b4e4da2af04cb5dd2d5a4.php 第 79 行.
NOTIC: [8] Use of undefined constant cat - assumed 'cat' D:\Project\mall\Application\Runtime\Cache\Home\6f105010063b4e4da2af04cb5dd2d5a4.php 第 79 行.
INFO: Run Behavior\ParseTemplateBehavior [ RunTime:0.000000s ]
INFO: [ view_parse ] --END-- [ RunTime:0.000000s ]
INFO: [ view_filter ] --START--
INFO: Run Behavior\WriteHtmlCacheBehavior [ RunTime:0.000000s ]
INFO: [ view_filter ] --END-- [ RunTime:0.000000s ]
INFO: [ app_end ] --START--
INFO: Run Behavior\ShowPageTraceBehavior [ RunTime:0.000000s ]
INFO: [ app_end ] --END-- [ RunTime:0.000000s ]

[ 2017-09-01T09:38:28+08:00 ] 127.0.0.1 /index.php?m=Home&c=cart
INFO: [ app_init ] --START--
INFO: Run Behavior\BuildLiteBehavior [ RunTime:0.000000s ]
INFO: [ app_init ] --END-- [ RunTime:0.000000s ]
INFO: [ app_begin ] --START--
INFO: Run Behavior\ReadHtmlCacheBehavior [ RunTime:0.000000s ]
INFO: [ app_begin ] --END-- [ RunTime:0.000000s ]
NOTIC: [8] Undefined index: original_price D:\Project\mall\Application\Home\Controller\CartController.class.php 第 26 行.
NOTIC: [8] Undefined index: original_price D:\Project\mall\Application\Home\Controller\CartController.class.php 第 26 行.
NOTIC: [8] Undefined index: original_price D:\Project\mall\Application\Home\Controller\CartController.class.php 第 26 行.
NOTIC: [8] Undefined index: original_price D:\Project\mall\Application\Home\Controller\CartController.class.php 第 26 行.
SQL: SHOW COLUMNS FROM `goods_cat` [ RunTime:0.0000s ]
SQL: SELECT * FROM `goods_cat` WHERE `is_del` = 0 ORDER BY `id` ASC  [ RunTime:0.0000s ]
INFO: [ view_parse ] --START--
INFO: [ template_filter ] --START--
INFO: Run Behavior\ContentReplaceBehavior [ RunTime:0.000000s ]
INFO: [ template_filter ] --END-- [ RunTime:0.000000s ]
NOTIC: [8] Use of undefined constant cat - assumed 'cat' D:\Project\mall\Application\Runtime\Cache\Home\6f105010063b4e4da2af04cb5dd2d5a4.php 第 79 行.
NOTIC: [8] Use of undefined constant cat - assumed 'cat' D:\Project\mall\Application\Runtime\Cache\Home\6f105010063b4e4da2af04cb5dd2d5a4.php 第 79 行.
NOTIC: [8] Use of undefined constant cat - assumed 'cat' D:\Project\mall\Application\Runtime\Cache\Home\6f105010063b4e4da2af04cb5dd2d5a4.php 第 79 行.
NOTIC: [8] Use of undefined constant cat - assumed 'cat' D:\Project\mall\Application\Runtime\Cache\Home\6f105010063b4e4da2af04cb5dd2d5a4.php 第 79 行.
NOTIC: [8] Use of undefined constant cat - assumed 'cat' D:\Project\mall\Application\Runtime\Cache\Home\6f105010063b4e4da2af04cb5dd2d5a4.php 第 79 行.
INFO: Run Behavior\ParseTemplateBehavior [ RunTime:0.000000s ]
INFO: [ view_parse ] --END-- [ RunTime:0.000000s ]
INFO: [ view_filter ] --START--
INFO: Run Behavior\WriteHtmlCacheBehavior [ RunTime:0.000000s ]
INFO: [ view_filter ] --END-- [ RunTime:0.000000s ]
INFO: [ app_end ] --START--
INFO: Run Behavior\ShowPageTraceBehavior [ RunTime:0.000000s ]
INFO: [ app_end ] --END-- [ RunTime:0.000000s ]

[ 2017-09-01T09:38:52+08:00 ] 127.0.0.1 /index.php?m=Home&c=order&a=create
INFO: [ app_init ] --START--
INFO: Run Behavior\BuildLiteBehavior [ RunTime:0.000000s ]
INFO: [ app_init ] --END-- [ RunTime:0.000000s ]
INFO: [ app_begin ] --START--
INFO: Run Behavior\ReadHtmlCacheBehavior [ RunTime:0.000000s ]
INFO: [ app_begin ] --END-- [ RunTime:0.000000s ]
SQL: SHOW COLUMNS FROM `address` [ RunTime:0.0000s ]
SQL: SELECT * FROM `address` WHERE `user_id` = 1 ORDER BY `is_default` DESC, `id` ASC  [ RunTime:0.0000s ]
SQL: SHOW COLUMNS FROM `goods_cat` [ RunTime:0.0000s ]
SQL: SELECT * FROM `goods_cat` WHERE `is_del` = 0 ORDER BY `id` ASC  [ RunTime:0.0000s ]
INFO: [ view_parse ] --START--
INFO: [ template_filter ] --START--
INFO: Run Behavior\ContentReplaceBehavior [ RunTime:0.000000s ]
INFO: [ template_filter ] --END-- [ RunTime:0.000000s ]
NOTIC: [8] Use of undefined constant cat - assumed 'cat' D:\Project\mall\Application\Runtime\Cache\Home\a730c022b708aa9e4cb18f7a0946d324.php 第 79 行.
NOTIC: [8] Use of undefined constant cat - assumed 'cat' D:\Project\mall\Application\Runtime\Cache\Home\a730c022b708aa9e4cb18f7a0946d324.php 第 79 行.
NOTIC: [8] Use of undefined constant cat - assumed 'cat' D:\Project\mall\Application\Runtime\Cache\Home\a730c022b708aa9e4cb18f7a0946d324.php 第 79 行.
NOTIC: [8] Use of undefined constant cat - assumed 'cat' D:\Project\mall\Application\Runtime\Cache\Home\a730c022b708aa9e4cb18f7a0946d324.php 第 79 行.
NOTIC: [8] Use of undefined constant cat - assumed 'cat' D:\Project\mall\Application\Runtime\Cache\Home\a730c022b708aa9e4cb18f7a0946d324.php 第 79 行.
INFO: Run Behavior\ParseTemplateBehavior [ RunTime:0.000000s ]
INFO: [ view_parse ] --END-- [ RunTime:0.000000s ]
INFO: [ view_filter ] --START--
INFO: Run Behavior\WriteHtmlCacheBehavior [ RunTime:0.000000s ]
INFO: [ view_filter ] --END-- [ RunTime:0.000000s ]
INFO: [ app_end ] --START--
INFO: Run Behavior\ShowPageTraceBehavior [ RunTime:0.000000s ]
INFO: [ app_end ] --END-- [ RunTime:0.000000s ]

[ 2017-09-01T09:38:55+08:00 ] 127.0.0.1 /index.php?m=Home&c=order&a=create
INFO: [ app_init ] --START--
INFO: Run Behavior\BuildLiteBehavior [ RunTime:0.000000s ]
INFO: [ app_init ] --END-- [ RunTime:0.000000s ]
INFO: [ app_begin ] --START--
INFO: Run Behavior\ReadHtmlCacheBehavior [ RunTime:0.000000s ]
INFO: [ app_begin ] --END-- [ RunTime:0.000000s ]
SQL: SHOW COLUMNS FROM `order` [ RunTime:0.0000s ]
SQL: INSERT INTO `order` (`goods_num`,`amount`,`user_id`,`address_id`,`status`,`is_del`) VALUES ('6','346','1','1','0','0') [ RunTime:0.0000s ]

[ 2017-09-01T09:39:17+08:00 ] 127.0.0.1 /index.php?m=Home&c=order&a=create
INFO: [ app_init ] --START--
INFO: Run Behavior\BuildLiteBehavior [ RunTime:0.000000s ]
INFO: [ app_init ] --END-- [ RunTime:0.000000s ]
INFO: [ app_begin ] --START--
INFO: Run Behavior\ReadHtmlCacheBehavior [ RunTime:0.000000s ]
INFO: [ app_begin ] --END-- [ RunTime:0.000000s ]
SQL: SHOW COLUMNS FROM `order` [ RunTime:0.0000s ]
SQL: INSERT INTO `order` (`goods_num`,`amount`,`user_id`,`address_id`,`status`,`is_del`) VALUES ('6','346','1','1','0','0') [ RunTime:0.0156s ]

[ 2017-09-01T09:40:06+08:00 ] 127.0.0.1 /index.php?m=Home&c=order&a=create
INFO: [ app_init ] --START--
INFO: Run Behavior\BuildLiteBehavior [ RunTime:0.000000s ]
INFO: [ app_init ] --END-- [ RunTime:0.000000s ]
INFO: [ app_begin ] --START--
INFO: Run Behavior\ReadHtmlCacheBehavior [ RunTime:0.000000s ]
INFO: [ app_begin ] --END-- [ RunTime:0.000000s ]
SQL: SHOW COLUMNS FROM `address` [ RunTime:0.0000s ]
SQL: SELECT * FROM `address` WHERE `user_id` = 1 ORDER BY `is_default` DESC, `id` ASC  [ RunTime:0.0000s ]
SQL: SHOW COLUMNS FROM `goods_cat` [ RunTime:0.0000s ]
SQL: SELECT * FROM `goods_cat` WHERE `is_del` = 0 ORDER BY `id` ASC  [ RunTime:0.0000s ]
INFO: [ view_parse ] --START--
INFO: [ template_filter ] --START--
INFO: Run Behavior\ContentReplaceBehavior [ RunTime:0.000000s ]
INFO: [ template_filter ] --END-- [ RunTime:0.000000s ]
NOTIC: [8] Use of undefined constant cat - assumed 'cat' D:\Project\mall\Application\Runtime\Cache\Home\a730c022b708aa9e4cb18f7a0946d324.php 第 79 行.
NOTIC: [8] Use of undefined constant cat - assumed 'cat' D:\Project\mall\Application\Runtime\Cache\Home\a730c022b708aa9e4cb18f7a0946d324.php 第 79 行.
NOTIC: [8] Use of undefined constant cat - assumed 'cat' D:\Project\mall\Application\Runtime\Cache\Home\a730c022b708aa9e4cb18f7a0946d324.php 第 79 行.
NOTIC: [8] Use of undefined constant cat - assumed 'cat' D:\Project\mall\Application\Runtime\Cache\Home\a730c022b708aa9e4cb18f7a0946d324.php 第 79 行.
NOTIC: [8] Use of undefined constant cat - assumed 'cat' D:\Project\mall\Application\Runtime\Cache\Home\a730c022b708aa9e4cb18f7a0946d324.php 第 79 行.
INFO: Run Behavior\ParseTemplateBehavior [ RunTime:0.015625s ]
INFO: [ view_parse ] --END-- [ RunTime:0.015625s ]
INFO: [ view_filter ] --START--
INFO: Run Behavior\WriteHtmlCacheBehavior [ RunTime:0.000000s ]
INFO: [ view_filter ] --END-- [ RunTime:0.000000s ]
INFO: [ app_end ] --START--
INFO: Run Behavior\ShowPageTraceBehavior [ RunTime:0.000000s ]
INFO: [ app_end ] --END-- [ RunTime:0.000000s ]

[ 2017-09-01T09:40:08+08:00 ] 127.0.0.1 /index.php?m=Home&c=order&a=create
INFO: [ app_init ] --START--
INFO: Run Behavior\BuildLiteBehavior [ RunTime:0.000000s ]
INFO: [ app_init ] --END-- [ RunTime:0.000000s ]
INFO: [ app_begin ] --START--
INFO: Run Behavior\ReadHtmlCacheBehavior [ RunTime:0.000000s ]
INFO: [ app_begin ] --END-- [ RunTime:0.000000s ]
SQL: SHOW COLUMNS FROM `order` [ RunTime:0.0000s ]
SQL: INSERT INTO `order` (`goods_num`,`amount`,`user_id`,`address_id`,`status`,`is_del`) VALUES ('6','346','1','1','0','0') [ RunTime:0.0156s ]
SQL: SHOW COLUMNS FROM `order_goods` [ RunTime:0.0000s ]
SQL: INSERT INTO `order_goods` (`goods_id`,`num`,`order_id`) VALUES ('11','2','1'),('9','1','1'),('6','1','1'),('2','1','1'),('7','1','1') [ RunTime:0.0000s ]
SQL: SHOW COLUMNS FROM `goods_cat` [ RunTime:0.0000s ]
SQL: SELECT * FROM `goods_cat` WHERE `is_del` = 0 ORDER BY `id` ASC  [ RunTime:0.0000s ]
INFO: [ view_parse ] --START--
INFO: [ template_filter ] --START--
INFO: Run Behavior\ContentReplaceBehavior [ RunTime:0.000000s ]
INFO: [ template_filter ] --END-- [ RunTime:0.000000s ]
INFO: Run Behavior\ParseTemplateBehavior [ RunTime:0.000000s ]
INFO: [ view_parse ] --END-- [ RunTime:0.000000s ]
INFO: [ view_filter ] --START--
INFO: Run Behavior\WriteHtmlCacheBehavior [ RunTime:0.000000s ]
INFO: [ view_filter ] --END-- [ RunTime:0.000000s ]
INFO: [ app_end ] --START--
INFO: Run Behavior\ShowPageTraceBehavior [ RunTime:0.000000s ]
INFO: [ app_end ] --END-- [ RunTime:0.000000s ]

[ 2017-09-01T09:40:09+08:00 ] 127.0.0.1 /index.php?m=Home&c=Order&a=pay
INFO: [ app_init ] --START--
INFO: Run Behavior\BuildLiteBehavior [ RunTime:0.000000s ]
INFO: [ app_init ] --END-- [ RunTime:0.000000s ]
INFO: [ app_begin ] --START--
INFO: Run Behavior\ReadHtmlCacheBehavior [ RunTime:0.000000s ]
INFO: [ app_begin ] --END-- [ RunTime:0.000000s ]
INFO: [ app_end ] --START--
INFO: Run Behavior\ShowPageTraceBehavior [ RunTime:0.000000s ]
INFO: [ app_end ] --END-- [ RunTime:0.000000s ]

[ 2017-09-01T09:41:26+08:00 ] 127.0.0.1 /index.php?m=Home&c=order&a=create
INFO: [ app_init ] --START--
INFO: Run Behavior\BuildLiteBehavior [ RunTime:0.000000s ]
INFO: [ app_init ] --END-- [ RunTime:0.000000s ]
INFO: [ app_begin ] --START--
INFO: Run Behavior\ReadHtmlCacheBehavior [ RunTime:0.000000s ]
INFO: [ app_begin ] --END-- [ RunTime:0.000000s ]
SQL: SHOW COLUMNS FROM `address` [ RunTime:0.0000s ]
SQL: SELECT * FROM `address` WHERE `user_id` = 1 ORDER BY `is_default` DESC, `id` ASC  [ RunTime:0.0000s ]
SQL: SHOW COLUMNS FROM `goods_cat` [ RunTime:0.0000s ]
SQL: SELECT * FROM `goods_cat` WHERE `is_del` = 0 ORDER BY `id` ASC  [ RunTime:0.0000s ]
INFO: [ view_parse ] --START--
INFO: [ template_filter ] --START--
INFO: Run Behavior\ContentReplaceBehavior [ RunTime:0.000000s ]
INFO: [ template_filter ] --END-- [ RunTime:0.000000s ]
NOTIC: [8] Use of undefined constant cat - assumed 'cat' D:\Project\mall\Application\Runtime\Cache\Home\a730c022b708aa9e4cb18f7a0946d324.php 第 79 行.
NOTIC: [8] Use of undefined constant cat - assumed 'cat' D:\Project\mall\Application\Runtime\Cache\Home\a730c022b708aa9e4cb18f7a0946d324.php 第 79 行.
NOTIC: [8] Use of undefined constant cat - assumed 'cat' D:\Project\mall\Application\Runtime\Cache\Home\a730c022b708aa9e4cb18f7a0946d324.php 第 79 行.
NOTIC: [8] Use of undefined constant cat - assumed 'cat' D:\Project\mall\Application\Runtime\Cache\Home\a730c022b708aa9e4cb18f7a0946d324.php 第 79 行.
NOTIC: [8] Use of undefined constant cat - assumed 'cat' D:\Project\mall\Application\Runtime\Cache\Home\a730c022b708aa9e4cb18f7a0946d324.php 第 79 行.
INFO: Run Behavior\ParseTemplateBehavior [ RunTime:0.000000s ]
INFO: [ view_parse ] --END-- [ RunTime:0.000000s ]
INFO: [ view_filter ] --START--
INFO: Run Behavior\WriteHtmlCacheBehavior [ RunTime:0.000000s ]
INFO: [ view_filter ] --END-- [ RunTime:0.000000s ]
INFO: [ app_end ] --START--
INFO: Run Behavior\ShowPageTraceBehavior [ RunTime:0.000000s ]
INFO: [ app_end ] --END-- [ RunTime:0.000000s ]

[ 2017-09-01T09:41:29+08:00 ] 127.0.0.1 /index.php?m=Home&c=cart&a=index
INFO: [ app_init ] --START--
INFO: Run Behavior\BuildLiteBehavior [ RunTime:0.000000s ]
INFO: [ app_init ] --END-- [ RunTime:0.000000s ]
INFO: [ app_begin ] --START--
INFO: Run Behavior\ReadHtmlCacheBehavior [ RunTime:0.000000s ]
INFO: [ app_begin ] --END-- [ RunTime:0.000000s ]
NOTIC: [8] Undefined index: original_price D:\Project\mall\Application\Home\Controller\CartController.class.php 第 26 行.
NOTIC: [8] Undefined index: original_price D:\Project\mall\Application\Home\Controller\CartController.class.php 第 26 行.
NOTIC: [8] Undefined index: original_price D:\Project\mall\Application\Home\Controller\CartController.class.php 第 26 行.
NOTIC: [8] Undefined index: original_price D:\Project\mall\Application\Home\Controller\CartController.class.php 第 26 行.
SQL: SHOW COLUMNS FROM `goods_cat` [ RunTime:0.0000s ]
SQL: SELECT * FROM `goods_cat` WHERE `is_del` = 0 ORDER BY `id` ASC  [ RunTime:0.0000s ]
INFO: [ view_parse ] --START--
INFO: [ template_filter ] --START--
INFO: Run Behavior\ContentReplaceBehavior [ RunTime:0.000000s ]
INFO: [ template_filter ] --END-- [ RunTime:0.000000s ]
NOTIC: [8] Use of undefined constant cat - assumed 'cat' D:\Project\mall\Application\Runtime\Cache\Home\6f105010063b4e4da2af04cb5dd2d5a4.php 第 79 行.
NOTIC: [8] Use of undefined constant cat - assumed 'cat' D:\Project\mall\Application\Runtime\Cache\Home\6f105010063b4e4da2af04cb5dd2d5a4.php 第 79 行.
NOTIC: [8] Use of undefined constant cat - assumed 'cat' D:\Project\mall\Application\Runtime\Cache\Home\6f105010063b4e4da2af04cb5dd2d5a4.php 第 79 行.
NOTIC: [8] Use of undefined constant cat - assumed 'cat' D:\Project\mall\Application\Runtime\Cache\Home\6f105010063b4e4da2af04cb5dd2d5a4.php 第 79 行.
NOTIC: [8] Use of undefined constant cat - assumed 'cat' D:\Project\mall\Application\Runtime\Cache\Home\6f105010063b4e4da2af04cb5dd2d5a4.php 第 79 行.
INFO: Run Behavior\ParseTemplateBehavior [ RunTime:0.000000s ]
INFO: [ view_parse ] --END-- [ RunTime:0.000000s ]
INFO: [ view_filter ] --START--
INFO: Run Behavior\WriteHtmlCacheBehavior [ RunTime:0.000000s ]
INFO: [ view_filter ] --END-- [ RunTime:0.000000s ]
INFO: [ app_end ] --START--
INFO: Run Behavior\ShowPageTraceBehavior [ RunTime:0.000000s ]
INFO: [ app_end ] --END-- [ RunTime:0.000000s ]

[ 2017-09-01T09:41:33+08:00 ] 127.0.0.1 /index.php?m=Home&c=order&a=create
INFO: [ app_init ] --START--
INFO: Run Behavior\BuildLiteBehavior [ RunTime:0.000000s ]
INFO: [ app_init ] --END-- [ RunTime:0.000000s ]
INFO: [ app_begin ] --START--
INFO: Run Behavior\ReadHtmlCacheBehavior [ RunTime:0.000000s ]
INFO: [ app_begin ] --END-- [ RunTime:0.000000s ]
SQL: SHOW COLUMNS FROM `address` [ RunTime:0.0000s ]
SQL: SELECT * FROM `address` WHERE `user_id` = 1 ORDER BY `is_default` DESC, `id` ASC  [ RunTime:0.0000s ]
SQL: SHOW COLUMNS FROM `goods_cat` [ RunTime:0.0000s ]
SQL: SELECT * FROM `goods_cat` WHERE `is_del` = 0 ORDER BY `id` ASC  [ RunTime:0.0000s ]
INFO: [ view_parse ] --START--
INFO: [ template_filter ] --START--
INFO: Run Behavior\ContentReplaceBehavior [ RunTime:0.000000s ]
INFO: [ template_filter ] --END-- [ RunTime:0.000000s ]
NOTIC: [8] Use of undefined constant cat - assumed 'cat' D:\Project\mall\Application\Runtime\Cache\Home\a730c022b708aa9e4cb18f7a0946d324.php 第 79 行.
NOTIC: [8] Use of undefined constant cat - assumed 'cat' D:\Project\mall\Application\Runtime\Cache\Home\a730c022b708aa9e4cb18f7a0946d324.php 第 79 行.
NOTIC: [8] Use of undefined constant cat - assumed 'cat' D:\Project\mall\Application\Runtime\Cache\Home\a730c022b708aa9e4cb18f7a0946d324.php 第 79 行.
NOTIC: [8] Use of undefined constant cat - assumed 'cat' D:\Project\mall\Application\Runtime\Cache\Home\a730c022b708aa9e4cb18f7a0946d324.php 第 79 行.
NOTIC: [8] Use of undefined constant cat - assumed 'cat' D:\Project\mall\Application\Runtime\Cache\Home\a730c022b708aa9e4cb18f7a0946d324.php 第 79 行.
INFO: Run Behavior\ParseTemplateBehavior [ RunTime:0.000000s ]
INFO: [ view_parse ] --END-- [ RunTime:0.000000s ]
INFO: [ view_filter ] --START--
INFO: Run Behavior\WriteHtmlCacheBehavior [ RunTime:0.000000s ]
INFO: [ view_filter ] --END-- [ RunTime:0.000000s ]
INFO: [ app_end ] --START--
INFO: Run Behavior\ShowPageTraceBehavior [ RunTime:0.000000s ]
INFO: [ app_end ] --END-- [ RunTime:0.000000s ]

[ 2017-09-01T09:41:36+08:00 ] 127.0.0.1 /index.php?m=Home&c=order&a=create
INFO: [ app_init ] --START--
INFO: Run Behavior\BuildLiteBehavior [ RunTime:0.000000s ]
INFO: [ app_init ] --END-- [ RunTime:0.000000s ]
INFO: [ app_begin ] --START--
INFO: Run Behavior\ReadHtmlCacheBehavior [ RunTime:0.000000s ]
INFO: [ app_begin ] --END-- [ RunTime:0.000000s ]
SQL: SHOW COLUMNS FROM `order` [ RunTime:0.0000s ]
SQL: INSERT INTO `order` (`goods_num`,`amount`,`user_id`,`address_id`,`status`,`is_del`) VALUES ('6','346','1','1','0','0') [ RunTime:0.0000s ]
SQL: SHOW COLUMNS FROM `order_goods` [ RunTime:0.0000s ]
SQL: INSERT INTO `order_goods` (`goods_id`,`num`,`order_id`) VALUES ('11','2','2'),('9','1','2'),('6','1','2'),('2','1','2'),('7','1','2') [ RunTime:0.0156s ]
SQL: SHOW COLUMNS FROM `goods_cat` [ RunTime:0.0000s ]
SQL: SELECT * FROM `goods_cat` WHERE `is_del` = 0 ORDER BY `id` ASC  [ RunTime:0.0000s ]
INFO: [ view_parse ] --START--
INFO: [ template_filter ] --START--
INFO: Run Behavior\ContentReplaceBehavior [ RunTime:0.000000s ]
INFO: [ template_filter ] --END-- [ RunTime:0.000000s ]
INFO: Run Behavior\ParseTemplateBehavior [ RunTime:0.000000s ]
INFO: [ view_parse ] --END-- [ RunTime:0.000000s ]
INFO: [ view_filter ] --START--
INFO: Run Behavior\WriteHtmlCacheBehavior [ RunTime:0.000000s ]
INFO: [ view_filter ] --END-- [ RunTime:0.000000s ]
INFO: [ app_end ] --START--
INFO: Run Behavior\ShowPageTraceBehavior [ RunTime:0.000000s ]
INFO: [ app_end ] --END-- [ RunTime:0.000000s ]

[ 2017-09-01T09:41:37+08:00 ] 127.0.0.1 /index.php?m=Home&c=Order&a=pay
INFO: [ app_init ] --START--
INFO: Run Behavior\BuildLiteBehavior [ RunTime:0.000000s ]
INFO: [ app_init ] --END-- [ RunTime:0.000000s ]
INFO: [ app_begin ] --START--
INFO: Run Behavior\ReadHtmlCacheBehavior [ RunTime:0.000000s ]
INFO: [ app_begin ] --END-- [ RunTime:0.000000s ]
INFO: [ app_end ] --START--
INFO: Run Behavior\ShowPageTraceBehavior [ RunTime:0.000000s ]
INFO: [ app_end ] --END-- [ RunTime:0.000000s ]

[ 2017-09-01T09:41:43+08:00 ] 127.0.0.1 /
INFO: [ app_init ] --START--
INFO: Run Behavior\BuildLiteBehavior [ RunTime:0.000000s ]
INFO: [ app_init ] --END-- [ RunTime:0.000000s ]
INFO: [ app_begin ] --START--
INFO: Run Behavior\ReadHtmlCacheBehavior [ RunTime:0.000000s ]
INFO: [ app_begin ] --END-- [ RunTime:0.000000s ]
INFO: [ view_parse ] --START--
INFO: Run Behavior\ParseTemplateBehavior [ RunTime:0.000000s ]
INFO: [ view_parse ] --END-- [ RunTime:0.000000s ]
INFO: [ view_filter ] --START--
INFO: Run Behavior\WriteHtmlCacheBehavior [ RunTime:0.000000s ]
INFO: [ view_filter ] --END-- [ RunTime:0.000000s ]
INFO: [ app_end ] --START--
INFO: Run Behavior\ShowPageTraceBehavior [ RunTime:0.000000s ]
INFO: [ app_end ] --END-- [ RunTime:0.000000s ]

[ 2017-09-01T09:41:49+08:00 ] 127.0.0.1 /index.php?m=Home&c=cart
INFO: [ app_init ] --START--
INFO: Run Behavior\BuildLiteBehavior [ RunTime:0.000000s ]
INFO: [ app_init ] --END-- [ RunTime:0.000000s ]
INFO: [ app_begin ] --START--
INFO: Run Behavior\ReadHtmlCacheBehavior [ RunTime:0.000000s ]
INFO: [ app_begin ] --END-- [ RunTime:0.000000s ]
NOTIC: [2] Invalid argument supplied for foreach() D:\Project\mall\Application\Home\Controller\CartController.class.php 第 24 行.
SQL: SHOW COLUMNS FROM `goods_cat` [ RunTime:0.0000s ]
SQL: SELECT * FROM `goods_cat` WHERE `is_del` = 0 ORDER BY `id` ASC  [ RunTime:0.0000s ]
INFO: [ view_parse ] --START--
INFO: [ template_filter ] --START--
INFO: Run Behavior\ContentReplaceBehavior [ RunTime:0.000000s ]
INFO: [ template_filter ] --END-- [ RunTime:0.000000s ]
NOTIC: [8] Use of undefined constant cat - assumed 'cat' D:\Project\mall\Application\Runtime\Cache\Home\6f105010063b4e4da2af04cb5dd2d5a4.php 第 79 行.
NOTIC: [8] Use of undefined constant cat - assumed 'cat' D:\Project\mall\Application\Runtime\Cache\Home\6f105010063b4e4da2af04cb5dd2d5a4.php 第 79 行.
NOTIC: [8] Use of undefined constant cat - assumed 'cat' D:\Project\mall\Application\Runtime\Cache\Home\6f105010063b4e4da2af04cb5dd2d5a4.php 第 79 行.
NOTIC: [8] Use of undefined constant cat - assumed 'cat' D:\Project\mall\Application\Runtime\Cache\Home\6f105010063b4e4da2af04cb5dd2d5a4.php 第 79 行.
NOTIC: [8] Use of undefined constant cat - assumed 'cat' D:\Project\mall\Application\Runtime\Cache\Home\6f105010063b4e4da2af04cb5dd2d5a4.php 第 79 行.
INFO: Run Behavior\ParseTemplateBehavior [ RunTime:0.000000s ]
INFO: [ view_parse ] --END-- [ RunTime:0.000000s ]
INFO: [ view_filter ] --START--
INFO: Run Behavior\WriteHtmlCacheBehavior [ RunTime:0.000000s ]
INFO: [ view_filter ] --END-- [ RunTime:0.000000s ]
INFO: [ app_end ] --START--
INFO: Run Behavior\ShowPageTraceBehavior [ RunTime:0.000000s ]
INFO: [ app_end ] --END-- [ RunTime:0.000000s ]

[ 2017-09-01T09:44:05+08:00 ] 127.0.0.1 /index.php?m=Home&c=cart&a=index
INFO: [ app_init ] --START--
INFO: Run Behavior\BuildLiteBehavior [ RunTime:0.000000s ]
INFO: [ app_init ] --END-- [ RunTime:0.000000s ]
INFO: [ app_begin ] --START--
INFO: Run Behavior\ReadHtmlCacheBehavior [ RunTime:0.000000s ]
INFO: [ app_begin ] --END-- [ RunTime:0.000000s ]
NOTIC: [2] Invalid argument supplied for foreach() D:\Project\mall\Application\Home\Controller\CartController.class.php 第 24 行.
SQL: SHOW COLUMNS FROM `goods_cat` [ RunTime:0.0000s ]
SQL: SELECT * FROM `goods_cat` WHERE `is_del` = 0 ORDER BY `id` ASC  [ RunTime:0.0000s ]
INFO: [ view_parse ] --START--
INFO: [ template_filter ] --START--
INFO: Run Behavior\ContentReplaceBehavior [ RunTime:0.000000s ]
INFO: [ template_filter ] --END-- [ RunTime:0.000000s ]
NOTIC: [8] Use of undefined constant cat - assumed 'cat' D:\Project\mall\Application\Runtime\Cache\Home\6f105010063b4e4da2af04cb5dd2d5a4.php 第 79 行.
NOTIC: [8] Use of undefined constant cat - assumed 'cat' D:\Project\mall\Application\Runtime\Cache\Home\6f105010063b4e4da2af04cb5dd2d5a4.php 第 79 行.
NOTIC: [8] Use of undefined constant cat - assumed 'cat' D:\Project\mall\Application\Runtime\Cache\Home\6f105010063b4e4da2af04cb5dd2d5a4.php 第 79 行.
NOTIC: [8] Use of undefined constant cat - assumed 'cat' D:\Project\mall\Application\Runtime\Cache\Home\6f105010063b4e4da2af04cb5dd2d5a4.php 第 79 行.
NOTIC: [8] Use of undefined constant cat - assumed 'cat' D:\Project\mall\Application\Runtime\Cache\Home\6f105010063b4e4da2af04cb5dd2d5a4.php 第 79 行.
INFO: Run Behavior\ParseTemplateBehavior [ RunTime:0.000000s ]
INFO: [ view_parse ] --END-- [ RunTime:0.000000s ]
INFO: [ view_filter ] --START--
INFO: Run Behavior\WriteHtmlCacheBehavior [ RunTime:0.000000s ]
INFO: [ view_filter ] --END-- [ RunTime:0.000000s ]
INFO: [ app_end ] --START--
INFO: Run Behavior\ShowPageTraceBehavior [ RunTime:0.000000s ]
INFO: [ app_end ] --END-- [ RunTime:0.000000s ]

[ 2017-09-01T09:56:45+08:00 ] 127.0.0.1 /index.php?m=Home&c=Order&a=pay
INFO: [ app_init ] --START--
INFO: Run Behavior\BuildLiteBehavior [ RunTime:0.000000s ]
INFO: [ app_init ] --END-- [ RunTime:0.000000s ]
INFO: [ app_begin ] --START--
INFO: Run Behavior\ReadHtmlCacheBehavior [ RunTime:0.000000s ]
INFO: [ app_begin ] --END-- [ RunTime:0.000000s ]
INFO: [ app_end ] --START--
INFO: Run Behavior\ShowPageTraceBehavior [ RunTime:0.000000s ]
INFO: [ app_end ] --END-- [ RunTime:0.000000s ]

[ 2017-09-01T09:56:47+08:00 ] 127.0.0.1 /index.php?m=Home&c=Order&a=pay
INFO: [ app_init ] --START--
INFO: Run Behavior\BuildLiteBehavior [ RunTime:0.000000s ]
INFO: [ app_init ] --END-- [ RunTime:0.000000s ]
INFO: [ app_begin ] --START--
INFO: Run Behavior\ReadHtmlCacheBehavior [ RunTime:0.000000s ]
INFO: [ app_begin ] --END-- [ RunTime:0.000000s ]
INFO: [ app_end ] --START--
INFO: Run Behavior\ShowPageTraceBehavior [ RunTime:0.000000s ]
INFO: [ app_end ] --END-- [ RunTime:0.000000s ]

[ 2017-09-01T09:57:04+08:00 ] 127.0.0.1 /index.php?m=Home&c=Order&a=pay
INFO: [ app_init ] --START--
INFO: Run Behavior\BuildLiteBehavior [ RunTime:0.000000s ]
INFO: [ app_init ] --END-- [ RunTime:0.000000s ]
INFO: [ app_begin ] --START--
INFO: Run Behavior\ReadHtmlCacheBehavior [ RunTime:0.000000s ]
INFO: [ app_begin ] --END-- [ RunTime:0.000000s ]
SQL: SHOW COLUMNS FROM `goods_cat` [ RunTime:0.0000s ]
SQL: SELECT * FROM `goods_cat` WHERE `is_del` = 0 ORDER BY `id` ASC  [ RunTime:0.0000s ]
INFO: [ view_parse ] --START--
INFO: [ template_filter ] --START--
INFO: Run Behavior\ContentReplaceBehavior [ RunTime:0.000000s ]
INFO: [ template_filter ] --END-- [ RunTime:0.000000s ]
NOTIC: [8] Use of undefined constant cat - assumed 'cat' D:\Project\mall\Application\Runtime\Cache\Home\5400fb17a5b783e4e20ed1d72b9d99ce.php 第 79 行.
NOTIC: [8] Use of undefined constant cat - assumed 'cat' D:\Project\mall\Application\Runtime\Cache\Home\5400fb17a5b783e4e20ed1d72b9d99ce.php 第 79 行.
NOTIC: [8] Use of undefined constant cat - assumed 'cat' D:\Project\mall\Application\Runtime\Cache\Home\5400fb17a5b783e4e20ed1d72b9d99ce.php 第 79 行.
NOTIC: [8] Use of undefined constant cat - assumed 'cat' D:\Project\mall\Application\Runtime\Cache\Home\5400fb17a5b783e4e20ed1d72b9d99ce.php 第 79 行.
NOTIC: [8] Use of undefined constant cat - assumed 'cat' D:\Project\mall\Application\Runtime\Cache\Home\5400fb17a5b783e4e20ed1d72b9d99ce.php 第 79 行.
INFO: Run Behavior\ParseTemplateBehavior [ RunTime:0.000000s ]
INFO: [ view_parse ] --END-- [ RunTime:0.000000s ]
INFO: [ view_filter ] --START--
INFO: Run Behavior\WriteHtmlCacheBehavior [ RunTime:0.000000s ]
INFO: [ view_filter ] --END-- [ RunTime:0.000000s ]
INFO: [ app_end ] --START--
INFO: Run Behavior\ShowPageTraceBehavior [ RunTime:0.000000s ]
INFO: [ app_end ] --END-- [ RunTime:0.000000s ]

[ 2017-09-01T09:57:39+08:00 ] 127.0.0.1 /index.php?m=Home&c=Order&a=pay
INFO: [ app_init ] --START--
INFO: Run Behavior\BuildLiteBehavior [ RunTime:0.000000s ]
INFO: [ app_init ] --END-- [ RunTime:0.000000s ]
INFO: [ app_begin ] --START--
INFO: Run Behavior\ReadHtmlCacheBehavior [ RunTime:0.015625s ]
INFO: [ app_begin ] --END-- [ RunTime:0.015625s ]
SQL: SHOW COLUMNS FROM `goods_cat` [ RunTime:0.0000s ]
SQL: SELECT * FROM `goods_cat` WHERE `is_del` = 0 ORDER BY `id` ASC  [ RunTime:0.0000s ]
INFO: [ view_parse ] --START--
INFO: [ template_filter ] --START--
INFO: Run Behavior\ContentReplaceBehavior [ RunTime:0.000000s ]
INFO: [ template_filter ] --END-- [ RunTime:0.000000s ]
NOTIC: [8] Use of undefined constant cat - assumed 'cat' D:\Project\mall\Application\Runtime\Cache\Home\5400fb17a5b783e4e20ed1d72b9d99ce.php 第 79 行.
NOTIC: [8] Use of undefined constant cat - assumed 'cat' D:\Project\mall\Application\Runtime\Cache\Home\5400fb17a5b783e4e20ed1d72b9d99ce.php 第 79 行.
NOTIC: [8] Use of undefined constant cat - assumed 'cat' D:\Project\mall\Application\Runtime\Cache\Home\5400fb17a5b783e4e20ed1d72b9d99ce.php 第 79 行.
NOTIC: [8] Use of undefined constant cat - assumed 'cat' D:\Project\mall\Application\Runtime\Cache\Home\5400fb17a5b783e4e20ed1d72b9d99ce.php 第 79 行.
NOTIC: [8] Use of undefined constant cat - assumed 'cat' D:\Project\mall\Application\Runtime\Cache\Home\5400fb17a5b783e4e20ed1d72b9d99ce.php 第 79 行.
INFO: Run Behavior\ParseTemplateBehavior [ RunTime:0.000000s ]
INFO: [ view_parse ] --END-- [ RunTime:0.000000s ]
INFO: [ view_filter ] --START--
INFO: Run Behavior\WriteHtmlCacheBehavior [ RunTime:0.000000s ]
INFO: [ view_filter ] --END-- [ RunTime:0.000000s ]
INFO: [ app_end ] --START--
INFO: Run Behavior\ShowPageTraceBehavior [ RunTime:0.000000s ]
INFO: [ app_end ] --END-- [ RunTime:0.000000s ]

[ 2017-09-01T09:58:28+08:00 ] 127.0.0.1 /index.php?m=Home&c=Order&a=pay
INFO: [ app_init ] --START--
INFO: Run Behavior\BuildLiteBehavior [ RunTime:0.000000s ]
INFO: [ app_init ] --END-- [ RunTime:0.000000s ]
INFO: [ app_begin ] --START--
INFO: Run Behavior\ReadHtmlCacheBehavior [ RunTime:0.000000s ]
INFO: [ app_begin ] --END-- [ RunTime:0.000000s ]
SQL: SHOW COLUMNS FROM `goods_cat` [ RunTime:0.0000s ]
SQL: SELECT * FROM `goods_cat` WHERE `is_del` = 0 ORDER BY `id` ASC  [ RunTime:0.0000s ]
INFO: [ view_parse ] --START--
INFO: [ template_filter ] --START--
INFO: Run Behavior\ContentReplaceBehavior [ RunTime:0.000000s ]
INFO: [ template_filter ] --END-- [ RunTime:0.000000s ]
NOTIC: [8] Use of undefined constant cat - assumed 'cat' D:\Project\mall\Application\Runtime\Cache\Home\5400fb17a5b783e4e20ed1d72b9d99ce.php 第 79 行.
NOTIC: [8] Use of undefined constant cat - assumed 'cat' D:\Project\mall\Application\Runtime\Cache\Home\5400fb17a5b783e4e20ed1d72b9d99ce.php 第 79 行.
NOTIC: [8] Use of undefined constant cat - assumed 'cat' D:\Project\mall\Application\Runtime\Cache\Home\5400fb17a5b783e4e20ed1d72b9d99ce.php 第 79 行.
NOTIC: [8] Use of undefined constant cat - assumed 'cat' D:\Project\mall\Application\Runtime\Cache\Home\5400fb17a5b783e4e20ed1d72b9d99ce.php 第 79 行.
NOTIC: [8] Use of undefined constant cat - assumed 'cat' D:\Project\mall\Application\Runtime\Cache\Home\5400fb17a5b783e4e20ed1d72b9d99ce.php 第 79 行.
INFO: Run Behavior\ParseTemplateBehavior [ RunTime:0.000000s ]
INFO: [ view_parse ] --END-- [ RunTime:0.000000s ]
INFO: [ view_filter ] --START--
INFO: Run Behavior\WriteHtmlCacheBehavior [ RunTime:0.000000s ]
INFO: [ view_filter ] --END-- [ RunTime:0.000000s ]
INFO: [ app_end ] --START--
INFO: Run Behavior\ShowPageTraceBehavior [ RunTime:0.000000s ]
INFO: [ app_end ] --END-- [ RunTime:0.000000s ]

[ 2017-09-01T09:58:45+08:00 ] 127.0.0.1 /index.php?m=Home&c=goods&a=index&cat=1
INFO: [ app_init ] --START--
INFO: Run Behavior\BuildLiteBehavior [ RunTime:0.000000s ]
INFO: [ app_init ] --END-- [ RunTime:0.000000s ]
INFO: [ app_begin ] --START--
INFO: Run Behavior\ReadHtmlCacheBehavior [ RunTime:0.000000s ]
INFO: [ app_begin ] --END-- [ RunTime:0.000000s ]
SQL: SHOW COLUMNS FROM `v_goods_list` [ RunTime:0.0000s ]
SQL: SELECT * FROM `v_goods_list` WHERE `is_del` = 0 AND `status` = 0 AND `cat_id` = 1 ORDER BY `id` DESC LIMIT 0,9   [ RunTime:0.0000s ]
SQL: SELECT COUNT(*) AS tp_count FROM `v_goods_list` WHERE `is_del` = 0 AND `status` = 0 AND `cat_id` = 1 LIMIT 1   [ RunTime:0.0000s ]
SQL: SHOW COLUMNS FROM `goods_cat` [ RunTime:0.0000s ]
SQL: SELECT * FROM `goods_cat` WHERE `is_del` = 0 ORDER BY `id` ASC  [ RunTime:0.0000s ]
INFO: [ view_parse ] --START--
INFO: [ template_filter ] --START--
INFO: Run Behavior\ContentReplaceBehavior [ RunTime:0.000000s ]
INFO: [ template_filter ] --END-- [ RunTime:0.000000s ]
NOTIC: [8] Use of undefined constant cat - assumed 'cat' D:\Project\mall\Application\Runtime\Cache\Home\63839bc489ada1b251c78e0251f28b7d.php 第 79 行.
NOTIC: [8] Use of undefined constant cat - assumed 'cat' D:\Project\mall\Application\Runtime\Cache\Home\63839bc489ada1b251c78e0251f28b7d.php 第 79 行.
NOTIC: [8] Use of undefined constant cat - assumed 'cat' D:\Project\mall\Application\Runtime\Cache\Home\63839bc489ada1b251c78e0251f28b7d.php 第 79 行.
NOTIC: [8] Use of undefined constant cat - assumed 'cat' D:\Project\mall\Application\Runtime\Cache\Home\63839bc489ada1b251c78e0251f28b7d.php 第 79 行.
NOTIC: [8] Use of undefined constant cat - assumed 'cat' D:\Project\mall\Application\Runtime\Cache\Home\63839bc489ada1b251c78e0251f28b7d.php 第 79 行.
NOTIC: [8] Use of undefined constant id - assumed 'id' D:\Project\mall\Application\Runtime\Cache\Home\63839bc489ada1b251c78e0251f28b7d.php 第 111 行.
NOTIC: [8] Use of undefined constant id - assumed 'id' D:\Project\mall\Application\Runtime\Cache\Home\63839bc489ada1b251c78e0251f28b7d.php 第 111 行.
NOTIC: [8] Use of undefined constant id - assumed 'id' D:\Project\mall\Application\Runtime\Cache\Home\63839bc489ada1b251c78e0251f28b7d.php 第 111 行.
NOTIC: [8] Use of undefined constant id - assumed 'id' D:\Project\mall\Application\Runtime\Cache\Home\63839bc489ada1b251c78e0251f28b7d.php 第 111 行.
NOTIC: [8] Use of undefined constant id - assumed 'id' D:\Project\mall\Application\Runtime\Cache\Home\63839bc489ada1b251c78e0251f28b7d.php 第 111 行.
INFO: Run Behavior\ParseTemplateBehavior [ RunTime:0.000000s ]
INFO: [ view_parse ] --END-- [ RunTime:0.000000s ]
INFO: [ view_filter ] --START--
INFO: Run Behavior\WriteHtmlCacheBehavior [ RunTime:0.000000s ]
INFO: [ view_filter ] --END-- [ RunTime:0.000000s ]
INFO: [ app_end ] --START--
INFO: Run Behavior\ShowPageTraceBehavior [ RunTime:0.000000s ]
INFO: [ app_end ] --END-- [ RunTime:0.000000s ]

[ 2017-09-01T10:02:28+08:00 ] 127.0.0.1 /index.php?m=Home&c=cart&a=add&id=10
INFO: [ app_init ] --START--
INFO: Run Behavior\BuildLiteBehavior [ RunTime:0.000000s ]
INFO: [ app_init ] --END-- [ RunTime:0.000000s ]
INFO: [ app_begin ] --START--
INFO: Run Behavior\ReadHtmlCacheBehavior [ RunTime:0.000000s ]
INFO: [ app_begin ] --END-- [ RunTime:0.000000s ]
SQL: SHOW COLUMNS FROM `v_goods_list` [ RunTime:0.0000s ]
SQL: SELECT `name`,`price`,`cover`,`brand_name`,`original_price` FROM `v_goods_list` WHERE `id` = 10 LIMIT 1   [ RunTime:0.0000s ]
SQL: SHOW COLUMNS FROM `goods_cat` [ RunTime:0.0000s ]
SQL: SELECT * FROM `goods_cat` WHERE `is_del` = 0 ORDER BY `id` ASC  [ RunTime:0.0000s ]
INFO: [ view_parse ] --START--
INFO: [ template_filter ] --START--
INFO: Run Behavior\ContentReplaceBehavior [ RunTime:0.000000s ]
INFO: [ template_filter ] --END-- [ RunTime:0.000000s ]
INFO: Run Behavior\ParseTemplateBehavior [ RunTime:0.000000s ]
INFO: [ view_parse ] --END-- [ RunTime:0.000000s ]
INFO: [ view_filter ] --START--
INFO: Run Behavior\WriteHtmlCacheBehavior [ RunTime:0.000000s ]
INFO: [ view_filter ] --END-- [ RunTime:0.000000s ]
INFO: [ app_end ] --START--
INFO: Run Behavior\ShowPageTraceBehavior [ RunTime:0.000000s ]
INFO: [ app_end ] --END-- [ RunTime:0.000000s ]

[ 2017-09-01T10:02:31+08:00 ] 127.0.0.1 /index.php?m=Home&c=goods&a=index&cat=1
INFO: [ app_init ] --START--
INFO: Run Behavior\BuildLiteBehavior [ RunTime:0.000000s ]
INFO: [ app_init ] --END-- [ RunTime:0.000000s ]
INFO: [ app_begin ] --START--
INFO: Run Behavior\ReadHtmlCacheBehavior [ RunTime:0.000000s ]
INFO: [ app_begin ] --END-- [ RunTime:0.000000s ]
SQL: SHOW COLUMNS FROM `v_goods_list` [ RunTime:0.0000s ]
SQL: SELECT * FROM `v_goods_list` WHERE `is_del` = 0 AND `status` = 0 AND `cat_id` = 1 ORDER BY `id` DESC LIMIT 0,9   [ RunTime:0.0000s ]
SQL: SELECT COUNT(*) AS tp_count FROM `v_goods_list` WHERE `is_del` = 0 AND `status` = 0 AND `cat_id` = 1 LIMIT 1   [ RunTime:0.0000s ]
SQL: SHOW COLUMNS FROM `goods_cat` [ RunTime:0.0000s ]
SQL: SELECT * FROM `goods_cat` WHERE `is_del` = 0 ORDER BY `id` ASC  [ RunTime:0.0000s ]
INFO: [ view_parse ] --START--
INFO: [ template_filter ] --START--
INFO: Run Behavior\ContentReplaceBehavior [ RunTime:0.000000s ]
INFO: [ template_filter ] --END-- [ RunTime:0.000000s ]
NOTIC: [8] Use of undefined constant cat - assumed 'cat' D:\Project\mall\Application\Runtime\Cache\Home\63839bc489ada1b251c78e0251f28b7d.php 第 79 行.
NOTIC: [8] Use of undefined constant cat - assumed 'cat' D:\Project\mall\Application\Runtime\Cache\Home\63839bc489ada1b251c78e0251f28b7d.php 第 79 行.
NOTIC: [8] Use of undefined constant cat - assumed 'cat' D:\Project\mall\Application\Runtime\Cache\Home\63839bc489ada1b251c78e0251f28b7d.php 第 79 行.
NOTIC: [8] Use of undefined constant cat - assumed 'cat' D:\Project\mall\Application\Runtime\Cache\Home\63839bc489ada1b251c78e0251f28b7d.php 第 79 行.
NOTIC: [8] Use of undefined constant cat - assumed 'cat' D:\Project\mall\Application\Runtime\Cache\Home\63839bc489ada1b251c78e0251f28b7d.php 第 79 行.
NOTIC: [8] Use of undefined constant id - assumed 'id' D:\Project\mall\Application\Runtime\Cache\Home\63839bc489ada1b251c78e0251f28b7d.php 第 111 行.
NOTIC: [8] Use of undefined constant id - assumed 'id' D:\Project\mall\Application\Runtime\Cache\Home\63839bc489ada1b251c78e0251f28b7d.php 第 111 行.
NOTIC: [8] Use of undefined constant id - assumed 'id' D:\Project\mall\Application\Runtime\Cache\Home\63839bc489ada1b251c78e0251f28b7d.php 第 111 行.
NOTIC: [8] Use of undefined constant id - assumed 'id' D:\Project\mall\Application\Runtime\Cache\Home\63839bc489ada1b251c78e0251f28b7d.php 第 111 行.
NOTIC: [8] Use of undefined constant id - assumed 'id' D:\Project\mall\Application\Runtime\Cache\Home\63839bc489ada1b251c78e0251f28b7d.php 第 111 行.
INFO: Run Behavior\ParseTemplateBehavior [ RunTime:0.000000s ]
INFO: [ view_parse ] --END-- [ RunTime:0.000000s ]
INFO: [ view_filter ] --START--
INFO: Run Behavior\WriteHtmlCacheBehavior [ RunTime:0.000000s ]
INFO: [ view_filter ] --END-- [ RunTime:0.000000s ]
INFO: [ app_end ] --START--
INFO: Run Behavior\ShowPageTraceBehavior [ RunTime:0.000000s ]
INFO: [ app_end ] --END-- [ RunTime:0.000000s ]

[ 2017-09-01T10:02:35+08:00 ] 127.0.0.1 /index.php?m=Home&c=cart&a=add&id=1
INFO: [ app_init ] --START--
INFO: Run Behavior\BuildLiteBehavior [ RunTime:0.000000s ]
INFO: [ app_init ] --END-- [ RunTime:0.000000s ]
INFO: [ app_begin ] --START--
INFO: Run Behavior\ReadHtmlCacheBehavior [ RunTime:0.000000s ]
INFO: [ app_begin ] --END-- [ RunTime:0.000000s ]
SQL: SHOW COLUMNS FROM `v_goods_list` [ RunTime:0.0000s ]
SQL: SELECT `name`,`price`,`cover`,`brand_name`,`original_price` FROM `v_goods_list` WHERE `id` = 1 LIMIT 1   [ RunTime:0.0000s ]
SQL: SHOW COLUMNS FROM `goods_cat` [ RunTime:0.0000s ]
SQL: SELECT * FROM `goods_cat` WHERE `is_del` = 0 ORDER BY `id` ASC  [ RunTime:0.0000s ]
INFO: [ view_parse ] --START--
INFO: [ template_filter ] --START--
INFO: Run Behavior\ContentReplaceBehavior [ RunTime:0.000000s ]
INFO: [ template_filter ] --END-- [ RunTime:0.000000s ]
INFO: Run Behavior\ParseTemplateBehavior [ RunTime:0.000000s ]
INFO: [ view_parse ] --END-- [ RunTime:0.000000s ]
INFO: [ view_filter ] --START--
INFO: Run Behavior\WriteHtmlCacheBehavior [ RunTime:0.000000s ]
INFO: [ view_filter ] --END-- [ RunTime:0.000000s ]
INFO: [ app_end ] --START--
INFO: Run Behavior\ShowPageTraceBehavior [ RunTime:0.000000s ]
INFO: [ app_end ] --END-- [ RunTime:0.000000s ]

[ 2017-09-01T10:02:37+08:00 ] 127.0.0.1 /index.php?m=Home&c=goods&a=index&cat=1
INFO: [ app_init ] --START--
INFO: Run Behavior\BuildLiteBehavior [ RunTime:0.000000s ]
INFO: [ app_init ] --END-- [ RunTime:0.015625s ]
INFO: [ app_begin ] --START--
INFO: Run Behavior\ReadHtmlCacheBehavior [ RunTime:0.000000s ]
INFO: [ app_begin ] --END-- [ RunTime:0.000000s ]
SQL: SHOW COLUMNS FROM `v_goods_list` [ RunTime:0.0000s ]
SQL: SELECT * FROM `v_goods_list` WHERE `is_del` = 0 AND `status` = 0 AND `cat_id` = 1 ORDER BY `id` DESC LIMIT 0,9   [ RunTime:0.0000s ]
SQL: SELECT COUNT(*) AS tp_count FROM `v_goods_list` WHERE `is_del` = 0 AND `status` = 0 AND `cat_id` = 1 LIMIT 1   [ RunTime:0.0000s ]
SQL: SHOW COLUMNS FROM `goods_cat` [ RunTime:0.0000s ]
SQL: SELECT * FROM `goods_cat` WHERE `is_del` = 0 ORDER BY `id` ASC  [ RunTime:0.0000s ]
INFO: [ view_parse ] --START--
INFO: [ template_filter ] --START--
INFO: Run Behavior\ContentReplaceBehavior [ RunTime:0.000000s ]
INFO: [ template_filter ] --END-- [ RunTime:0.000000s ]
NOTIC: [8] Use of undefined constant cat - assumed 'cat' D:\Project\mall\Application\Runtime\Cache\Home\63839bc489ada1b251c78e0251f28b7d.php 第 79 行.
NOTIC: [8] Use of undefined constant cat - assumed 'cat' D:\Project\mall\Application\Runtime\Cache\Home\63839bc489ada1b251c78e0251f28b7d.php 第 79 行.
NOTIC: [8] Use of undefined constant cat - assumed 'cat' D:\Project\mall\Application\Runtime\Cache\Home\63839bc489ada1b251c78e0251f28b7d.php 第 79 行.
NOTIC: [8] Use of undefined constant cat - assumed 'cat' D:\Project\mall\Application\Runtime\Cache\Home\63839bc489ada1b251c78e0251f28b7d.php 第 79 行.
NOTIC: [8] Use of undefined constant cat - assumed 'cat' D:\Project\mall\Application\Runtime\Cache\Home\63839bc489ada1b251c78e0251f28b7d.php 第 79 行.
NOTIC: [8] Use of undefined constant id - assumed 'id' D:\Project\mall\Application\Runtime\Cache\Home\63839bc489ada1b251c78e0251f28b7d.php 第 111 行.
NOTIC: [8] Use of undefined constant id - assumed 'id' D:\Project\mall\Application\Runtime\Cache\Home\63839bc489ada1b251c78e0251f28b7d.php 第 111 行.
NOTIC: [8] Use of undefined constant id - assumed 'id' D:\Project\mall\Application\Runtime\Cache\Home\63839bc489ada1b251c78e0251f28b7d.php 第 111 行.
NOTIC: [8] Use of undefined constant id - assumed 'id' D:\Project\mall\Application\Runtime\Cache\Home\63839bc489ada1b251c78e0251f28b7d.php 第 111 行.
NOTIC: [8] Use of undefined constant id - assumed 'id' D:\Project\mall\Application\Runtime\Cache\Home\63839bc489ada1b251c78e0251f28b7d.php 第 111 行.
INFO: Run Behavior\ParseTemplateBehavior [ RunTime:0.000000s ]
INFO: [ view_parse ] --END-- [ RunTime:0.000000s ]
INFO: [ view_filter ] --START--
INFO: Run Behavior\WriteHtmlCacheBehavior [ RunTime:0.000000s ]
INFO: [ view_filter ] --END-- [ RunTime:0.000000s ]
INFO: [ app_end ] --START--
INFO: Run Behavior\ShowPageTraceBehavior [ RunTime:0.000000s ]
INFO: [ app_end ] --END-- [ RunTime:0.000000s ]

[ 2017-09-01T10:02:40+08:00 ] 127.0.0.1 /index.php?m=Home&c=cart&a=index
INFO: [ app_init ] --START--
INFO: Run Behavior\BuildLiteBehavior [ RunTime:0.000000s ]
INFO: [ app_init ] --END-- [ RunTime:0.000000s ]
INFO: [ app_begin ] --START--
INFO: Run Behavior\ReadHtmlCacheBehavior [ RunTime:0.000000s ]
INFO: [ app_begin ] --END-- [ RunTime:0.000000s ]
SQL: SHOW COLUMNS FROM `goods_cat` [ RunTime:0.0000s ]
SQL: SELECT * FROM `goods_cat` WHERE `is_del` = 0 ORDER BY `id` ASC  [ RunTime:0.0000s ]
INFO: [ view_parse ] --START--
INFO: [ template_filter ] --START--
INFO: Run Behavior\ContentReplaceBehavior [ RunTime:0.000000s ]
INFO: [ template_filter ] --END-- [ RunTime:0.000000s ]
NOTIC: [8] Use of undefined constant cat - assumed 'cat' D:\Project\mall\Application\Runtime\Cache\Home\6f105010063b4e4da2af04cb5dd2d5a4.php 第 79 行.
NOTIC: [8] Use of undefined constant cat - assumed 'cat' D:\Project\mall\Application\Runtime\Cache\Home\6f105010063b4e4da2af04cb5dd2d5a4.php 第 79 行.
NOTIC: [8] Use of undefined constant cat - assumed 'cat' D:\Project\mall\Application\Runtime\Cache\Home\6f105010063b4e4da2af04cb5dd2d5a4.php 第 79 行.
NOTIC: [8] Use of undefined constant cat - assumed 'cat' D:\Project\mall\Application\Runtime\Cache\Home\6f105010063b4e4da2af04cb5dd2d5a4.php 第 79 行.
NOTIC: [8] Use of undefined constant cat - assumed 'cat' D:\Project\mall\Application\Runtime\Cache\Home\6f105010063b4e4da2af04cb5dd2d5a4.php 第 79 行.
INFO: Run Behavior\ParseTemplateBehavior [ RunTime:0.000000s ]
INFO: [ view_parse ] --END-- [ RunTime:0.000000s ]
INFO: [ view_filter ] --START--
INFO: Run Behavior\WriteHtmlCacheBehavior [ RunTime:0.000000s ]
INFO: [ view_filter ] --END-- [ RunTime:0.000000s ]
INFO: [ app_end ] --START--
INFO: Run Behavior\ShowPageTraceBehavior [ RunTime:0.000000s ]
INFO: [ app_end ] --END-- [ RunTime:0.000000s ]

[ 2017-09-01T10:02:47+08:00 ] 127.0.0.1 /index.php?m=Home&c=order&a=create
INFO: [ app_init ] --START--
INFO: Run Behavior\BuildLiteBehavior [ RunTime:0.000000s ]
INFO: [ app_init ] --END-- [ RunTime:0.000000s ]
INFO: [ app_begin ] --START--
INFO: Run Behavior\ReadHtmlCacheBehavior [ RunTime:0.000000s ]
INFO: [ app_begin ] --END-- [ RunTime:0.000000s ]
SQL: SHOW COLUMNS FROM `address` [ RunTime:0.0000s ]
SQL: SELECT * FROM `address` WHERE `user_id` = 1 ORDER BY `is_default` DESC, `id` ASC  [ RunTime:0.0000s ]
SQL: SHOW COLUMNS FROM `goods_cat` [ RunTime:0.0000s ]
SQL: SELECT * FROM `goods_cat` WHERE `is_del` = 0 ORDER BY `id` ASC  [ RunTime:0.0000s ]
INFO: [ view_parse ] --START--
INFO: [ template_filter ] --START--
INFO: Run Behavior\ContentReplaceBehavior [ RunTime:0.000000s ]
INFO: [ template_filter ] --END-- [ RunTime:0.000000s ]
NOTIC: [8] Use of undefined constant cat - assumed 'cat' D:\Project\mall\Application\Runtime\Cache\Home\a730c022b708aa9e4cb18f7a0946d324.php 第 79 行.
NOTIC: [8] Use of undefined constant cat - assumed 'cat' D:\Project\mall\Application\Runtime\Cache\Home\a730c022b708aa9e4cb18f7a0946d324.php 第 79 行.
NOTIC: [8] Use of undefined constant cat - assumed 'cat' D:\Project\mall\Application\Runtime\Cache\Home\a730c022b708aa9e4cb18f7a0946d324.php 第 79 行.
NOTIC: [8] Use of undefined constant cat - assumed 'cat' D:\Project\mall\Application\Runtime\Cache\Home\a730c022b708aa9e4cb18f7a0946d324.php 第 79 行.
NOTIC: [8] Use of undefined constant cat - assumed 'cat' D:\Project\mall\Application\Runtime\Cache\Home\a730c022b708aa9e4cb18f7a0946d324.php 第 79 行.
INFO: Run Behavior\ParseTemplateBehavior [ RunTime:0.015625s ]
INFO: [ view_parse ] --END-- [ RunTime:0.015625s ]
INFO: [ view_filter ] --START--
INFO: Run Behavior\WriteHtmlCacheBehavior [ RunTime:0.000000s ]
INFO: [ view_filter ] --END-- [ RunTime:0.000000s ]
INFO: [ app_end ] --START--
INFO: Run Behavior\ShowPageTraceBehavior [ RunTime:0.000000s ]
INFO: [ app_end ] --END-- [ RunTime:0.000000s ]

[ 2017-09-01T10:02:52+08:00 ] 127.0.0.1 /index.php?m=Home&c=order&a=create
INFO: [ app_init ] --START--
INFO: Run Behavior\BuildLiteBehavior [ RunTime:0.000000s ]
INFO: [ app_init ] --END-- [ RunTime:0.000000s ]
INFO: [ app_begin ] --START--
INFO: Run Behavior\ReadHtmlCacheBehavior [ RunTime:0.000000s ]
INFO: [ app_begin ] --END-- [ RunTime:0.000000s ]
SQL: SHOW COLUMNS FROM `order` [ RunTime:0.0000s ]
SQL: INSERT INTO `order` (`goods_num`,`amount`,`user_id`,`address_id`,`status`,`is_del`) VALUES ('2','189','1','1','0','0') [ RunTime:0.0313s ]
SQL: SHOW COLUMNS FROM `order_goods` [ RunTime:0.0156s ]
SQL: INSERT INTO `order_goods` (`goods_id`,`num`,`order_id`) VALUES ('10','1','3'),('1','1','3') [ RunTime:0.0000s ]
SQL: SHOW COLUMNS FROM `goods_cat` [ RunTime:0.0000s ]
SQL: SELECT * FROM `goods_cat` WHERE `is_del` = 0 ORDER BY `id` ASC  [ RunTime:0.0000s ]
INFO: [ view_parse ] --START--
INFO: [ template_filter ] --START--
INFO: Run Behavior\ContentReplaceBehavior [ RunTime:0.000000s ]
INFO: [ template_filter ] --END-- [ RunTime:0.000000s ]
INFO: Run Behavior\ParseTemplateBehavior [ RunTime:0.000000s ]
INFO: [ view_parse ] --END-- [ RunTime:0.000000s ]
INFO: [ view_filter ] --START--
INFO: Run Behavior\WriteHtmlCacheBehavior [ RunTime:0.000000s ]
INFO: [ view_filter ] --END-- [ RunTime:0.000000s ]
INFO: [ app_end ] --START--
INFO: Run Behavior\ShowPageTraceBehavior [ RunTime:0.000000s ]
INFO: [ app_end ] --END-- [ RunTime:0.000000s ]

[ 2017-09-01T10:02:54+08:00 ] 127.0.0.1 /index.php?m=Home&c=Order&a=pay&order_id=3
INFO: [ app_init ] --START--
INFO: Run Behavior\BuildLiteBehavior [ RunTime:0.000000s ]
INFO: [ app_init ] --END-- [ RunTime:0.000000s ]
INFO: [ app_begin ] --START--
INFO: Run Behavior\ReadHtmlCacheBehavior [ RunTime:0.000000s ]
INFO: [ app_begin ] --END-- [ RunTime:0.000000s ]
SQL: SHOW COLUMNS FROM `goods_cat` [ RunTime:0.0000s ]
SQL: SELECT * FROM `goods_cat` WHERE `is_del` = 0 ORDER BY `id` ASC  [ RunTime:0.0000s ]
INFO: [ view_parse ] --START--
INFO: [ template_filter ] --START--
INFO: Run Behavior\ContentReplaceBehavior [ RunTime:0.000000s ]
INFO: [ template_filter ] --END-- [ RunTime:0.000000s ]
NOTIC: [8] Use of undefined constant cat - assumed 'cat' D:\Project\mall\Application\Runtime\Cache\Home\5400fb17a5b783e4e20ed1d72b9d99ce.php 第 79 行.
NOTIC: [8] Use of undefined constant cat - assumed 'cat' D:\Project\mall\Application\Runtime\Cache\Home\5400fb17a5b783e4e20ed1d72b9d99ce.php 第 79 行.
NOTIC: [8] Use of undefined constant cat - assumed 'cat' D:\Project\mall\Application\Runtime\Cache\Home\5400fb17a5b783e4e20ed1d72b9d99ce.php 第 79 行.
NOTIC: [8] Use of undefined constant cat - assumed 'cat' D:\Project\mall\Application\Runtime\Cache\Home\5400fb17a5b783e4e20ed1d72b9d99ce.php 第 79 行.
NOTIC: [8] Use of undefined constant cat - assumed 'cat' D:\Project\mall\Application\Runtime\Cache\Home\5400fb17a5b783e4e20ed1d72b9d99ce.php 第 79 行.
INFO: Run Behavior\ParseTemplateBehavior [ RunTime:0.000000s ]
INFO: [ view_parse ] --END-- [ RunTime:0.000000s ]
INFO: [ view_filter ] --START--
INFO: Run Behavior\WriteHtmlCacheBehavior [ RunTime:0.000000s ]
INFO: [ view_filter ] --END-- [ RunTime:0.000000s ]
INFO: [ app_end ] --START--
INFO: Run Behavior\ShowPageTraceBehavior [ RunTime:0.000000s ]
INFO: [ app_end ] --END-- [ RunTime:0.000000s ]

[ 2017-09-01T10:03:00+08:00 ] 127.0.0.1 /index.php?m=Home&c=Order&a=pay&order_id=3
INFO: [ app_init ] --START--
INFO: Run Behavior\BuildLiteBehavior [ RunTime:0.000000s ]
INFO: [ app_init ] --END-- [ RunTime:0.000000s ]
INFO: [ app_begin ] --START--
INFO: Run Behavior\ReadHtmlCacheBehavior [ RunTime:0.000000s ]
INFO: [ app_begin ] --END-- [ RunTime:0.000000s ]
SQL: SHOW COLUMNS FROM `order` [ RunTime:0.0000s ]
SQL: UPDATE `order` SET `status`='1' WHERE `id` = 3 [ RunTime:0.0156s ]
SQL: SHOW COLUMNS FROM `goods_cat` [ RunTime:0.0000s ]
SQL: SELECT * FROM `goods_cat` WHERE `is_del` = 0 ORDER BY `id` ASC  [ RunTime:0.0000s ]
INFO: [ view_parse ] --START--
INFO: [ template_filter ] --START--
INFO: Run Behavior\ContentReplaceBehavior [ RunTime:0.000000s ]
INFO: [ template_filter ] --END-- [ RunTime:0.000000s ]
INFO: Run Behavior\ParseTemplateBehavior [ RunTime:0.000000s ]
INFO: [ view_parse ] --END-- [ RunTime:0.000000s ]
INFO: [ view_filter ] --START--
INFO: Run Behavior\WriteHtmlCacheBehavior [ RunTime:0.000000s ]
INFO: [ view_filter ] --END-- [ RunTime:0.000000s ]
SQL: SELECT * FROM `goods_cat` WHERE `is_del` = 0 ORDER BY `id` ASC  [ RunTime:0.0000s ]
INFO: [ view_parse ] --START--
INFO: [ template_filter ] --START--
INFO: Run Behavior\ContentReplaceBehavior [ RunTime:0.000000s ]
INFO: [ template_filter ] --END-- [ RunTime:0.000000s ]
NOTIC: [8] Use of undefined constant cat - assumed 'cat' D:\Project\mall\Application\Runtime\Cache\Home\5400fb17a5b783e4e20ed1d72b9d99ce.php 第 79 行.
NOTIC: [8] Use of undefined constant cat - assumed 'cat' D:\Project\mall\Application\Runtime\Cache\Home\5400fb17a5b783e4e20ed1d72b9d99ce.php 第 79 行.
NOTIC: [8] Use of undefined constant cat - assumed 'cat' D:\Project\mall\Application\Runtime\Cache\Home\5400fb17a5b783e4e20ed1d72b9d99ce.php 第 79 行.
NOTIC: [8] Use of undefined constant cat - assumed 'cat' D:\Project\mall\Application\Runtime\Cache\Home\5400fb17a5b783e4e20ed1d72b9d99ce.php 第 79 行.
NOTIC: [8] Use of undefined constant cat - assumed 'cat' D:\Project\mall\Application\Runtime\Cache\Home\5400fb17a5b783e4e20ed1d72b9d99ce.php 第 79 行.
INFO: Run Behavior\ParseTemplateBehavior [ RunTime:0.000000s ]
INFO: [ view_parse ] --END-- [ RunTime:0.000000s ]
INFO: [ view_filter ] --START--
INFO: Run Behavior\WriteHtmlCacheBehavior [ RunTime:0.000000s ]
INFO: [ view_filter ] --END-- [ RunTime:0.000000s ]
INFO: [ app_end ] --START--
INFO: Run Behavior\ShowPageTraceBehavior [ RunTime:0.000000s ]
INFO: [ app_end ] --END-- [ RunTime:0.000000s ]

[ 2017-09-01T10:03:01+08:00 ] 127.0.0.1 /index.php?m=Home&c=Order&a=index
INFO: [ app_init ] --START--
INFO: Run Behavior\BuildLiteBehavior [ RunTime:0.000000s ]
INFO: [ app_init ] --END-- [ RunTime:0.000000s ]
INFO: [ app_begin ] --START--
INFO: Run Behavior\ReadHtmlCacheBehavior [ RunTime:0.000000s ]
INFO: [ app_begin ] --END-- [ RunTime:0.000000s ]
ERR: 非法操作:index

